2021-10-14 11:32:49,105 INFO {"solution": [0, 1, 1, 1, 1, 1, 1, 0, 0, 1, 0, 0, 1, 0, 0, 0, 1, 0, 1, 0, 1, "conv3x3-bn-relu", "conv3x3-bn-relu", "conv3x3-bn-relu", "conv3x3-bn-relu", "conv3x3-bn-relu"], "test_accuracy": [0.9396033883094788], "epochs": 108}
2021-10-14 11:33:57,211 INFO {"solution": [0, 0, 0, 1, 1, 1, 1, 0, 1, 1, 1, 0, 1, 0, 1, 0, 1, 0, 1, 0, 1, "conv1x1-bn-relu", "conv3x3-bn-relu", "maxpool3x3", "conv3x3-bn-relu", "conv1x1-bn-relu"], "test_accuracy": [0.9353966116905212], "epochs": 108}
2021-10-14 11:44:59,201 INFO {"solution": [0, 0, 0, 1, 1, 1, 0, 0, 0, 1, 1, 0, 1, 1, 1, 0, 0, 0, 1, 0, 1, "maxpool3x3", "conv1x1-bn-relu", "conv1x1-bn-relu", "conv3x3-bn-relu", "conv1x1-bn-relu"], "test_accuracy": [0.9353966116905212], "epochs": 108}
2021-10-14 11:34:05,518 INFO {"solution": [0, 0, 0, 1, 1, 1, 0, 0, 0, 1, 1, 0, 1, 0, 1, 0, 0, 0, 1, 0, 1, "maxpool3x3", "conv1x1-bn-relu", "conv1x1-bn-relu", "conv3x3-bn-relu", "conv1x1-bn-relu"], "test_accuracy": [0.9250801205635071], "epochs": 108}
2021-10-14 11:34:13,801 INFO {"solution": [0, 0, 1, 1, 1, 1, 1, 0, 0, 0, 1, 1, 1, 0, 1, 1, 1, 0, 1, 0, 1, "conv1x1-bn-relu", "maxpool3x3", "conv1x1-bn-relu", "conv3x3-bn-relu", "conv3x3-bn-relu"], "test_accuracy": [0.9443109035491943], "epochs": 108}
2021-10-14 11:34:21,922 INFO {"solution": [0, 1, 1, 1, 0, 1, 0, 1, 1, 0, 1, 0, 1, 1, 0, 1, 0, 0, 1, 1, 0, "conv3x3-bn-relu", "conv3x3-bn-relu", "conv3x3-bn-relu", "conv3x3-bn-relu", "conv1x1-bn-relu"], "test_accuracy": [0.9403044581413269], "epochs": 108}
2021-10-14 11:34:29,778 INFO {"solution": [0, 0, 0, 1, 1, 1, 0, 0, 0, 1, 1, 0, 1, 1, 1, 0, 0, 0, 1, 0, 1, "maxpool3x3", "conv1x1-bn-relu", "conv1x1-bn-relu", "conv3x3-bn-relu", "conv1x1-bn-relu"], "test_accuracy": [0.9378004670143127], "epochs": 108}
2021-10-14 11:34:37,869 INFO {"solution": [0, 1, 1, 1, 1, 1, 1, 1, 1, 0, 1, 0, 1, 0, 0, 0, 1, 0, 1, 0, 1, "conv3x3-bn-relu", "conv3x3-bn-relu", "conv1x1-bn-relu", "conv3x3-bn-relu", "conv1x1-bn-relu"], "test_accuracy": [0.9397035241127014], "epochs": 108}
2021-10-14 11:34:46,098 INFO {"solution": [1, 0, 1, 0, 1, 1, 0, 0, 1, 1, 0, 0, 1, 0, 1, 1, 0, 0, 1, 0, 1, "conv1x1-bn-relu", "conv3x3-bn-relu", "conv3x3-bn-relu", "conv3x3-bn-relu", "conv1x1-bn-relu"], "test_accuracy": [0.9388020634651184], "epochs": 108}
2021-10-14 11:34:54,207 INFO {"solution": [0, 1, 1, 1, 1, 1, 1, 0, 1, 0, 0, 0, 1, 0, 0, 0, 1, 0, 1, 0, 1, "conv1x1-bn-relu", "conv3x3-bn-relu", "conv3x3-bn-relu", "conv3x3-bn-relu", "conv3x3-bn-relu"], "test_accuracy": [0.9396033883094788], "epochs": 108}
2021-10-14 11:35:02,246 INFO {"solution": [0, 1, 1, 0, 0, 1, 1, 0, 1, 1, 1, 1, 0, 0, 0, 0, 1, 1, 0, 1, 0, "maxpool3x3", "conv3x3-bn-relu", "conv3x3-bn-relu", "conv3x3-bn-relu", "conv1x1-bn-relu"], "test_accuracy": [0.9395031929016113], "epochs": 108}
2021-10-14 11:35:11,033 INFO {"solution": [0, 1, 1, 0, 1, 0, 1, 1, 1, 0, 0, 0, 1, 0, 1, 0, 1, 0, 1, 0, 1, "conv1x1-bn-relu", "conv1x1-bn-relu", "conv3x3-bn-relu", "conv3x3-bn-relu", "conv3x3-bn-relu"], "test_accuracy": [0.9361979365348816], "epochs": 108}
2021-10-14 11:32:56,722 INFO {"solution": [1, 1, 1, 1, 0, 1, 0, 0, 0, 0, 0, 0, 1, 0, 0, 0, 1, 0, 1, 0, 1, "maxpool3x3", "conv3x3-bn-relu", "conv3x3-bn-relu", "conv3x3-bn-relu", "conv1x1-bn-relu"], "test_accuracy": [0.9379006624221802], "epochs": 108}
2021-10-14 11:35:18,718 INFO {"solution": [0, 0, 0, 1, 1, 1, 0, 0, 0, 1, 1, 0, 1, 1, 1, 0, 0, 0, 1, 0, 1, "maxpool3x3", "conv1x1-bn-relu", "conv1x1-bn-relu", "conv3x3-bn-relu", "conv1x1-bn-relu"], "test_accuracy": [0.9250801205635071], "epochs": 108}
2021-10-14 11:35:25,988 INFO {"solution": [0, 1, 1, 1, 0, 1, 1, 0, 0, 0, 0, 0, 1, 0, 0, 0, 1, 0, 1, 0, 1, "conv1x1-bn-relu", "conv3x3-bn-relu", "conv3x3-bn-relu", "conv3x3-bn-relu", "conv1x1-bn-relu"], "test_accuracy": [0.9426081776618958], "epochs": 108}
2021-10-14 11:35:33,559 INFO {"solution": [1, 0, 0, 1, 1, 1, 0, 0, 1, 1, 0, 0, 1, 1, 1, 1, 0, 1, 1, 0, 1, "conv3x3-bn-relu", "conv1x1-bn-relu", "conv3x3-bn-relu", "conv1x1-bn-relu", "conv3x3-bn-relu"], "test_accuracy": [0.9376001358032227], "epochs": 108}
2021-10-14 11:35:41,155 INFO {"solution": [0, 0, 0, 1, 1, 1, 0, 0, 0, 1, 1, 0, 1, 1, 1, 0, 0, 0, 1, 0, 1, "maxpool3x3", "conv1x1-bn-relu", "conv1x1-bn-relu", "conv3x3-bn-relu", "conv1x1-bn-relu"], "test_accuracy": [0.9250801205635071], "epochs": 108}
2021-10-14 11:35:48,952 INFO {"solution": [0, 1, 1, 1, 1, 1, 1, 0, 0, 0, 1, 0, 1, 0, 0, 0, 1, 0, 1, 0, 1, "conv1x1-bn-relu", "conv3x3-bn-relu", "conv3x3-bn-relu", "conv3x3-bn-relu", "conv3x3-bn-relu"], "test_accuracy": [0.9396033883094788], "epochs": 108}
2021-10-14 11:35:57,129 INFO {"solution": [0, 0, 1, 1, 1, 1, 1, 0, 1, 1, 0, 0, 1, 0, 1, 0, 1, 0, 1, 0, 1, "conv1x1-bn-relu", "maxpool3x3", "conv3x3-bn-relu", "conv3x3-bn-relu", "conv3x3-bn-relu"], "test_accuracy": [0.9417067170143127], "epochs": 108}
2021-10-14 11:36:05,647 INFO {"solution": [0, 1, 1, 1, 1, 1, 0, 0, 0, 0, 1, 0, 1, 0, 0, 0, 1, 0, 0, 0, 1, "conv1x1-bn-relu", "conv3x3-bn-relu", "conv3x3-bn-relu", "conv3x3-bn-relu", "conv1x1-bn-relu"], "test_accuracy": [0.9250801205635071], "epochs": 108}
2021-10-14 11:36:13,577 INFO {"solution": [0, 0, 0, 1, 1, 1, 0, 0, 0, 1, 1, 0, 1, 1, 1, 0, 0, 0, 1, 0, 1, "maxpool3x3", "conv1x1-bn-relu", "conv1x1-bn-relu", "conv3x3-bn-relu", "conv1x1-bn-relu"], "test_accuracy": [0.9250801205635071], "epochs": 108}
2021-10-14 11:36:20,631 INFO {"solution": [0, 1, 1, 1, 1, 1, 1, 0, 0, 0, 0, 0, 1, 0, 0, 0, 1, 0, 0, 1, 1, "conv1x1-bn-relu", "conv3x3-bn-relu", "conv1x1-bn-relu", "conv3x3-bn-relu", "conv3x3-bn-relu"], "test_accuracy": [0.9401041865348816], "epochs": 108}
2021-10-14 11:36:28,214 INFO {"solution": [0, 1, 1, 1, 1, 1, 1, 0, 0, 1, 0, 0, 0, 1, 0, 1, 0, 0, 1, 0, 1, "conv1x1-bn-relu", "conv1x1-bn-relu", "conv3x3-bn-relu", "conv3x3-bn-relu", "conv1x1-bn-relu"], "test_accuracy": [0.9397035241127014], "epochs": 108}
2021-10-14 11:33:04,190 INFO {"solution": [0, 1, 1, 1, 1, 1, 1, 0, 0, 1, 0, 1, 0, 0, 0, 0, 1, 0, 1, 0, 1, "conv1x1-bn-relu", "conv3x3-bn-relu", "conv3x3-bn-relu", "conv3x3-bn-relu", "conv3x3-bn-relu"], "test_accuracy": [0.9436097741127014], "epochs": 108}
2021-10-14 11:36:35,255 INFO {"solution": [0, 0, 0, 1, 1, 1, 0, 0, 0, 1, 1, 0, 1, 1, 1, 0, 0, 0, 1, 0, 1, "maxpool3x3", "conv1x1-bn-relu", "conv1x1-bn-relu", "conv3x3-bn-relu", "conv1x1-bn-relu"], "test_accuracy": [0.9250801205635071], "epochs": 108}
2021-10-14 11:36:42,155 INFO {"solution": [1, 0, 1, 0, 1, 1, 0, 1, 1, 0, 0, 0, 1, 1, 0, 0, 0, 0, 1, 0, 1, "conv3x3-bn-relu", "conv1x1-bn-relu", "conv1x1-bn-relu", "conv1x1-bn-relu", "conv3x3-bn-relu"], "test_accuracy": [0.9359976053237915], "epochs": 108}
2021-10-14 11:36:49,643 INFO {"solution": [0, 0, 0, 1, 1, 1, 0, 0, 0, 1, 1, 0, 1, 1, 1, 0, 0, 0, 1, 0, 1, "maxpool3x3", "conv1x1-bn-relu", "conv1x1-bn-relu", "conv3x3-bn-relu", "conv1x1-bn-relu"], "test_accuracy": [0.9353966116905212], "epochs": 108}
2021-10-14 11:36:58,217 INFO {"solution": [0, 0, 0, 1, 1, 1, 0, 0, 0, 1, 1, 0, 1, 1, 1, 0, 0, 0, 1, 0, 1, "maxpool3x3", "conv1x1-bn-relu", "conv1x1-bn-relu", "conv3x3-bn-relu", "conv1x1-bn-relu"], "test_accuracy": [0.9353966116905212], "epochs": 108}
2021-10-14 11:37:05,137 INFO {"solution": [1, 1, 0, 1, 1, 1, 1, 0, 1, 1, 0, 0, 1, 1, 0, 1, 1, 1, 0, 1, 0, "conv1x1-bn-relu", "conv3x3-bn-relu", "conv1x1-bn-relu", "conv3x3-bn-relu", "conv1x1-bn-relu"], "test_accuracy": [0.9412059187889099], "epochs": 108}
2021-10-14 11:37:12,537 INFO {"solution": [0, 1, 1, 1, 0, 1, 0, 1, 0, 0, 0, 0, 1, 0, 0, 0, 1, 0, 1, 0, 1, "conv3x3-bn-relu", "conv3x3-bn-relu", "conv3x3-bn-relu", "conv3x3-bn-relu", "conv3x3-bn-relu"], "test_accuracy": [0.9407051205635071], "epochs": 108}
2021-10-14 11:37:19,614 INFO {"solution": [0, 1, 1, 1, 1, 1, 1, 0, 0, 0, 0, 0, 1, 1, 0, 0, 0, 0, 1, 0, 1, "maxpool3x3", "conv3x3-bn-relu", "conv3x3-bn-relu", "conv1x1-bn-relu", "conv3x3-bn-relu"], "test_accuracy": [0.9348958134651184], "epochs": 108}
2021-10-14 11:37:26,984 INFO {"solution": [0, 1, 0, 1, 0, 1, 0, 0, 0, 0, 1, 0, 1, 0, 0, 1, 1, 1, 0, 1, 0, "maxpool3x3", "conv3x3-bn-relu", "conv1x1-bn-relu", "conv3x3-bn-relu", "conv1x1-bn-relu"], "test_accuracy": [0.9395031929016113], "epochs": 108}
2021-10-14 11:37:34,214 INFO {"solution": [0, 1, 1, 1, 0, 1, 1, 0, 0, 1, 1, 1, 0, 0, 0, 0, 1, 0, 1, 0, 1, "conv3x3-bn-relu", "conv3x3-bn-relu", "conv3x3-bn-relu", "conv3x3-bn-relu", "conv1x1-bn-relu"], "test_accuracy": [0.9426081776618958], "epochs": 108}
2021-10-14 11:37:41,252 INFO {"solution": [0, 0, 1, 1, 0, 1, 1, 0, 1, 0, 0, 0, 0, 0, 1, 1, 1, 0, 0, 1, 0, "conv1x1-bn-relu", "conv3x3-bn-relu", "conv3x3-bn-relu", "conv3x3-bn-relu", "conv1x1-bn-relu"], "test_accuracy": [0.9297876358032227], "epochs": 108}
2021-10-14 11:33:11,429 INFO {"solution": [0, 0, 0, 1, 1, 1, 0, 0, 0, 0, 0, 0, 0, 0, 1, 0, 1, 0, 1, 0, 1, "conv1x1-bn-relu", "conv3x3-bn-relu", "conv3x3-bn-relu", "conv3x3-bn-relu", "conv1x1-bn-relu"], "test_accuracy": [0.9353966116905212], "epochs": 108}
2021-10-14 11:37:48,428 INFO {"solution": [0, 1, 1, 1, 1, 1, 1, 1, 0, 0, 1, 0, 1, 0, 0, 0, 1, 0, 1, 0, 1, "conv1x1-bn-relu", "conv3x3-bn-relu", "conv1x1-bn-relu", "conv3x3-bn-relu", "conv1x1-bn-relu"], "test_accuracy": [0.9397035241127014], "epochs": 108}
2021-10-14 11:37:55,893 INFO {"solution": [0, 0, 0, 1, 1, 1, 0, 0, 0, 1, 1, 0, 1, 1, 1, 0, 0, 0, 1, 0, 1, "maxpool3x3", "conv1x1-bn-relu", "conv1x1-bn-relu", "conv3x3-bn-relu", "conv1x1-bn-relu"], "test_accuracy": [0.9378004670143127], "epochs": 108}
2021-10-14 11:38:03,217 INFO {"solution": [1, 1, 1, 1, 1, 1, 0, 0, 0, 0, 0, 0, 1, 0, 0, 0, 1, 0, 1, 0, 1, "conv3x3-bn-relu", "conv3x3-bn-relu", "conv1x1-bn-relu", "conv3x3-bn-relu", "conv1x1-bn-relu"], "test_accuracy": [0.9432091116905212], "epochs": 108}
2021-10-14 11:38:10,125 INFO {"solution": [0, 0, 1, 1, 0, 1, 1, 0, 1, 0, 1, 0, 0, 1, 1, 1, 1, 0, 1, 1, 0, "conv1x1-bn-relu", "conv1x1-bn-relu", "conv3x3-bn-relu", "conv3x3-bn-relu", "conv1x1-bn-relu"], "test_accuracy": [0.9297876358032227], "epochs": 108}
2021-10-14 11:38:17,096 INFO {"solution": [0, 0, 0, 1, 1, 1, 0, 0, 0, 0, 1, 0, 1, 1, 1, 0, 0, 0, 1, 0, 1, "maxpool3x3", "conv1x1-bn-relu", "conv1x1-bn-relu", "conv3x3-bn-relu", "conv1x1-bn-relu"], "test_accuracy": [0.9250801205635071], "epochs": 108}
2021-10-14 11:38:24,045 INFO {"solution": [0, 0, 0, 1, 1, 1, 0, 0, 0, 1, 1, 0, 1, 1, 1, 0, 0, 0, 1, 0, 1, "maxpool3x3", "conv1x1-bn-relu", "conv1x1-bn-relu", "conv3x3-bn-relu", "conv1x1-bn-relu"], "test_accuracy": [0.9250801205635071], "epochs": 108}
2021-10-14 11:38:31,107 INFO {"solution": [0, 0, 0, 1, 1, 1, 1, 0, 0, 0, 0, 1, 1, 0, 1, 0, 0, 0, 1, 0, 1, "conv1x1-bn-relu", "conv3x3-bn-relu", "conv3x3-bn-relu", "conv3x3-bn-relu", "conv1x1-bn-relu"], "test_accuracy": [0.9378004670143127], "epochs": 108}
2021-10-14 11:38:38,349 INFO {"solution": [0, 1, 1, 1, 0, 1, 0, 0, 0, 0, 0, 0, 1, 0, 0, 0, 1, 0, 1, 0, 1, "conv1x1-bn-relu", "conv3x3-bn-relu", "conv3x3-bn-relu", "conv3x3-bn-relu", "conv1x1-bn-relu"], "test_accuracy": [0.9426081776618958], "epochs": 108}
2021-10-14 11:38:45,439 INFO {"solution": [1, 0, 0, 0, 1, 1, 0, 0, 0, 1, 0, 0, 0, 0, 0, 1, 0, 0, 0, 0, 1, "conv3x3-bn-relu", "conv1x1-bn-relu", "conv1x1-bn-relu", "conv1x1-bn-relu", "conv1x1-bn-relu"], "test_accuracy": [0.9250801205635071], "epochs": 108}
2021-10-14 11:38:52,727 INFO {"solution": [0, 0, 0, 1, 1, 1, 0, 0, 0, 1, 1, 0, 1, 1, 1, 0, 0, 0, 1, 0, 1, "maxpool3x3", "conv1x1-bn-relu", "conv1x1-bn-relu", "conv3x3-bn-relu", "conv1x1-bn-relu"], "test_accuracy": [0.9250801205635071], "epochs": 108}
2021-10-14 11:33:18,562 INFO {"solution": [0, 0, 0, 1, 1, 1, 1, 0, 1, 1, 1, 1, 0, 0, 1, 0, 1, 0, 1, 0, 1, "conv1x1-bn-relu", "conv3x3-bn-relu", "conv3x3-bn-relu", "conv3x3-bn-relu", "conv1x1-bn-relu"], "test_accuracy": [0.9378004670143127], "epochs": 108}
2021-10-14 11:39:00,082 INFO {"solution": [0, 0, 0, 1, 1, 1, 0, 0, 0, 1, 1, 0, 1, 1, 1, 0, 0, 0, 1, 0, 1, "maxpool3x3", "conv1x1-bn-relu", "conv1x1-bn-relu", "conv3x3-bn-relu", "conv1x1-bn-relu"], "test_accuracy": [0.9353966116905212], "epochs": 108}
2021-10-14 11:39:07,318 INFO {"solution": [1, 0, 1, 1, 1, 1, 0, 1, 0, 0, 0, 0, 1, 1, 1, 1, 0, 0, 1, 0, 1, "maxpool3x3", "maxpool3x3", "conv3x3-bn-relu", "conv1x1-bn-relu", "conv3x3-bn-relu"], "test_accuracy": [0.9438101053237915], "epochs": 108}
2021-10-14 11:39:14,552 INFO {"solution": [0, 0, 1, 1, 1, 1, 0, 0, 0, 0, 0, 0, 1, 0, 1, 0, 1, 0, 1, 0, 1, "conv1x1-bn-relu", "conv3x3-bn-relu", "conv3x3-bn-relu", "conv3x3-bn-relu", "conv3x3-bn-relu"], "test_accuracy": [0.942307710647583], "epochs": 108}
2021-10-14 11:39:21,775 INFO {"solution": [1, 1, 1, 1, 1, 1, 0, 1, 0, 0, 0, 1, 1, 0, 0, 1, 0, 1, 0, 0, 0, "conv3x3-bn-relu", "conv3x3-bn-relu", "conv3x3-bn-relu", "conv1x1-bn-relu", "conv1x1-bn-relu"], "test_accuracy": [0.9403044581413269], "epochs": 108}
2021-10-14 11:39:29,769 INFO {"solution": [0, 0, 0, 1, 1, 1, 1, 0, 0, 1, 1, 0, 1, 1, 1, 0, 0, 0, 1, 0, 1, "maxpool3x3", "conv1x1-bn-relu", "conv1x1-bn-relu", "conv3x3-bn-relu", "conv1x1-bn-relu"], "test_accuracy": [0.9378004670143127], "epochs": 108}
2021-10-14 11:39:37,071 INFO {"solution": [0, 1, 1, 0, 0, 1, 1, 1, 1, 0, 1, 1, 0, 0, 0, 0, 1, 1, 0, 1, 0, "conv1x1-bn-relu", "conv3x3-bn-relu", "conv1x1-bn-relu", "conv3x3-bn-relu", "conv3x3-bn-relu"], "test_accuracy": [0.9250801205635071], "epochs": 108}
2021-10-14 11:39:44,171 INFO {"solution": [0, 0, 0, 1, 1, 1, 0, 0, 0, 1, 1, 0, 1, 1, 1, 0, 0, 0, 1, 0, 1, "maxpool3x3", "conv1x1-bn-relu", "conv1x1-bn-relu", "conv3x3-bn-relu", "conv1x1-bn-relu"], "test_accuracy": [0.9250801205635071], "epochs": 108}
2021-10-14 11:39:51,334 INFO {"solution": [1, 0, 1, 1, 0, 1, 0, 1, 1, 0, 0, 0, 1, 0, 0, 1, 0, 0, 1, 1, 0, "conv1x1-bn-relu", "conv1x1-bn-relu", "conv3x3-bn-relu", "conv3x3-bn-relu", "conv1x1-bn-relu"], "test_accuracy": [0.9443109035491943], "epochs": 108}
2021-10-14 11:39:58,317 INFO {"solution": [0, 0, 0, 1, 1, 1, 1, 0, 1, 1, 1, 1, 1, 0, 1, 0, 1, 1, 1, 0, 1, "conv1x1-bn-relu", "conv3x3-bn-relu", "conv3x3-bn-relu", "conv3x3-bn-relu", "conv1x1-bn-relu"], "test_accuracy": [0.9353966116905212], "epochs": 108}
2021-10-14 11:40:05,415 INFO {"solution": [0, 0, 0, 1, 1, 1, 0, 0, 0, 1, 1, 0, 1, 1, 1, 0, 0, 0, 1, 0, 1, "maxpool3x3", "conv1x1-bn-relu", "conv1x1-bn-relu", "conv3x3-bn-relu", "conv1x1-bn-relu"], "test_accuracy": [0.9353966116905212], "epochs": 108}
2021-10-14 11:33:25,939 INFO {"solution": [0, 1, 0, 1, 1, 1, 0, 0, 1, 1, 0, 1, 0, 0, 0, 1, 0, 0, 1, 0, 1, "conv3x3-bn-relu", "conv3x3-bn-relu", "maxpool3x3", "conv3x3-bn-relu", "conv1x1-bn-relu"], "test_accuracy": [0.9420071840286255], "epochs": 108}
2021-10-14 11:40:12,361 INFO {"solution": [0, 0, 0, 1, 1, 1, 1, 0, 0, 1, 1, 0, 1, 1, 1, 0, 1, 0, 1, 0, 1, "conv1x1-bn-relu", "conv3x3-bn-relu", "conv3x3-bn-relu", "conv3x3-bn-relu", "conv1x1-bn-relu"], "test_accuracy": [0.9353966116905212], "epochs": 108}
2021-10-14 11:40:19,263 INFO {"solution": [0, 1, 1, 1, 1, 1, 1, 0, 1, 0, 0, 0, 1, 0, 0, 0, 1, 0, 1, 0, 1, "conv3x3-bn-relu", "conv3x3-bn-relu", "conv1x1-bn-relu", "conv3x3-bn-relu", "conv1x1-bn-relu"], "test_accuracy": [0.9397035241127014], "epochs": 108}
2021-10-14 11:40:26,196 INFO {"solution": [0, 1, 1, 1, 1, 1, 1, 0, 1, 1, 0, 1, 1, 1, 0, 0, 0, 1, 1, 0, 0, "maxpool3x3", "conv3x3-bn-relu", "conv3x3-bn-relu", "conv3x3-bn-relu", "conv1x1-bn-relu"], "test_accuracy": [0.9297876358032227], "epochs": 108}
2021-10-14 11:40:33,156 INFO {"solution": [0, 1, 1, 1, 1, 1, 0, 1, 1, 1, 0, 0, 1, 0, 0, 1, 0, 0, 1, 0, 1, "conv3x3-bn-relu", "conv3x3-bn-relu", "conv3x3-bn-relu", "conv3x3-bn-relu", "conv1x1-bn-relu"], "test_accuracy": [0.940504789352417], "epochs": 108}
2021-10-14 11:40:40,220 INFO {"solution": [1, 1, 1, 0, 1, 1, 1, 0, 0, 0, 0, 0, 1, 0, 0, 0, 0, 0, 1, 0, 1, "maxpool3x3", "conv3x3-bn-relu", "conv3x3-bn-relu", "conv3x3-bn-relu", "conv1x1-bn-relu"], "test_accuracy": [0.9386017918586731], "epochs": 108}
2021-10-14 11:40:47,401 INFO {"solution": [1, 1, 1, 1, 1, 1, 0, 1, 1, 0, 0, 0, 1, 1, 0, 0, 1, 0, 0, 0, 1, "conv3x3-bn-relu", "conv1x1-bn-relu", "conv3x3-bn-relu", "conv1x1-bn-relu", "conv1x1-bn-relu"], "test_accuracy": [0.9397035241127014], "epochs": 108}
2021-10-14 11:40:54,411 INFO {"solution": [0, 0, 0, 1, 1, 1, 0, 0, 0, 1, 1, 0, 1, 1, 1, 0, 0, 0, 1, 0, 1, "maxpool3x3", "conv1x1-bn-relu", "conv1x1-bn-relu", "conv3x3-bn-relu", "conv1x1-bn-relu"], "test_accuracy": [0.9353966116905212], "epochs": 108}
2021-10-14 11:41:01,466 INFO {"solution": [0, 0, 1, 0, 1, 1, 0, 0, 1, 1, 0, 0, 0, 1, 0, 0, 1, 0, 1, 1, 1, "maxpool3x3", "conv1x1-bn-relu", "conv3x3-bn-relu", "conv3x3-bn-relu", "conv1x1-bn-relu"], "test_accuracy": [0.9250801205635071], "epochs": 108}
2021-10-14 11:41:08,423 INFO {"solution": [0, 0, 0, 1, 1, 1, 0, 0, 0, 1, 1, 0, 1, 1, 1, 0, 0, 0, 1, 0, 1, "maxpool3x3", "conv1x1-bn-relu", "conv1x1-bn-relu", "conv3x3-bn-relu", "conv1x1-bn-relu"], "test_accuracy": [0.9378004670143127], "epochs": 108}
2021-10-14 11:41:15,252 INFO {"solution": [1, 0, 1, 1, 1, 0, 0, 0, 0, 1, 1, 0, 0, 0, 0, 1, 0, 0, 1, 1, 0, "conv3x3-bn-relu", "conv3x3-bn-relu", "conv3x3-bn-relu", "conv3x3-bn-relu", "conv3x3-bn-relu"], "test_accuracy": [0.9413061141967773], "epochs": 108}
2021-10-14 11:33:33,592 INFO {"solution": [0, 0, 0, 1, 1, 1, 0, 0, 0, 1, 1, 0, 1, 1, 1, 0, 0, 0, 1, 0, 1, "maxpool3x3", "conv1x1-bn-relu", "conv1x1-bn-relu", "conv3x3-bn-relu", "conv1x1-bn-relu"], "test_accuracy": [0.9353966116905212], "epochs": 108}
2021-10-14 11:41:22,241 INFO {"solution": [0, 1, 1, 1, 1, 1, 1, 0, 1, 0, 1, 0, 0, 0, 0, 1, 1, 0, 1, 0, 1, "conv3x3-bn-relu", "conv3x3-bn-relu", "conv1x1-bn-relu", "conv3x3-bn-relu", "conv3x3-bn-relu"], "test_accuracy": [0.9412059187889099], "epochs": 108}
2021-10-14 11:41:29,718 INFO {"solution": [0, 1, 1, 0, 1, 1, 0, 0, 0, 0, 0, 0, 1, 1, 0, 0, 1, 0, 1, 0, 1, "conv1x1-bn-relu", "conv3x3-bn-relu", "conv3x3-bn-relu", "conv3x3-bn-relu", "conv1x1-bn-relu"], "test_accuracy": [0.9347956776618958], "epochs": 108}
2021-10-14 11:41:36,869 INFO {"solution": [0, 0, 0, 1, 1, 1, 1, 0, 0, 1, 1, 0, 1, 1, 1, 0, 0, 0, 1, 0, 1, "maxpool3x3", "conv1x1-bn-relu", "conv1x1-bn-relu", "conv3x3-bn-relu", "conv1x1-bn-relu"], "test_accuracy": [0.9250801205635071], "epochs": 108}
2021-10-14 11:41:44,151 INFO {"solution": [0, 1, 1, 1, 1, 1, 0, 0, 0, 0, 0, 0, 1, 0, 0, 0, 1, 0, 1, 0, 1, "conv1x1-bn-relu", "conv3x3-bn-relu", "conv1x1-bn-relu", "conv3x3-bn-relu", "conv1x1-bn-relu"], "test_accuracy": [0.9397035241127014], "epochs": 108}
2021-10-14 11:41:51,520 INFO {"solution": [0, 1, 1, 1, 1, 0, 0, 1, 1, 1, 0, 1, 0, 0, 0, 0, 1, 0, 0, 1, 1, "maxpool3x3", "conv1x1-bn-relu", "conv3x3-bn-relu", "conv3x3-bn-relu", "conv3x3-bn-relu"], "test_accuracy": [0.9386017918586731], "epochs": 108}
2021-10-14 11:41:58,602 INFO {"solution": [0, 0, 0, 1, 1, 1, 0, 0, 0, 1, 1, 0, 1, 1, 1, 0, 0, 0, 1, 0, 1, "maxpool3x3", "conv1x1-bn-relu", "conv1x1-bn-relu", "conv3x3-bn-relu", "conv1x1-bn-relu"], "test_accuracy": [0.9353966116905212], "epochs": 108}
2021-10-14 11:42:05,579 INFO {"solution": [0, 0, 0, 1, 1, 1, 0, 0, 0, 1, 1, 0, 1, 1, 1, 0, 0, 0, 1, 0, 1, "maxpool3x3", "conv1x1-bn-relu", "conv1x1-bn-relu", "conv3x3-bn-relu", "conv1x1-bn-relu"], "test_accuracy": [0.9250801205635071], "epochs": 108}
2021-10-14 11:42:12,526 INFO {"solution": [1, 0, 1, 1, 1, 1, 0, 0, 0, 1, 0, 0, 1, 1, 0, 1, 0, 0, 1, 0, 1, "conv3x3-bn-relu", "maxpool3x3", "conv3x3-bn-relu", "conv3x3-bn-relu", "conv3x3-bn-relu"], "test_accuracy": [0.9438101053237915], "epochs": 108}
2021-10-14 11:42:19,596 INFO {"solution": [0, 1, 1, 0, 1, 1, 1, 1, 0, 0, 0, 0, 1, 1, 0, 0, 1, 0, 1, 0, 1, "conv1x1-bn-relu", "conv3x3-bn-relu", "conv3x3-bn-relu", "conv3x3-bn-relu", "conv1x1-bn-relu"], "test_accuracy": [0.9362980723381042], "epochs": 108}
2021-10-14 11:42:26,565 INFO {"solution": [0, 1, 1, 1, 0, 1, 1, 0, 0, 0, 0, 0, 1, 0, 0, 1, 1, 0, 1, 1, 0, "conv1x1-bn-relu", "conv3x3-bn-relu", "conv3x3-bn-relu", "conv3x3-bn-relu", "conv1x1-bn-relu"], "test_accuracy": [0.942307710647583], "epochs": 108}
2021-10-14 11:33:41,123 INFO {"solution": [1, 1, 0, 1, 1, 1, 0, 1, 1, 0, 0, 1, 1, 1, 0, 0, 1, 0, 0, 1, 0, "conv3x3-bn-relu", "conv3x3-bn-relu", "conv1x1-bn-relu", "conv3x3-bn-relu", "maxpool3x3"], "test_accuracy": [0.9417067170143127], "epochs": 108}
2021-10-14 11:42:33,591 INFO {"solution": [0, 1, 0, 1, 1, 1, 1, 0, 0, 1, 0, 0, 1, 1, 0, 0, 0, 1, 1, 0, 1, "maxpool3x3", "conv1x1-bn-relu", "conv1x1-bn-relu", "conv3x3-bn-relu", "conv3x3-bn-relu"], "test_accuracy": [0.9411057829856873], "epochs": 108}
2021-10-14 11:42:40,616 INFO {"solution": [0, 1, 1, 0, 1, 1, 0, 0, 0, 1, 1, 1, 0, 0, 0, 0, 0, 1, 0, 0, 0, "conv1x1-bn-relu", "conv3x3-bn-relu", "conv3x3-bn-relu", "conv3x3-bn-relu", "maxpool3x3"], "test_accuracy": [0.9395031929016113], "epochs": 108}
2021-10-14 11:42:47,614 INFO {"solution": [1, 1, 1, 1, 0, 1, 0, 1, 1, 0, 1, 0, 1, 1, 0, 0, 1, 0, 0, 0, 1, "conv3x3-bn-relu", "conv1x1-bn-relu", "conv3x3-bn-relu", "conv3x3-bn-relu", "conv3x3-bn-relu"], "test_accuracy": [0.9387019276618958], "epochs": 108}
2021-10-14 11:42:54,574 INFO {"solution": [0, 0, 0, 1, 1, 1, 0, 0, 0, 1, 1, 0, 1, 1, 1, 0, 0, 0, 1, 0, 1, "maxpool3x3", "conv1x1-bn-relu", "conv1x1-bn-relu", "conv3x3-bn-relu", "conv1x1-bn-relu"], "test_accuracy": [0.9250801205635071], "epochs": 108}
2021-10-14 11:43:01,686 INFO {"solution": [1, 0, 1, 1, 1, 1, 0, 0, 0, 1, 0, 0, 1, 0, 1, 0, 1, 0, 1, 0, 1, "conv3x3-bn-relu", "conv1x1-bn-relu", "conv3x3-bn-relu", "conv3x3-bn-relu", "conv1x1-bn-relu"], "test_accuracy": [0.9381009340286255], "epochs": 108}
2021-10-14 11:43:08,974 INFO {"solution": [0, 0, 0, 1, 1, 1, 0, 0, 0, 1, 1, 0, 1, 1, 1, 0, 0, 0, 1, 0, 1, "maxpool3x3", "conv1x1-bn-relu", "conv1x1-bn-relu", "conv3x3-bn-relu", "conv1x1-bn-relu"], "test_accuracy": [0.9378004670143127], "epochs": 108}
2021-10-14 11:43:16,925 INFO {"solution": [0, 0, 0, 1, 1, 1, 0, 0, 0, 1, 1, 0, 1, 0, 1, 0, 0, 0, 1, 0, 1, "maxpool3x3", "conv1x1-bn-relu", "conv1x1-bn-relu", "conv3x3-bn-relu", "conv1x1-bn-relu"], "test_accuracy": [0.9250801205635071], "epochs": 108}
2021-10-14 11:43:24,300 INFO {"solution": [0, 0, 0, 1, 1, 1, 0, 0, 0, 1, 1, 0, 1, 1, 1, 0, 0, 0, 1, 0, 1, "maxpool3x3", "conv1x1-bn-relu", "conv1x1-bn-relu", "conv3x3-bn-relu", "conv1x1-bn-relu"], "test_accuracy": [0.9378004670143127], "epochs": 108}
2021-10-14 11:43:32,478 INFO {"solution": [0, 0, 1, 1, 1, 1, 1, 1, 0, 1, 1, 0, 0, 0, 1, 0, 0, 0, 1, 0, 1, "conv3x3-bn-relu", "conv3x3-bn-relu", "conv3x3-bn-relu", "conv3x3-bn-relu", "conv1x1-bn-relu"], "test_accuracy": [0.9353966116905212], "epochs": 108}
2021-10-14 11:43:39,481 INFO {"solution": [0, 0, 1, 1, 1, 1, 0, 0, 1, 1, 0, 0, 0, 1, 0, 1, 1, 0, 0, 1, 0, "conv3x3-bn-relu", "conv1x1-bn-relu", "conv3x3-bn-relu", "conv3x3-bn-relu", "conv1x1-bn-relu"], "test_accuracy": [0.9297876358032227], "epochs": 108}
2021-10-14 11:33:49,075 INFO {"solution": [1, 1, 0, 1, 0, 1, 1, 0, 1, 0, 0, 0, 1, 1, 0, 1, 0, 0, 1, 1, 0, "conv3x3-bn-relu", "conv1x1-bn-relu", "maxpool3x3", "conv3x3-bn-relu", "conv1x1-bn-relu"], "test_accuracy": [0.9412059187889099], "epochs": 108}
2021-10-14 11:43:46,715 INFO {"solution": [0, 1, 1, 1, 1, 0, 0, 0, 1, 1, 0, 1, 0, 0, 0, 0, 0, 1, 1, 1, 0, "conv1x1-bn-relu", "conv3x3-bn-relu", "conv3x3-bn-relu", "conv3x3-bn-relu", "conv1x1-bn-relu"], "test_accuracy": [0.9413061141967773], "epochs": 108}
2021-10-14 11:43:54,102 INFO {"solution": [0, 1, 0, 1, 1, 1, 0, 0, 1, 1, 1, 0, 1, 0, 0, 0, 1, 0, 0, 1, 0, "conv1x1-bn-relu", "conv3x3-bn-relu", "maxpool3x3", "conv1x1-bn-relu", "conv3x3-bn-relu"], "test_accuracy": [0.9353966116905212], "epochs": 108}
2021-10-14 11:44:01,233 INFO {"solution": [0, 0, 0, 1, 1, 1, 0, 0, 1, 1, 1, 0, 0, 1, 1, 0, 0, 0, 1, 0, 1, "conv3x3-bn-relu", "maxpool3x3", "conv1x1-bn-relu", "conv3x3-bn-relu", "conv1x1-bn-relu"], "test_accuracy": [0.9378004670143127], "epochs": 108}
2021-10-14 11:44:08,735 INFO {"solution": [0, 0, 1, 1, 1, 1, 0, 0, 0, 0, 0, 0, 1, 0, 1, 0, 1, 0, 0, 0, 1, "conv1x1-bn-relu", "conv3x3-bn-relu", "conv3x3-bn-relu", "conv3x3-bn-relu", "conv1x1-bn-relu"], "test_accuracy": [0.9353966116905212], "epochs": 108}
2021-10-14 11:44:15,725 INFO {"solution": [0, 1, 1, 1, 0, 1, 1, 1, 1, 1, 1, 1, 1, 0, 0, 1, 0, 0, 0, 1, 0, "maxpool3x3", "conv3x3-bn-relu", "conv1x1-bn-relu", "conv3x3-bn-relu", "conv1x1-bn-relu"], "test_accuracy": [0.9348958134651184], "epochs": 108}
2021-10-14 11:44:22,830 INFO {"solution": [0, 0, 0, 1, 1, 1, 0, 0, 0, 1, 1, 0, 1, 1, 1, 0, 0, 0, 1, 0, 1, "maxpool3x3", "conv1x1-bn-relu", "conv1x1-bn-relu", "conv3x3-bn-relu", "conv1x1-bn-relu"], "test_accuracy": [0.9250801205635071], "epochs": 108}
2021-10-14 11:44:29,751 INFO {"solution": [0, 0, 0, 1, 1, 1, 0, 0, 0, 1, 1, 0, 1, 1, 1, 0, 0, 0, 1, 0, 1, "maxpool3x3", "conv1x1-bn-relu", "conv1x1-bn-relu", "conv3x3-bn-relu", "conv1x1-bn-relu"], "test_accuracy": [0.9250801205635071], "epochs": 108}
2021-10-14 11:44:37,477 INFO {"solution": [0, 0, 0, 1, 1, 1, 0, 0, 0, 1, 1, 0, 1, 1, 1, 0, 0, 0, 1, 0, 1, "conv1x1-bn-relu", "conv3x3-bn-relu", "conv3x3-bn-relu", "conv3x3-bn-relu", "conv1x1-bn-relu"], "test_accuracy": [0.9250801205635071], "epochs": 108}
2021-10-14 11:44:44,832 INFO {"solution": [0, 1, 1, 1, 1, 1, 1, 1, 0, 1, 0, 0, 1, 0, 0, 0, 1, 0, 1, 0, 1, "conv1x1-bn-relu", "conv3x3-bn-relu", "conv1x1-bn-relu", "conv3x3-bn-relu", "conv1x1-bn-relu"], "test_accuracy": [0.9432091116905212], "epochs": 108}
2021-10-14 11:44:51,890 INFO {"solution": [0, 0, 0, 1, 1, 1, 1, 0, 1, 1, 0, 1, 1, 1, 1, 0, 0, 0, 1, 0, 1, "maxpool3x3", "conv3x3-bn-relu", "conv1x1-bn-relu", "conv3x3-bn-relu", "conv1x1-bn-relu"], "test_accuracy": [0.9250801205635071], "epochs": 108}
