2021-10-14 11:32:46,404 INFO {"solution": [1, 0, 1, 0, 0, 1, 0, 0, 1, 0, 0, 1, 0, 1, 0, 1, 0, 0, 0, 1, 1, "conv1x1-bn-relu", "maxpool3x3", "conv3x3-bn-relu", "conv3x3-bn-relu", "conv3x3-bn-relu"], "test_accuracy": [0.9096554517745972], "epochs": 36}
2021-10-14 11:33:54,347 INFO {"solution": [0, 1, 1, 1, 0, 1, 1, 1, 1, 0, 0, 1, 0, 0, 1, 1, 1, 0, 0, 1, 0, "conv3x3-bn-relu", "conv3x3-bn-relu", "conv3x3-bn-relu", "conv1x1-bn-relu", "maxpool3x3"], "test_accuracy": [0.9047476053237915], "epochs": 36}
2021-10-14 11:44:56,388 INFO {"solution": [1, 0, 0, 1, 1, 1, 1, 1, 1, 1, 0, 1, 0, 1, 0, 1, 1, 0, 0, 1, 0, "conv3x3-bn-relu", "conv3x3-bn-relu", "conv3x3-bn-relu", "conv1x1-bn-relu", "conv3x3-bn-relu"], "test_accuracy": [0.9177684187889099], "epochs": 36}
2021-10-14 11:34:02,565 INFO {"solution": [0, 1, 1, 1, 0, 1, 1, 0, 0, 1, 0, 0, 1, 0, 0, 1, 0, 0, 0, 1, 0, "conv3x3-bn-relu", "maxpool3x3", "conv3x3-bn-relu", "conv3x3-bn-relu", "conv1x1-bn-relu"], "test_accuracy": [0.9138621687889099], "epochs": 36}
2021-10-14 11:34:10,891 INFO {"solution": [1, 1, 1, 0, 1, 0, 0, 0, 0, 1, 1, 1, 0, 1, 0, 0, 0, 1, 0, 1, 0, "conv1x1-bn-relu", "conv3x3-bn-relu", "conv3x3-bn-relu", "conv1x1-bn-relu", "maxpool3x3"], "test_accuracy": [0.9213742017745972], "epochs": 36}
2021-10-14 11:34:18,863 INFO {"solution": [1, 0, 1, 1, 0, 1, 0, 0, 0, 1, 0, 0, 0, 0, 0, 1, 0, 0, 1, 0, 1, "conv1x1-bn-relu", "conv1x1-bn-relu", "conv3x3-bn-relu", "conv3x3-bn-relu", "conv3x3-bn-relu"], "test_accuracy": [0.9037460088729858], "epochs": 36}
2021-10-14 11:34:27,006 INFO {"solution": [1, 0, 1, 1, 1, 1, 1, 1, 1, 0, 0, 0, 1, 1, 0, 1, 0, 0, 0, 0, 1, "conv3x3-bn-relu", "conv3x3-bn-relu", "conv3x3-bn-relu", "conv3x3-bn-relu", "conv1x1-bn-relu"], "test_accuracy": [0.9213742017745972], "epochs": 36}
2021-10-14 11:34:34,873 INFO {"solution": [1, 1, 0, 1, 0, 1, 1, 0, 0, 0, 1, 0, 1, 0, 0, 0, 1, 1, 1, 1, 0, "conv3x3-bn-relu", "conv3x3-bn-relu", "maxpool3x3", "conv1x1-bn-relu", "conv1x1-bn-relu"], "test_accuracy": [0.9166666865348816], "epochs": 36}
2021-10-14 11:34:43,111 INFO {"solution": [0, 1, 1, 1, 0, 1, 1, 0, 0, 0, 1, 1, 0, 0, 1, 1, 1, 0, 0, 1, 0, "conv1x1-bn-relu", "conv3x3-bn-relu", "conv3x3-bn-relu", "conv1x1-bn-relu", "maxpool3x3"], "test_accuracy": [0.9047476053237915], "epochs": 36}
2021-10-14 11:34:51,066 INFO {"solution": [1, 1, 0, 1, 1, 0, 1, 1, 1, 0, 0, 0, 1, 0, 0, 0, 0, 0, 0, 1, 1, "conv3x3-bn-relu", "conv3x3-bn-relu", "conv1x1-bn-relu", "conv3x3-bn-relu", "conv1x1-bn-relu"], "test_accuracy": [0.9194711446762085], "epochs": 36}
2021-10-14 11:34:59,384 INFO {"solution": [1, 0, 1, 1, 0, 1, 1, 0, 0, 0, 0, 0, 1, 0, 0, 1, 0, 0, 0, 1, 1, "conv3x3-bn-relu", "maxpool3x3", "conv1x1-bn-relu", "conv3x3-bn-relu", "conv3x3-bn-relu"], "test_accuracy": [0.9203726053237915], "epochs": 36}
2021-10-14 11:35:07,832 INFO {"solution": [0, 1, 0, 1, 1, 1, 0, 1, 0, 0, 1, 1, 1, 0, 0, 0, 0, 0, 1, 0, 1, "conv1x1-bn-relu", "maxpool3x3", "conv3x3-bn-relu", "conv3x3-bn-relu", "conv3x3-bn-relu"], "test_accuracy": [0.92578125], "epochs": 36}
2021-10-14 11:32:53,835 INFO {"solution": [0, 0, 1, 1, 1, 1, 1, 1, 0, 0, 1, 0, 0, 1, 0, 1, 0, 1, 1, 0, 1, "maxpool3x3", "conv3x3-bn-relu", "conv3x3-bn-relu", "conv3x3-bn-relu", "conv1x1-bn-relu"], "test_accuracy": [0.9047476053237915], "epochs": 36}
2021-10-14 11:35:16,206 INFO {"solution": [0, 1, 1, 1, 1, 1, 0, 1, 0, 0, 1, 0, 1, 0, 0, 1, 0, 0, 0, 1, 1, "conv3x3-bn-relu", "conv3x3-bn-relu", "conv3x3-bn-relu", "conv3x3-bn-relu", "conv1x1-bn-relu"], "test_accuracy": [0.9214743375778198], "epochs": 36}
2021-10-14 11:35:23,429 INFO {"solution": [0, 1, 1, 1, 1, 1, 1, 1, 1, 1, 1, 0, 0, 1, 0, 1, 0, 0, 1, 0, 1, "maxpool3x3", "conv1x1-bn-relu", "conv3x3-bn-relu", "conv1x1-bn-relu", "conv3x3-bn-relu"], "test_accuracy": [0.9279847741127014], "epochs": 36}
2021-10-14 11:35:30,853 INFO {"solution": [0, 1, 1, 1, 1, 1, 1, 0, 0, 0, 0, 1, 0, 0, 1, 1, 1, 0, 1, 1, 0, "conv1x1-bn-relu", "conv3x3-bn-relu", "conv3x3-bn-relu", "conv1x1-bn-relu", "conv1x1-bn-relu"], "test_accuracy": [0.9232772588729858], "epochs": 36}
2021-10-14 11:35:38,476 INFO {"solution": [1, 0, 1, 1, 0, 1, 0, 1, 0, 1, 1, 1, 1, 0, 1, 1, 1, 0, 0, 1, 0, "conv3x3-bn-relu", "conv1x1-bn-relu", "conv3x3-bn-relu", "conv1x1-bn-relu", "maxpool3x3"], "test_accuracy": [0.9047476053237915], "epochs": 36}
2021-10-14 11:35:45,596 INFO {"solution": [1, 1, 1, 1, 1, 1, 1, 0, 0, 1, 1, 1, 0, 0, 1, 1, 0, 0, 0, 0, 1, "conv3x3-bn-relu", "conv3x3-bn-relu", "maxpool3x3", "conv1x1-bn-relu", "conv3x3-bn-relu"], "test_accuracy": [0.9192708134651184], "epochs": 36}
2021-10-14 11:35:54,198 INFO {"solution": [1, 0, 1, 0, 1, 1, 0, 1, 0, 0, 1, 0, 1, 0, 1, 0, 1, 0, 1, 1, 1, "conv3x3-bn-relu", "conv1x1-bn-relu", "conv3x3-bn-relu", "conv1x1-bn-relu", "conv1x1-bn-relu"], "test_accuracy": [0.9166666865348816], "epochs": 36}
2021-10-14 11:36:02,510 INFO {"solution": [0, 1, 1, 1, 1, 1, 0, 1, 1, 0, 1, 0, 0, 0, 1, 0, 1, 0, 1, 0, 1, "conv3x3-bn-relu", "conv1x1-bn-relu", "conv3x3-bn-relu", "conv3x3-bn-relu", "conv3x3-bn-relu"], "test_accuracy": [0.9100561141967773], "epochs": 36}
2021-10-14 11:36:10,899 INFO {"solution": [0, 1, 1, 1, 1, 1, 1, 0, 1, 1, 0, 1, 0, 0, 0, 1, 0, 0, 1, 0, 1, "conv1x1-bn-relu", "conv3x3-bn-relu", "maxpool3x3", "conv3x3-bn-relu", "conv1x1-bn-relu"], "test_accuracy": [0.9271835088729858], "epochs": 36}
2021-10-14 11:36:18,050 INFO {"solution": [1, 1, 1, 0, 0, 1, 0, 0, 1, 1, 0, 1, 1, 1, 0, 0, 1, 0, 0, 0, 1, "conv3x3-bn-relu", "conv3x3-bn-relu", "conv3x3-bn-relu", "maxpool3x3", "conv1x1-bn-relu"], "test_accuracy": [0.9245793223381042], "epochs": 36}
2021-10-14 11:36:25,569 INFO {"solution": [1, 0, 1, 1, 1, 0, 0, 1, 0, 0, 0, 0, 1, 1, 1, 1, 0, 1, 0, 0, 1, "conv3x3-bn-relu", "conv3x3-bn-relu", "conv3x3-bn-relu", "conv3x3-bn-relu", "conv1x1-bn-relu"], "test_accuracy": [0.9206730723381042], "epochs": 36}
2021-10-14 11:33:01,184 INFO {"solution": [1, 0, 1, 1, 1, 1, 0, 0, 1, 0, 0, 1, 1, 1, 0, 0, 1, 0, 1, 0, 1, "conv1x1-bn-relu", "conv1x1-bn-relu", "conv3x3-bn-relu", "conv3x3-bn-relu", "conv1x1-bn-relu"], "test_accuracy": [0.9226762652397156], "epochs": 36}
2021-10-14 11:36:32,681 INFO {"solution": [1, 1, 1, 1, 1, 0, 0, 1, 0, 1, 0, 1, 0, 0, 1, 0, 0, 0, 0, 0, 1, "conv3x3-bn-relu", "conv1x1-bn-relu", "conv1x1-bn-relu", "conv1x1-bn-relu", "conv3x3-bn-relu"], "test_accuracy": [0.9206730723381042], "epochs": 36}
2021-10-14 11:36:39,744 INFO {"solution": [1, 1, 0, 1, 0, 1, 0, 0, 1, 0, 0, 1, 1, 1, 0, 1, 1, 0, 0, 1, 0, "conv3x3-bn-relu", "conv3x3-bn-relu", "conv1x1-bn-relu", "conv3x3-bn-relu", "conv3x3-bn-relu"], "test_accuracy": [0.9229767918586731], "epochs": 36}
2021-10-14 11:36:46,513 INFO {"solution": [1, 1, 1, 0, 1, 1, 0, 1, 0, 0, 0, 0, 0, 1, 0, 0, 1, 0, 0, 0, 1, "conv3x3-bn-relu", "maxpool3x3", "conv3x3-bn-relu", "conv1x1-bn-relu", "conv3x3-bn-relu"], "test_accuracy": [0.9177684187889099], "epochs": 36}
2021-10-14 11:36:55,505 INFO {"solution": [0, 1, 1, 1, 0, 1, 0, 0, 0, 0, 1, 0, 1, 1, 0, 0, 1, 0, 0, 1, 1, "conv1x1-bn-relu", "conv1x1-bn-relu", "conv3x3-bn-relu", "conv1x1-bn-relu", "conv3x3-bn-relu"], "test_accuracy": [0.9216746687889099], "epochs": 36}
2021-10-14 11:37:02,644 INFO {"solution": [0, 1, 1, 1, 0, 1, 1, 1, 0, 0, 0, 0, 0, 1, 0, 1, 0, 0, 1, 0, 1, "conv3x3-bn-relu", "conv3x3-bn-relu", "conv3x3-bn-relu", "conv3x3-bn-relu", "conv3x3-bn-relu"], "test_accuracy": [0.9237780570983887], "epochs": 36}
2021-10-14 11:37:09,848 INFO {"solution": [0, 1, 1, 0, 0, 1, 0, 0, 0, 0, 1, 1, 0, 0, 0, 1, 0, 0, 1, 1, 0, "conv1x1-bn-relu", "conv1x1-bn-relu", "conv1x1-bn-relu", "conv3x3-bn-relu", "conv1x1-bn-relu"], "test_accuracy": [0.9176682829856873], "epochs": 36}
2021-10-14 11:37:17,000 INFO {"solution": [1, 1, 1, 1, 0, 1, 1, 1, 0, 0, 1, 1, 1, 1, 0, 0, 1, 0, 0, 1, 0, "conv3x3-bn-relu", "conv3x3-bn-relu", "conv3x3-bn-relu", "conv1x1-bn-relu", "maxpool3x3"], "test_accuracy": [0.9166666865348816], "epochs": 36}
2021-10-14 11:37:24,429 INFO {"solution": [1, 1, 1, 0, 1, 1, 1, 0, 1, 0, 0, 1, 0, 0, 0, 0, 0, 1, 0, 0, 0, "maxpool3x3", "conv3x3-bn-relu", "conv3x3-bn-relu", "maxpool3x3", "conv1x1-bn-relu"], "test_accuracy": [0.9066506624221802], "epochs": 36}
2021-10-14 11:37:31,518 INFO {"solution": [0, 0, 1, 1, 1, 1, 1, 0, 1, 0, 0, 1, 1, 0, 0, 1, 0, 1, 1, 0, 1, "maxpool3x3", "conv1x1-bn-relu", "conv3x3-bn-relu", "conv3x3-bn-relu", "conv1x1-bn-relu"], "test_accuracy": [0.9047476053237915], "epochs": 36}
2021-10-14 11:37:38,806 INFO {"solution": [0, 1, 1, 1, 1, 1, 0, 0, 0, 1, 0, 0, 1, 0, 0, 1, 0, 0, 0, 1, 1, "maxpool3x3", "conv3x3-bn-relu", "conv3x3-bn-relu", "conv3x3-bn-relu", "conv1x1-bn-relu"], "test_accuracy": [0.9100561141967773], "epochs": 36}
2021-10-14 11:33:08,860 INFO {"solution": [0, 0, 1, 1, 1, 1, 1, 0, 1, 1, 0, 1, 0, 1, 1, 1, 0, 0, 1, 0, 1, "maxpool3x3", "conv1x1-bn-relu", "maxpool3x3", "conv3x3-bn-relu", "conv3x3-bn-relu"], "test_accuracy": [0.92578125], "epochs": 36}
2021-10-14 11:37:45,754 INFO {"solution": [1, 1, 1, 0, 1, 1, 1, 0, 1, 0, 0, 1, 1, 0, 0, 1, 1, 0, 0, 0, 1, "conv3x3-bn-relu", "conv1x1-bn-relu", "conv3x3-bn-relu", "maxpool3x3", "conv3x3-bn-relu"], "test_accuracy": [0.9142628312110901], "epochs": 36}
2021-10-14 11:37:53,312 INFO {"solution": [1, 1, 1, 1, 0, 1, 1, 0, 0, 0, 0, 0, 1, 0, 0, 0, 0, 0, 1, 1, 0, "maxpool3x3", "conv3x3-bn-relu", "conv3x3-bn-relu", "conv3x3-bn-relu", "conv3x3-bn-relu"], "test_accuracy": [0.9139623641967773], "epochs": 36}
2021-10-14 11:38:00,696 INFO {"solution": [0, 1, 1, 0, 1, 1, 0, 1, 1, 0, 0, 0, 0, 0, 1, 1, 1, 0, 1, 0, 1, "conv3x3-bn-relu", "conv3x3-bn-relu", "conv3x3-bn-relu", "conv3x3-bn-relu", "conv3x3-bn-relu"], "test_accuracy": [0.9262820482254028], "epochs": 36}
2021-10-14 11:38:07,593 INFO {"solution": [1, 1, 1, 1, 1, 1, 1, 0, 0, 0, 0, 0, 1, 1, 0, 1, 0, 0, 1, 1, 0, "conv3x3-bn-relu", "conv3x3-bn-relu", "conv3x3-bn-relu", "conv1x1-bn-relu", "maxpool3x3"], "test_accuracy": [0.9241786599159241], "epochs": 36}
2021-10-14 11:38:14,616 INFO {"solution": [0, 1, 1, 0, 1, 1, 0, 0, 1, 0, 0, 1, 1, 0, 1, 1, 1, 0, 0, 0, 1, "maxpool3x3", "conv3x3-bn-relu", "conv3x3-bn-relu", "maxpool3x3", "conv1x1-bn-relu"], "test_accuracy": [0.9047476053237915], "epochs": 36}
2021-10-14 11:38:21,544 INFO {"solution": [1, 1, 1, 1, 0, 1, 0, 1, 0, 1, 0, 1, 0, 1, 0, 1, 0, 0, 1, 1, 0, "maxpool3x3", "conv3x3-bn-relu", "conv3x3-bn-relu", "conv3x3-bn-relu", "conv3x3-bn-relu"], "test_accuracy": [0.9211738705635071], "epochs": 36}
2021-10-14 11:38:28,467 INFO {"solution": [0, 0, 1, 1, 1, 1, 1, 0, 1, 1, 0, 1, 0, 0, 1, 1, 1, 1, 0, 1, 1, "conv1x1-bn-relu", "maxpool3x3", "conv3x3-bn-relu", "conv3x3-bn-relu", "conv3x3-bn-relu"], "test_accuracy": [0.9126602411270142], "epochs": 36}
2021-10-14 11:38:35,680 INFO {"solution": [1, 1, 1, 0, 1, 1, 0, 0, 1, 1, 0, 0, 1, 1, 0, 0, 0, 1, 0, 1, 0, "conv1x1-bn-relu", "conv3x3-bn-relu", "conv1x1-bn-relu", "conv3x3-bn-relu", "conv1x1-bn-relu"], "test_accuracy": [0.9234775900840759], "epochs": 36}
2021-10-14 11:38:42,935 INFO {"solution": [1, 0, 1, 1, 1, 1, 0, 1, 1, 0, 1, 0, 1, 0, 0, 0, 1, 0, 0, 0, 1, "conv3x3-bn-relu", "maxpool3x3", "conv3x3-bn-relu", "conv1x1-bn-relu", "conv1x1-bn-relu"], "test_accuracy": [0.9047476053237915], "epochs": 36}
2021-10-14 11:38:50,165 INFO {"solution": [1, 0, 1, 1, 1, 0, 0, 1, 0, 0, 0, 0, 0, 0, 1, 0, 1, 1, 1, 1, 0, "conv3x3-bn-relu", "conv3x3-bn-relu", "conv3x3-bn-relu", "conv1x1-bn-relu", "conv3x3-bn-relu"], "test_accuracy": [0.9206730723381042], "epochs": 36}
2021-10-14 11:33:16,043 INFO {"solution": [1, 0, 1, 1, 0, 1, 1, 1, 1, 1, 1, 0, 0, 0, 0, 0, 0, 1, 0, 1, 0, "conv3x3-bn-relu", "conv3x3-bn-relu", "conv3x3-bn-relu", "conv3x3-bn-relu", "conv3x3-bn-relu"], "test_accuracy": [0.9199719429016113], "epochs": 36}
2021-10-14 11:38:57,425 INFO {"solution": [1, 0, 0, 1, 1, 1, 0, 1, 0, 1, 0, 1, 0, 0, 1, 0, 1, 0, 1, 0, 1, "conv3x3-bn-relu", "conv3x3-bn-relu", "conv3x3-bn-relu", "conv3x3-bn-relu", "conv1x1-bn-relu"], "test_accuracy": [0.9277844429016113], "epochs": 36}
2021-10-14 11:39:04,626 INFO {"solution": [0, 1, 0, 1, 1, 1, 1, 1, 0, 0, 1, 0, 1, 0, 1, 1, 0, 1, 1, 0, 1, "conv3x3-bn-relu", "conv3x3-bn-relu", "maxpool3x3", "conv3x3-bn-relu", "conv3x3-bn-relu"], "test_accuracy": [0.8969351053237915], "epochs": 36}
2021-10-14 11:39:12,026 INFO {"solution": [0, 1, 1, 1, 0, 1, 1, 0, 0, 1, 0, 1, 0, 0, 1, 1, 0, 0, 0, 1, 1, "conv1x1-bn-relu", "conv3x3-bn-relu", "conv3x3-bn-relu", "conv1x1-bn-relu", "conv1x1-bn-relu"], "test_accuracy": [0.9166666865348816], "epochs": 36}
2021-10-14 11:39:19,193 INFO {"solution": [1, 1, 1, 1, 1, 0, 0, 1, 1, 1, 0, 0, 0, 1, 1, 1, 0, 0, 1, 1, 0, "conv3x3-bn-relu", "conv1x1-bn-relu", "conv3x3-bn-relu", "conv3x3-bn-relu", "maxpool3x3"], "test_accuracy": [0.9260817170143127], "epochs": 36}
2021-10-14 11:39:26,875 INFO {"solution": [1, 0, 1, 1, 1, 0, 0, 0, 1, 1, 0, 0, 0, 1, 1, 0, 1, 1, 1, 1, 0, "conv3x3-bn-relu", "conv3x3-bn-relu", "conv1x1-bn-relu", "conv3x3-bn-relu", "maxpool3x3"], "test_accuracy": [0.9206730723381042], "epochs": 36}
2021-10-14 11:39:34,562 INFO {"solution": [0, 0, 1, 1, 1, 0, 0, 1, 1, 0, 0, 1, 1, 0, 0, 0, 0, 1, 1, 0, 1, "conv3x3-bn-relu", "conv3x3-bn-relu", "conv1x1-bn-relu", "conv3x3-bn-relu", "conv3x3-bn-relu"], "test_accuracy": [0.9206730723381042], "epochs": 36}
2021-10-14 11:39:41,676 INFO {"solution": [0, 1, 0, 1, 1, 1, 0, 1, 1, 0, 0, 1, 0, 1, 0, 0, 1, 0, 0, 1, 1, "maxpool3x3", "conv3x3-bn-relu", "conv3x3-bn-relu", "conv3x3-bn-relu", "conv3x3-bn-relu"], "test_accuracy": [0.9139623641967773], "epochs": 36}
2021-10-14 11:39:48,665 INFO {"solution": [0, 1, 1, 1, 0, 1, 0, 1, 0, 1, 0, 0, 1, 1, 0, 0, 1, 0, 1, 0, 1, "conv3x3-bn-relu", "conv3x3-bn-relu", "conv3x3-bn-relu", "conv3x3-bn-relu", "conv1x1-bn-relu"], "test_accuracy": [0.9245793223381042], "epochs": 36}
2021-10-14 11:39:55,709 INFO {"solution": [1, 0, 0, 1, 0, 1, 1, 1, 1, 0, 0, 1, 0, 0, 0, 1, 1, 0, 1, 1, 0, "conv3x3-bn-relu", "conv3x3-bn-relu", "conv3x3-bn-relu", "conv1x1-bn-relu", "maxpool3x3"], "test_accuracy": [0.9177684187889099], "epochs": 36}
2021-10-14 11:40:02,853 INFO {"solution": [1, 1, 0, 0, 0, 1, 0, 1, 0, 1, 0, 1, 0, 0, 0, 0, 1, 1, 1, 0, 0, "conv1x1-bn-relu", "conv3x3-bn-relu", "conv3x3-bn-relu", "conv3x3-bn-relu", "conv1x1-bn-relu"], "test_accuracy": [0.9228765964508057], "epochs": 36}
2021-10-14 11:33:23,097 INFO {"solution": [1, 0, 1, 1, 0, 1, 0, 1, 0, 0, 1, 1, 1, 0, 0, 1, 1, 0, 0, 1, 0, "conv3x3-bn-relu", "conv1x1-bn-relu", "conv3x3-bn-relu", "conv1x1-bn-relu", "conv3x3-bn-relu"], "test_accuracy": [0.9232772588729858], "epochs": 36}
2021-10-14 11:40:09,866 INFO {"solution": [1, 0, 1, 1, 1, 1, 0, 1, 0, 0, 0, 0, 1, 0, 0, 0, 1, 0, 1, 0, 1, "conv3x3-bn-relu", "conv1x1-bn-relu", "conv3x3-bn-relu", "maxpool3x3", "conv1x1-bn-relu"], "test_accuracy": [0.9153645634651184], "epochs": 36}
2021-10-14 11:40:16,720 INFO {"solution": [1, 1, 1, 0, 1, 1, 0, 1, 0, 0, 1, 0, 0, 0, 0, 0, 1, 0, 1, 1, 1, "conv3x3-bn-relu", "maxpool3x3", "conv3x3-bn-relu", "conv1x1-bn-relu", "conv1x1-bn-relu"], "test_accuracy": [0.9047476053237915], "epochs": 36}
2021-10-14 11:40:23,652 INFO {"solution": [1, 1, 1, 0, 1, 1, 1, 0, 0, 1, 0, 0, 0, 0, 0, 1, 0, 1, 1, 0, 1, "maxpool3x3", "conv1x1-bn-relu", "conv1x1-bn-relu", "conv3x3-bn-relu", "conv3x3-bn-relu"], "test_accuracy": [0.924879789352417], "epochs": 36}
2021-10-14 11:40:30,647 INFO {"solution": [1, 1, 0, 1, 0, 1, 1, 0, 0, 1, 1, 1, 0, 1, 0, 1, 1, 0, 1, 1, 0, "conv3x3-bn-relu", "conv3x3-bn-relu", "conv1x1-bn-relu", "conv3x3-bn-relu", "conv3x3-bn-relu"], "test_accuracy": [0.9120593070983887], "epochs": 36}
2021-10-14 11:40:37,636 INFO {"solution": [0, 1, 1, 1, 1, 1, 0, 1, 0, 1, 0, 1, 0, 1, 0, 1, 0, 0, 1, 1, 0, "maxpool3x3", "maxpool3x3", "conv3x3-bn-relu", "conv3x3-bn-relu", "maxpool3x3"], "test_accuracy": [0.92578125], "epochs": 36}
2021-10-14 11:40:44,847 INFO {"solution": [1, 0, 1, 1, 0, 1, 1, 1, 0, 0, 0, 0, 0, 0, 0, 1, 1, 0, 1, 1, 0, "maxpool3x3", "maxpool3x3", "conv3x3-bn-relu", "conv3x3-bn-relu", "maxpool3x3"], "test_accuracy": [0.9139623641967773], "epochs": 36}
2021-10-14 11:40:51,945 INFO {"solution": [1, 1, 1, 0, 0, 1, 1, 0, 1, 1, 0, 0, 0, 1, 0, 0, 1, 0, 0, 0, 1, "conv3x3-bn-relu", "conv3x3-bn-relu", "conv3x3-bn-relu", "maxpool3x3", "conv1x1-bn-relu"], "test_accuracy": [0.9245793223381042], "epochs": 36}
2021-10-14 11:40:58,999 INFO {"solution": [1, 1, 1, 0, 0, 1, 0, 0, 1, 0, 0, 1, 1, 0, 0, 1, 0, 0, 0, 1, 0, "conv3x3-bn-relu", "conv3x3-bn-relu", "conv3x3-bn-relu", "conv1x1-bn-relu", "conv1x1-bn-relu"], "test_accuracy": [0.9147636294364929], "epochs": 36}
2021-10-14 11:41:05,937 INFO {"solution": [0, 1, 1, 1, 0, 1, 0, 1, 0, 0, 0, 1, 0, 0, 0, 0, 1, 0, 1, 0, 1, "conv3x3-bn-relu", "conv3x3-bn-relu", "conv3x3-bn-relu", "conv3x3-bn-relu", "conv3x3-bn-relu"], "test_accuracy": [0.9237780570983887], "epochs": 36}
2021-10-14 11:41:12,741 INFO {"solution": [1, 0, 0, 1, 0, 1, 1, 0, 1, 1, 0, 1, 1, 0, 0, 0, 0, 0, 1, 0, 1, "conv3x3-bn-relu", "conv3x3-bn-relu", "conv3x3-bn-relu", "conv3x3-bn-relu", "conv1x1-bn-relu"], "test_accuracy": [0.9245793223381042], "epochs": 36}
2021-10-14 11:33:31,056 INFO {"solution": [0, 1, 0, 1, 1, 1, 0, 1, 1, 1, 0, 0, 1, 0, 0, 0, 0, 1, 1, 0, 1, "conv1x1-bn-relu", "maxpool3x3", "conv1x1-bn-relu", "conv3x3-bn-relu", "conv3x3-bn-relu"], "test_accuracy": [0.9066506624221802], "epochs": 36}
2021-10-14 11:41:19,690 INFO {"solution": [1, 0, 0, 1, 1, 1, 0, 1, 0, 1, 0, 1, 0, 1, 1, 1, 0, 0, 1, 0, 1, "conv3x3-bn-relu", "conv1x1-bn-relu", "conv3x3-bn-relu", "conv3x3-bn-relu", "conv3x3-bn-relu"], "test_accuracy": [0.9112580418586731], "epochs": 36}
2021-10-14 11:41:27,119 INFO {"solution": [0, 0, 1, 1, 1, 0, 0, 1, 0, 0, 0, 0, 0, 0, 1, 1, 0, 0, 0, 1, 1, "conv1x1-bn-relu", "conv3x3-bn-relu", "conv3x3-bn-relu", "conv3x3-bn-relu", "conv1x1-bn-relu"], "test_accuracy": [0.9243789911270142], "epochs": 36}
2021-10-14 11:41:34,278 INFO {"solution": [0, 1, 1, 1, 1, 1, 0, 0, 1, 1, 0, 1, 0, 0, 0, 1, 0, 0, 1, 1, 0, "conv1x1-bn-relu", "maxpool3x3", "conv3x3-bn-relu", "conv3x3-bn-relu", "conv1x1-bn-relu"], "test_accuracy": [0.92578125], "epochs": 36}
2021-10-14 11:41:41,507 INFO {"solution": [1, 1, 0, 1, 0, 0, 0, 1, 0, 0, 1, 1, 1, 1, 0, 0, 1, 0, 1, 1, 0, "conv1x1-bn-relu", "conv3x3-bn-relu", "conv3x3-bn-relu", "conv3x3-bn-relu", "conv1x1-bn-relu"], "test_accuracy": [0.9243789911270142], "epochs": 36}
2021-10-14 11:41:48,733 INFO {"solution": [0, 1, 1, 0, 1, 1, 0, 1, 0, 0, 0, 0, 1, 1, 0, 0, 0, 1, 1, 0, 1, "maxpool3x3", "conv3x3-bn-relu", "conv3x3-bn-relu", "conv3x3-bn-relu", "conv3x3-bn-relu"], "test_accuracy": [0.9217748641967773], "epochs": 36}
2021-10-14 11:41:56,116 INFO {"solution": [1, 1, 0, 0, 1, 1, 0, 0, 0, 1, 0, 1, 0, 1, 0, 0, 0, 0, 0, 0, 1, "conv3x3-bn-relu", "maxpool3x3", "conv3x3-bn-relu", "conv3x3-bn-relu", "conv3x3-bn-relu"], "test_accuracy": [0.9073517918586731], "epochs": 36}
2021-10-14 11:42:03,144 INFO {"solution": [1, 0, 1, 0, 0, 1, 0, 0, 0, 1, 0, 0, 0, 0, 1, 0, 1, 0, 0, 1, 1, "conv1x1-bn-relu", "maxpool3x3", "conv3x3-bn-relu", "conv3x3-bn-relu", "conv3x3-bn-relu"], "test_accuracy": [0.922776460647583], "epochs": 36}
2021-10-14 11:42:10,019 INFO {"solution": [1, 1, 1, 0, 0, 0, 0, 0, 0, 1, 1, 1, 0, 0, 0, 0, 1, 1, 0, 1, 0, "conv1x1-bn-relu", "conv3x3-bn-relu", "conv3x3-bn-relu", "conv3x3-bn-relu", "conv3x3-bn-relu"], "test_accuracy": [0.9206730723381042], "epochs": 36}
2021-10-14 11:42:17,012 INFO {"solution": [1, 1, 0, 0, 1, 1, 0, 0, 1, 1, 0, 0, 1, 0, 0, 0, 0, 1, 0, 1, 0, "conv3x3-bn-relu", "conv1x1-bn-relu", "maxpool3x3", "conv3x3-bn-relu", "maxpool3x3"], "test_accuracy": [0.922776460647583], "epochs": 36}
2021-10-14 11:42:24,108 INFO {"solution": [1, 1, 1, 1, 1, 1, 0, 0, 1, 1, 0, 0, 0, 0, 1, 1, 1, 0, 1, 1, 0, "conv3x3-bn-relu", "conv1x1-bn-relu", "conv3x3-bn-relu", "conv3x3-bn-relu", "maxpool3x3"], "test_accuracy": [0.9214743375778198], "epochs": 36}
2021-10-14 11:33:38,345 INFO {"solution": [1, 1, 1, 1, 0, 1, 0, 0, 0, 0, 1, 0, 1, 0, 0, 1, 0, 0, 0, 1, 0, "conv1x1-bn-relu", "conv3x3-bn-relu", "conv3x3-bn-relu", "conv3x3-bn-relu", "maxpool3x3"], "test_accuracy": [0.9100561141967773], "epochs": 36}
2021-10-14 11:42:31,047 INFO {"solution": [1, 1, 0, 1, 1, 1, 1, 1, 1, 0, 1, 1, 0, 1, 0, 0, 0, 0, 0, 0, 1, "conv3x3-bn-relu", "conv3x3-bn-relu", "conv1x1-bn-relu", "maxpool3x3", "conv3x3-bn-relu"], "test_accuracy": [0.8969351053237915], "epochs": 36}
2021-10-14 11:42:38,168 INFO {"solution": [0, 1, 1, 1, 0, 1, 0, 1, 1, 0, 0, 0, 0, 1, 0, 0, 0, 1, 1, 0, 1, "conv1x1-bn-relu", "conv3x3-bn-relu", "conv1x1-bn-relu", "conv1x1-bn-relu", "conv3x3-bn-relu"], "test_accuracy": [0.9109575152397156], "epochs": 36}
2021-10-14 11:42:45,087 INFO {"solution": [1, 1, 0, 1, 1, 1, 1, 0, 0, 0, 0, 0, 1, 0, 0, 0, 1, 1, 1, 0, 1, "conv3x3-bn-relu", "maxpool3x3", "conv1x1-bn-relu", "conv3x3-bn-relu", "conv1x1-bn-relu"], "test_accuracy": [0.9132612347602844], "epochs": 36}
2021-10-14 11:42:52,042 INFO {"solution": [1, 1, 1, 1, 1, 1, 1, 0, 0, 1, 1, 1, 1, 1, 0, 0, 1, 1, 0, 0, 0, "conv3x3-bn-relu", "conv3x3-bn-relu", "conv1x1-bn-relu", "conv1x1-bn-relu", "conv3x3-bn-relu"], "test_accuracy": [0.9232772588729858], "epochs": 36}
2021-10-14 11:42:59,057 INFO {"solution": [1, 1, 1, 0, 1, 1, 0, 0, 1, 0, 0, 1, 1, 1, 0, 1, 1, 0, 1, 1, 0, "conv3x3-bn-relu", "conv3x3-bn-relu", "conv3x3-bn-relu", "conv1x1-bn-relu", "conv3x3-bn-relu"], "test_accuracy": [0.9245793223381042], "epochs": 36}
2021-10-14 11:43:06,335 INFO {"solution": [1, 1, 1, 1, 0, 1, 0, 1, 0, 1, 0, 0, 1, 0, 0, 0, 0, 1, 1, 1, 0, "conv3x3-bn-relu", "conv3x3-bn-relu", "conv1x1-bn-relu", "conv1x1-bn-relu", "maxpool3x3"], "test_accuracy": [0.9080528616905212], "epochs": 36}
2021-10-14 11:43:14,318 INFO {"solution": [0, 1, 0, 1, 1, 1, 1, 0, 1, 0, 1, 1, 1, 1, 0, 1, 1, 0, 1, 1, 0, "conv1x1-bn-relu", "conv1x1-bn-relu", "conv1x1-bn-relu", "conv3x3-bn-relu", "conv1x1-bn-relu"], "test_accuracy": [0.9100561141967773], "epochs": 36}
2021-10-14 11:43:21,632 INFO {"solution": [1, 1, 1, 1, 0, 1, 0, 1, 0, 0, 1, 0, 0, 0, 0, 1, 1, 0, 1, 1, 0, "conv3x3-bn-relu", "conv1x1-bn-relu", "conv3x3-bn-relu", "conv1x1-bn-relu", "conv3x3-bn-relu"], "test_accuracy": [0.9232772588729858], "epochs": 36}
2021-10-14 11:43:29,820 INFO {"solution": [1, 0, 0, 1, 0, 1, 1, 1, 1, 0, 0, 0, 1, 0, 0, 0, 0, 1, 0, 1, 1, "conv3x3-bn-relu", "maxpool3x3", "conv3x3-bn-relu", "conv1x1-bn-relu", "conv1x1-bn-relu"], "test_accuracy": [0.9240785241127014], "epochs": 36}
2021-10-14 11:43:37,011 INFO {"solution": [0, 1, 1, 1, 1, 1, 0, 0, 0, 0, 1, 1, 0, 0, 0, 0, 0, 1, 1, 0, 1, "conv3x3-bn-relu", "conv1x1-bn-relu", "conv3x3-bn-relu", "conv3x3-bn-relu", "conv3x3-bn-relu"], "test_accuracy": [0.9237780570983887], "epochs": 36}
2021-10-14 11:33:45,759 INFO {"solution": [1, 1, 1, 1, 1, 0, 0, 0, 1, 0, 1, 1, 1, 1, 0, 0, 0, 1, 1, 0, 0, "conv1x1-bn-relu", "conv3x3-bn-relu", "conv3x3-bn-relu", "maxpool3x3", "maxpool3x3"], "test_accuracy": [0.9213742017745972], "epochs": 36}
2021-10-14 11:43:44,168 INFO {"solution": [0, 1, 1, 0, 0, 1, 1, 0, 1, 1, 1, 0, 1, 1, 0, 1, 0, 0, 0, 1, 0, "conv3x3-bn-relu", "conv3x3-bn-relu", "conv1x1-bn-relu", "conv3x3-bn-relu", "maxpool3x3"], "test_accuracy": [0.9096554517745972], "epochs": 36}
2021-10-14 11:43:51,414 INFO {"solution": [1, 1, 0, 1, 0, 1, 0, 1, 1, 0, 0, 0, 1, 1, 0, 1, 0, 0, 0, 1, 0, "conv3x3-bn-relu", "conv3x3-bn-relu", "conv3x3-bn-relu", "conv1x1-bn-relu", "conv1x1-bn-relu"], "test_accuracy": [0.9277844429016113], "epochs": 36}
2021-10-14 11:43:58,792 INFO {"solution": [1, 0, 0, 1, 1, 1, 0, 1, 0, 0, 0, 0, 1, 1, 1, 1, 0, 0, 1, 1, 1, "maxpool3x3", "maxpool3x3", "conv3x3-bn-relu", "conv3x3-bn-relu", "conv3x3-bn-relu"], "test_accuracy": [0.9157652258872986], "epochs": 36}
2021-10-14 11:44:05,858 INFO {"solution": [0, 1, 0, 1, 1, 1, 1, 1, 0, 0, 1, 0, 1, 0, 1, 0, 1, 0, 1, 0, 1, "maxpool3x3", "conv3x3-bn-relu", "conv3x3-bn-relu", "conv3x3-bn-relu", "conv3x3-bn-relu"], "test_accuracy": [0.9164663553237915], "epochs": 36}
2021-10-14 11:44:13,170 INFO {"solution": [0, 1, 1, 1, 1, 1, 0, 1, 0, 0, 0, 1, 0, 0, 1, 1, 1, 0, 0, 1, 0, "conv3x3-bn-relu", "conv3x3-bn-relu", "conv3x3-bn-relu", "conv1x1-bn-relu", "conv1x1-bn-relu"], "test_accuracy": [0.9232772588729858], "epochs": 36}
2021-10-14 11:44:20,270 INFO {"solution": [0, 1, 1, 1, 1, 1, 1, 0, 1, 0, 0, 0, 0, 0, 1, 1, 0, 0, 1, 0, 1, "conv3x3-bn-relu", "conv1x1-bn-relu", "conv3x3-bn-relu", "conv3x3-bn-relu", "conv3x3-bn-relu"], "test_accuracy": [0.9234775900840759], "epochs": 36}
2021-10-14 11:44:27,268 INFO {"solution": [1, 1, 1, 1, 0, 1, 0, 1, 0, 1, 0, 0, 0, 0, 0, 0, 1, 0, 1, 0, 1, "conv3x3-bn-relu", "conv1x1-bn-relu", "conv3x3-bn-relu", "conv3x3-bn-relu", "conv1x1-bn-relu"], "test_accuracy": [0.9245793223381042], "epochs": 36}
2021-10-14 11:44:34,797 INFO {"solution": [1, 1, 1, 1, 0, 1, 0, 1, 0, 1, 0, 1, 0, 1, 0, 1, 0, 0, 0, 1, 0, "conv3x3-bn-relu", "conv3x3-bn-relu", "conv3x3-bn-relu", "conv1x1-bn-relu", "conv3x3-bn-relu"], "test_accuracy": [0.9253805875778198], "epochs": 36}
2021-10-14 11:44:42,141 INFO {"solution": [1, 0, 1, 1, 1, 1, 1, 1, 0, 1, 0, 1, 0, 0, 0, 1, 0, 0, 0, 1, 0, "maxpool3x3", "conv1x1-bn-relu", "conv3x3-bn-relu", "conv3x3-bn-relu", "conv1x1-bn-relu"], "test_accuracy": [0.9121594429016113], "epochs": 36}
2021-10-14 11:44:49,340 INFO {"solution": [1, 0, 1, 1, 0, 1, 0, 0, 1, 0, 1, 1, 0, 1, 1, 1, 1, 1, 1, 1, 0, "conv1x1-bn-relu", "conv1x1-bn-relu", "conv3x3-bn-relu", "conv3x3-bn-relu", "maxpool3x3"], "test_accuracy": [0.9172676205635071], "epochs": 36}
