2021-10-14 11:32:45,472 INFO {"solution": [0, 0, 1, 1, 1, 1, 1, 0, 0, 1, 1, 0, 1, 1, 0, 1, 1, 0, 0, 0, 1, "conv3x3-bn-relu", "conv3x3-bn-relu", "conv3x3-bn-relu", "conv3x3-bn-relu", "conv1x1-bn-relu"], "test_accuracy": [0.9378004670143127], "epochs": 108}
2021-10-14 11:33:53,224 INFO {"solution": [0, 0, 1, 1, 1, 1, 0, 1, 0, 1, 0, 1, 1, 1, 0, 1, 1, 0, 1, 0, 1, "maxpool3x3", "conv1x1-bn-relu", "conv1x1-bn-relu", "conv3x3-bn-relu", "conv3x3-bn-relu"], "test_accuracy": [0.9412059187889099], "epochs": 108}
2021-10-14 11:44:55,413 INFO {"solution": [1, 0, 0, 1, 1, 1, 1, 0, 0, 1, 0, 0, 0, 1, 0, 1, 0, 1, 1, 0, 1, "conv3x3-bn-relu", "conv3x3-bn-relu", "maxpool3x3", "conv1x1-bn-relu", "conv1x1-bn-relu"], "test_accuracy": [0.9404046535491943], "epochs": 108}
2021-10-14 11:34:01,390 INFO {"solution": [1, 1, 0, 1, 0, 1, 1, 0, 0, 1, 0, 0, 1, 0, 0, 1, 0, 1, 1, 1, 0, "conv3x3-bn-relu", "conv1x1-bn-relu", "conv1x1-bn-relu", "conv3x3-bn-relu", "maxpool3x3"], "test_accuracy": [0.9381009340286255], "epochs": 108}
2021-10-14 11:34:09,845 INFO {"solution": [0, 1, 0, 0, 1, 1, 1, 0, 1, 1, 0, 0, 0, 1, 0, 1, 0, 1, 1, 0, 1, "maxpool3x3", "conv3x3-bn-relu", "conv3x3-bn-relu", "maxpool3x3", "conv1x1-bn-relu"], "test_accuracy": [0.9353966116905212], "epochs": 108}
2021-10-14 11:34:17,798 INFO {"solution": [0, 1, 1, 1, 1, 1, 0, 1, 0, 0, 1, 0, 1, 0, 0, 1, 0, 0, 1, 1, 0, "conv1x1-bn-relu", "conv3x3-bn-relu", "conv3x3-bn-relu", "conv3x3-bn-relu", "conv1x1-bn-relu"], "test_accuracy": [0.942307710647583], "epochs": 108}
2021-10-14 11:34:25,814 INFO {"solution": [0, 1, 1, 1, 0, 1, 1, 0, 1, 1, 0, 1, 1, 0, 0, 0, 0, 1, 0, 0, 0, "maxpool3x3", "conv1x1-bn-relu", "conv3x3-bn-relu", "conv1x1-bn-relu", "conv1x1-bn-relu"], "test_accuracy": [0.9348958134651184], "epochs": 108}
2021-10-14 11:34:33,730 INFO {"solution": [0, 1, 1, 0, 1, 1, 0, 1, 1, 0, 0, 0, 1, 1, 0, 1, 0, 0, 0, 0, 1, "maxpool3x3", "conv3x3-bn-relu", "conv1x1-bn-relu", "conv1x1-bn-relu", "conv1x1-bn-relu"], "test_accuracy": [0.9250801205635071], "epochs": 108}
2021-10-14 11:34:41,948 INFO {"solution": [1, 1, 0, 1, 1, 1, 0, 1, 1, 1, 0, 1, 0, 1, 0, 1, 1, 0, 0, 1, 0, "maxpool3x3", "conv1x1-bn-relu", "conv3x3-bn-relu", "conv3x3-bn-relu", "maxpool3x3"], "test_accuracy": [0.9373998641967773], "epochs": 108}
2021-10-14 11:34:49,987 INFO {"solution": [1, 0, 1, 1, 0, 1, 0, 0, 1, 0, 0, 1, 1, 0, 0, 1, 1, 0, 0, 1, 0, "conv3x3-bn-relu", "maxpool3x3", "conv3x3-bn-relu", "conv3x3-bn-relu", "conv3x3-bn-relu"], "test_accuracy": [0.9417067170143127], "epochs": 108}
2021-10-14 11:34:58,235 INFO {"solution": [1, 1, 0, 1, 0, 1, 1, 1, 0, 0, 0, 1, 0, 0, 1, 1, 1, 0, 0, 0, 0, "conv3x3-bn-relu", "conv1x1-bn-relu", "conv1x1-bn-relu", "maxpool3x3", "conv3x3-bn-relu"], "test_accuracy": [0.9378004670143127], "epochs": 108}
2021-10-14 11:35:06,535 INFO {"solution": [1, 1, 0, 1, 0, 1, 0, 1, 0, 1, 0, 0, 0, 1, 0, 0, 1, 0, 0, 0, 1, "conv3x3-bn-relu", "conv1x1-bn-relu", "conv1x1-bn-relu", "maxpool3x3", "conv3x3-bn-relu"], "test_accuracy": [0.9399038553237915], "epochs": 108}
2021-10-14 11:32:52,833 INFO {"solution": [0, 0, 1, 1, 1, 1, 1, 1, 1, 0, 0, 0, 0, 1, 0, 1, 1, 0, 0, 0, 1, "maxpool3x3", "maxpool3x3", "conv3x3-bn-relu", "conv3x3-bn-relu", "conv1x1-bn-relu"], "test_accuracy": [0.9378004670143127], "epochs": 108}
2021-10-14 11:35:14,980 INFO {"solution": [0, 0, 1, 1, 1, 1, 0, 0, 0, 0, 0, 0, 0, 0, 1, 1, 1, 0, 1, 0, 1, "maxpool3x3", "conv1x1-bn-relu", "conv3x3-bn-relu", "conv1x1-bn-relu", "conv3x3-bn-relu"], "test_accuracy": [0.9412059187889099], "epochs": 108}
2021-10-14 11:35:22,380 INFO {"solution": [0, 1, 1, 0, 1, 1, 0, 0, 1, 1, 0, 0, 0, 0, 1, 1, 0, 0, 1, 0, 1, "conv1x1-bn-relu", "conv3x3-bn-relu", "conv3x3-bn-relu", "conv3x3-bn-relu", "conv3x3-bn-relu"], "test_accuracy": [0.9320913553237915], "epochs": 108}
2021-10-14 11:35:29,712 INFO {"solution": [0, 1, 0, 0, 1, 1, 0, 0, 0, 1, 0, 0, 1, 0, 0, 0, 1, 1, 1, 0, 1, "maxpool3x3", "maxpool3x3", "maxpool3x3", "conv3x3-bn-relu", "conv3x3-bn-relu"], "test_accuracy": [0.9339944124221802], "epochs": 108}
2021-10-14 11:35:37,408 INFO {"solution": [0, 1, 1, 1, 0, 1, 0, 1, 0, 0, 0, 1, 1, 0, 0, 1, 1, 0, 0, 1, 0, "conv1x1-bn-relu", "conv1x1-bn-relu", "conv3x3-bn-relu", "conv3x3-bn-relu", "maxpool3x3"], "test_accuracy": [0.9412059187889099], "epochs": 108}
2021-10-14 11:35:44,678 INFO {"solution": [1, 0, 1, 1, 0, 1, 1, 0, 1, 1, 0, 0, 1, 0, 0, 0, 0, 0, 0, 1, 0, "conv3x3-bn-relu", "conv3x3-bn-relu", "conv3x3-bn-relu", "conv3x3-bn-relu", "conv3x3-bn-relu"], "test_accuracy": [0.9428085088729858], "epochs": 108}
2021-10-14 11:35:53,028 INFO {"solution": [0, 1, 1, 1, 0, 1, 0, 1, 0, 0, 1, 0, 1, 1, 0, 0, 1, 0, 1, 0, 1, "maxpool3x3", "conv3x3-bn-relu", "conv3x3-bn-relu", "conv3x3-bn-relu", "conv1x1-bn-relu"], "test_accuracy": [0.9393028616905212], "epochs": 108}
2021-10-14 11:36:01,225 INFO {"solution": [0, 1, 1, 0, 1, 1, 1, 0, 0, 0, 1, 0, 0, 0, 0, 0, 1, 0, 0, 0, 1, "conv3x3-bn-relu", "conv1x1-bn-relu", "conv3x3-bn-relu", "maxpool3x3", "conv3x3-bn-relu"], "test_accuracy": [0.9297876358032227], "epochs": 108}
2021-10-14 11:36:09,867 INFO {"solution": [1, 0, 1, 1, 1, 1, 1, 0, 0, 0, 0, 0, 0, 0, 0, 1, 0, 0, 0, 1, 0, "conv3x3-bn-relu", "conv3x3-bn-relu", "conv3x3-bn-relu", "conv3x3-bn-relu", "maxpool3x3"], "test_accuracy": [0.9297876358032227], "epochs": 108}
2021-10-14 11:36:17,090 INFO {"solution": [0, 1, 1, 1, 1, 1, 0, 0, 0, 1, 0, 1, 0, 0, 0, 0, 1, 0, 1, 0, 1, "maxpool3x3", "conv3x3-bn-relu", "conv3x3-bn-relu", "conv3x3-bn-relu", "conv3x3-bn-relu"], "test_accuracy": [0.9438101053237915], "epochs": 108}
2021-10-14 11:36:24,604 INFO {"solution": [1, 1, 0, 1, 0, 1, 1, 0, 0, 0, 0, 0, 1, 0, 1, 0, 1, 0, 0, 0, 0, "conv3x3-bn-relu", "conv1x1-bn-relu", "conv1x1-bn-relu", "maxpool3x3", "maxpool3x3"], "test_accuracy": [0.9378004670143127], "epochs": 108}
2021-10-14 11:33:00,228 INFO {"solution": [0, 1, 1, 1, 0, 1, 0, 0, 0, 0, 1, 1, 1, 0, 0, 0, 1, 0, 1, 1, 0, "maxpool3x3", "conv3x3-bn-relu", "conv3x3-bn-relu", "conv1x1-bn-relu", "maxpool3x3"], "test_accuracy": [0.9378004670143127], "epochs": 108}
2021-10-14 11:36:31,705 INFO {"solution": [1, 1, 0, 1, 0, 1, 0, 0, 1, 0, 0, 1, 1, 0, 0, 0, 1, 0, 0, 1, 0, "conv3x3-bn-relu", "conv3x3-bn-relu", "conv1x1-bn-relu", "conv3x3-bn-relu", "conv3x3-bn-relu"], "test_accuracy": [0.9417067170143127], "epochs": 108}
2021-10-14 11:36:38,718 INFO {"solution": [0, 1, 1, 1, 0, 1, 0, 1, 0, 0, 0, 0, 1, 0, 0, 1, 0, 0, 0, 1, 0, "conv3x3-bn-relu", "conv3x3-bn-relu", "conv3x3-bn-relu", "conv3x3-bn-relu", "conv3x3-bn-relu"], "test_accuracy": [0.9417067170143127], "epochs": 108}
2021-10-14 11:36:45,554 INFO {"solution": [1, 1, 1, 0, 1, 1, 1, 1, 0, 1, 0, 0, 0, 0, 1, 0, 0, 0, 0, 0, 0, "conv3x3-bn-relu", "conv1x1-bn-relu", "conv1x1-bn-relu", "conv1x1-bn-relu", "conv1x1-bn-relu"], "test_accuracy": [0.9250801205635071], "epochs": 108}
2021-10-14 11:36:54,341 INFO {"solution": [0, 1, 1, 0, 1, 1, 1, 0, 1, 0, 0, 1, 0, 0, 0, 0, 1, 0, 0, 1, 1, "conv3x3-bn-relu", "conv3x3-bn-relu", "conv1x1-bn-relu", "conv3x3-bn-relu", "conv3x3-bn-relu"], "test_accuracy": [0.9381009340286255], "epochs": 108}
2021-10-14 11:37:01,684 INFO {"solution": [0, 0, 1, 0, 1, 1, 1, 0, 0, 0, 1, 0, 1, 0, 0, 1, 0, 0, 1, 0, 1, "conv1x1-bn-relu", "conv1x1-bn-relu", "conv3x3-bn-relu", "conv1x1-bn-relu", "conv3x3-bn-relu"], "test_accuracy": [0.9398036599159241], "epochs": 108}
2021-10-14 11:37:08,864 INFO {"solution": [0, 0, 1, 1, 1, 1, 0, 1, 1, 0, 0, 1, 1, 1, 0, 1, 0, 0, 1, 0, 1, "conv1x1-bn-relu", "maxpool3x3", "conv3x3-bn-relu", "conv1x1-bn-relu", "conv3x3-bn-relu"], "test_accuracy": [0.9439102411270142], "epochs": 108}
2021-10-14 11:37:15,963 INFO {"solution": [0, 1, 0, 0, 1, 1, 1, 0, 0, 1, 0, 0, 0, 1, 0, 1, 1, 1, 0, 1, 1, "conv3x3-bn-relu", "conv3x3-bn-relu", "maxpool3x3", "conv1x1-bn-relu", "conv3x3-bn-relu"], "test_accuracy": [0.9297876358032227], "epochs": 108}
2021-10-14 11:37:23,311 INFO {"solution": [1, 1, 1, 1, 0, 0, 0, 0, 1, 0, 0, 0, 0, 0, 0, 0, 0, 1, 0, 1, 0, "conv3x3-bn-relu", "conv1x1-bn-relu", "conv3x3-bn-relu", "conv3x3-bn-relu", "conv1x1-bn-relu"], "test_accuracy": [0.9378004670143127], "epochs": 108}
2021-10-14 11:37:30,508 INFO {"solution": [0, 0, 0, 1, 1, 1, 0, 1, 0, 0, 0, 0, 1, 1, 0, 1, 0, 1, 1, 0, 1, "conv3x3-bn-relu", "conv1x1-bn-relu", "conv1x1-bn-relu", "conv3x3-bn-relu", "conv1x1-bn-relu"], "test_accuracy": [0.9378004670143127], "epochs": 108}
2021-10-14 11:37:37,750 INFO {"solution": [0, 1, 1, 0, 1, 1, 0, 1, 1, 0, 1, 1, 0, 1, 0, 1, 0, 0, 0, 0, 1, "conv1x1-bn-relu", "conv3x3-bn-relu", "conv3x3-bn-relu", "conv1x1-bn-relu", "conv1x1-bn-relu"], "test_accuracy": [0.9250801205635071], "epochs": 108}
2021-10-14 11:33:07,803 INFO {"solution": [0, 0, 1, 1, 0, 1, 0, 0, 1, 1, 0, 1, 0, 1, 0, 1, 0, 0, 1, 1, 0, "maxpool3x3", "maxpool3x3", "conv3x3-bn-relu", "conv1x1-bn-relu", "maxpool3x3"], "test_accuracy": [0.9353966116905212], "epochs": 108}
2021-10-14 11:37:44,821 INFO {"solution": [0, 1, 0, 1, 0, 1, 0, 0, 0, 1, 1, 0, 1, 0, 0, 0, 0, 1, 0, 1, 1, "conv3x3-bn-relu", "conv3x3-bn-relu", "conv1x1-bn-relu", "conv3x3-bn-relu", "maxpool3x3"], "test_accuracy": [0.9395031929016113], "epochs": 108}
2021-10-14 11:37:52,239 INFO {"solution": [0, 1, 1, 1, 1, 1, 1, 0, 0, 1, 1, 1, 0, 0, 0, 0, 1, 0, 1, 0, 1, "maxpool3x3", "conv3x3-bn-relu", "conv3x3-bn-relu", "conv3x3-bn-relu", "conv3x3-bn-relu"], "test_accuracy": [0.9438101053237915], "epochs": 108}
2021-10-14 11:37:59,690 INFO {"solution": [1, 0, 1, 0, 1, 1, 1, 0, 0, 0, 0, 0, 1, 1, 0, 1, 1, 0, 0, 0, 1, "conv3x3-bn-relu", "maxpool3x3", "conv3x3-bn-relu", "conv3x3-bn-relu", "conv3x3-bn-relu"], "test_accuracy": [0.9352964758872986], "epochs": 108}
2021-10-14 11:38:06,640 INFO {"solution": [0, 1, 1, 1, 0, 1, 1, 0, 0, 1, 0, 0, 1, 1, 0, 1, 0, 0, 0, 1, 0, "maxpool3x3", "conv3x3-bn-relu", "conv3x3-bn-relu", "conv3x3-bn-relu", "conv1x1-bn-relu"], "test_accuracy": [0.9417067170143127], "epochs": 108}
2021-10-14 11:38:13,673 INFO {"solution": [1, 1, 0, 1, 1, 1, 0, 0, 1, 0, 0, 0, 0, 1, 0, 1, 1, 1, 1, 0, 1, "conv3x3-bn-relu", "conv3x3-bn-relu", "maxpool3x3", "conv3x3-bn-relu", "conv3x3-bn-relu"], "test_accuracy": [0.9436097741127014], "epochs": 108}
2021-10-14 11:38:20,495 INFO {"solution": [0, 0, 0, 1, 1, 1, 0, 0, 0, 1, 1, 1, 0, 1, 0, 0, 0, 0, 1, 0, 1, "conv1x1-bn-relu", "conv1x1-bn-relu", "conv3x3-bn-relu", "conv1x1-bn-relu", "conv3x3-bn-relu"], "test_accuracy": [0.9329928159713745], "epochs": 108}
2021-10-14 11:38:27,468 INFO {"solution": [0, 0, 1, 1, 0, 1, 0, 0, 0, 0, 1, 0, 0, 1, 0, 1, 0, 0, 0, 1, 0, "maxpool3x3", "conv3x3-bn-relu", "conv3x3-bn-relu", "conv1x1-bn-relu", "conv3x3-bn-relu"], "test_accuracy": [0.9378004670143127], "epochs": 108}
2021-10-14 11:38:34,732 INFO {"solution": [1, 1, 0, 0, 0, 1, 1, 0, 1, 0, 0, 0, 0, 0, 1, 0, 0, 1, 0, 0, 1, "conv3x3-bn-relu", "conv3x3-bn-relu", "conv1x1-bn-relu", "conv3x3-bn-relu", "conv1x1-bn-relu"], "test_accuracy": [0.9381009340286255], "epochs": 108}
2021-10-14 11:38:41,987 INFO {"solution": [0, 1, 1, 1, 0, 1, 1, 0, 0, 1, 0, 1, 0, 1, 0, 1, 1, 0, 1, 1, 0, "conv3x3-bn-relu", "conv3x3-bn-relu", "conv1x1-bn-relu", "conv3x3-bn-relu", "maxpool3x3"], "test_accuracy": [0.9381009340286255], "epochs": 108}
2021-10-14 11:38:49,073 INFO {"solution": [1, 0, 1, 1, 1, 1, 1, 1, 1, 0, 0, 0, 0, 1, 0, 0, 0, 1, 0, 0, 0, "conv3x3-bn-relu", "conv3x3-bn-relu", "conv1x1-bn-relu", "conv1x1-bn-relu", "conv1x1-bn-relu"], "test_accuracy": [0.9353966116905212], "epochs": 108}
2021-10-14 11:33:15,053 INFO {"solution": [0, 1, 0, 1, 1, 1, 1, 0, 1, 1, 1, 0, 1, 1, 0, 0, 1, 1, 0, 0, 1, "conv3x3-bn-relu", "conv3x3-bn-relu", "conv3x3-bn-relu", "conv3x3-bn-relu", "conv1x1-bn-relu"], "test_accuracy": [0.9353966116905212], "epochs": 108}
2021-10-14 11:38:56,336 INFO {"solution": [1, 0, 0, 0, 1, 1, 0, 1, 0, 0, 0, 0, 1, 0, 1, 0, 1, 0, 0, 1, 1, "conv3x3-bn-relu", "conv1x1-bn-relu", "conv1x1-bn-relu", "conv3x3-bn-relu", "conv3x3-bn-relu"], "test_accuracy": [0.9359976053237915], "epochs": 108}
2021-10-14 11:39:03,676 INFO {"solution": [0, 1, 0, 1, 1, 1, 0, 1, 0, 1, 0, 0, 1, 0, 0, 0, 1, 0, 0, 1, 0, "conv1x1-bn-relu", "conv3x3-bn-relu", "conv3x3-bn-relu", "conv1x1-bn-relu", "conv1x1-bn-relu"], "test_accuracy": [0.9353966116905212], "epochs": 108}
2021-10-14 11:39:11,041 INFO {"solution": [1, 1, 1, 0, 1, 1, 0, 0, 1, 0, 0, 1, 0, 0, 0, 0, 0, 1, 0, 0, 0, "maxpool3x3", "conv3x3-bn-relu", "conv1x1-bn-relu", "maxpool3x3", "maxpool3x3"], "test_accuracy": [0.9250801205635071], "epochs": 108}
2021-10-14 11:39:18,128 INFO {"solution": [1, 1, 1, 1, 1, 1, 1, 0, 0, 0, 0, 0, 1, 0, 1, 0, 0, 0, 1, 0, 0, "conv3x3-bn-relu", "conv1x1-bn-relu", "conv1x1-bn-relu", "conv3x3-bn-relu", "conv1x1-bn-relu"], "test_accuracy": [0.9353966116905212], "epochs": 108}
2021-10-14 11:39:25,654 INFO {"solution": [0, 0, 1, 0, 1, 1, 0, 1, 1, 1, 1, 0, 1, 1, 0, 1, 1, 0, 0, 0, 1, "conv3x3-bn-relu", "maxpool3x3", "conv3x3-bn-relu", "conv1x1-bn-relu", "conv1x1-bn-relu"], "test_accuracy": [0.9250801205635071], "epochs": 108}
2021-10-14 11:39:33,513 INFO {"solution": [0, 0, 0, 1, 1, 1, 1, 1, 0, 0, 0, 1, 0, 0, 1, 1, 0, 0, 1, 0, 1, "conv3x3-bn-relu", "conv3x3-bn-relu", "maxpool3x3", "conv3x3-bn-relu", "conv1x1-bn-relu"], "test_accuracy": [0.9353966116905212], "epochs": 108}
2021-10-14 11:39:40,610 INFO {"solution": [1, 1, 1, 1, 1, 1, 1, 1, 1, 0, 0, 1, 1, 1, 0, 0, 0, 1, 1, 0, 0, "conv3x3-bn-relu", "conv1x1-bn-relu", "conv3x3-bn-relu", "maxpool3x3", "conv3x3-bn-relu"], "test_accuracy": [0.9412059187889099], "epochs": 108}
2021-10-14 11:39:47,685 INFO {"solution": [0, 1, 1, 0, 1, 1, 0, 0, 1, 0, 1, 1, 0, 0, 0, 0, 0, 1, 1, 1, 0, "conv1x1-bn-relu", "conv3x3-bn-relu", "conv1x1-bn-relu", "conv3x3-bn-relu", "maxpool3x3"], "test_accuracy": [0.9250801205635071], "epochs": 108}
2021-10-14 11:39:54,749 INFO {"solution": [1, 0, 0, 1, 0, 1, 1, 1, 1, 1, 0, 1, 0, 0, 0, 0, 0, 1, 1, 1, 0, "conv3x3-bn-relu", "conv1x1-bn-relu", "conv3x3-bn-relu", "conv3x3-bn-relu", "maxpool3x3"], "test_accuracy": [0.9400039911270142], "epochs": 108}
2021-10-14 11:40:01,821 INFO {"solution": [1, 0, 0, 1, 1, 1, 0, 0, 0, 1, 0, 0, 0, 1, 1, 0, 0, 0, 1, 0, 1, "conv3x3-bn-relu", "conv3x3-bn-relu", "conv3x3-bn-relu", "conv3x3-bn-relu", "conv3x3-bn-relu"], "test_accuracy": [0.9403044581413269], "epochs": 108}
2021-10-14 11:33:22,115 INFO {"solution": [1, 1, 1, 1, 1, 1, 1, 1, 0, 0, 0, 1, 1, 1, 0, 0, 1, 0, 0, 1, 0, "conv3x3-bn-relu", "conv1x1-bn-relu", "conv3x3-bn-relu", "conv3x3-bn-relu", "conv3x3-bn-relu"], "test_accuracy": [0.9381009340286255], "epochs": 108}
2021-10-14 11:40:08,846 INFO {"solution": [1, 1, 1, 0, 0, 1, 1, 1, 0, 0, 0, 1, 1, 0, 0, 1, 1, 1, 0, 0, 0, "conv1x1-bn-relu", "conv3x3-bn-relu", "conv3x3-bn-relu", "maxpool3x3", "maxpool3x3"], "test_accuracy": [0.9411057829856873], "epochs": 108}
2021-10-14 11:40:15,773 INFO {"solution": [1, 0, 1, 1, 1, 1, 0, 1, 0, 0, 0, 1, 1, 0, 1, 0, 1, 0, 1, 0, 1, "conv3x3-bn-relu", "conv1x1-bn-relu", "conv3x3-bn-relu", "conv3x3-bn-relu", "conv3x3-bn-relu"], "test_accuracy": [0.9438101053237915], "epochs": 108}
2021-10-14 11:40:22,719 INFO {"solution": [0, 1, 1, 0, 0, 1, 1, 0, 1, 1, 0, 1, 0, 0, 0, 1, 0, 1, 0, 0, 0, "conv3x3-bn-relu", "conv3x3-bn-relu", "conv1x1-bn-relu", "conv1x1-bn-relu", "conv3x3-bn-relu"], "test_accuracy": [0.9250801205635071], "epochs": 108}
2021-10-14 11:40:29,571 INFO {"solution": [0, 1, 1, 1, 0, 1, 1, 0, 0, 1, 0, 1, 1, 1, 0, 0, 0, 0, 1, 1, 0, "maxpool3x3", "conv3x3-bn-relu", "conv1x1-bn-relu", "conv1x1-bn-relu", "conv3x3-bn-relu"], "test_accuracy": [0.9353966116905212], "epochs": 108}
2021-10-14 11:40:36,627 INFO {"solution": [0, 0, 0, 1, 1, 1, 1, 0, 1, 0, 0, 0, 1, 1, 0, 1, 0, 1, 1, 0, 1, "conv1x1-bn-relu", "maxpool3x3", "conv3x3-bn-relu", "conv3x3-bn-relu", "conv1x1-bn-relu"], "test_accuracy": [0.9353966116905212], "epochs": 108}
2021-10-14 11:40:43,861 INFO {"solution": [0, 1, 1, 0, 1, 1, 0, 0, 1, 0, 1, 0, 1, 1, 0, 0, 1, 0, 0, 0, 1, "conv3x3-bn-relu", "conv3x3-bn-relu", "conv3x3-bn-relu", "conv3x3-bn-relu", "conv3x3-bn-relu"], "test_accuracy": [0.942307710647583], "epochs": 108}
2021-10-14 11:40:50,968 INFO {"solution": [1, 1, 0, 1, 1, 1, 1, 0, 1, 0, 0, 0, 1, 0, 0, 1, 0, 1, 0, 1, 0, "conv3x3-bn-relu", "conv1x1-bn-relu", "conv1x1-bn-relu", "conv3x3-bn-relu", "maxpool3x3"], "test_accuracy": [0.9376001358032227], "epochs": 108}
2021-10-14 11:40:57,997 INFO {"solution": [0, 1, 1, 1, 1, 1, 1, 0, 1, 0, 1, 1, 1, 1, 0, 0, 0, 0, 0, 1, 0, "conv1x1-bn-relu", "conv3x3-bn-relu", "maxpool3x3", "conv3x3-bn-relu", "maxpool3x3"], "test_accuracy": [0.9381009340286255], "epochs": 108}
2021-10-14 11:41:04,938 INFO {"solution": [1, 1, 1, 1, 0, 1, 1, 1, 0, 1, 0, 1, 0, 1, 0, 0, 0, 1, 0, 0, 0, "conv1x1-bn-relu", "conv3x3-bn-relu", "conv3x3-bn-relu", "conv1x1-bn-relu", "conv3x3-bn-relu"], "test_accuracy": [0.9411057829856873], "epochs": 108}
2021-10-14 11:41:11,802 INFO {"solution": [0, 0, 1, 1, 0, 1, 1, 0, 0, 1, 0, 1, 1, 1, 1, 1, 0, 1, 0, 1, 0, "conv1x1-bn-relu", "conv1x1-bn-relu", "conv3x3-bn-relu", "conv3x3-bn-relu", "conv3x3-bn-relu"], "test_accuracy": [0.9369992017745972], "epochs": 108}
2021-10-14 11:33:29,805 INFO {"solution": [0, 1, 0, 1, 1, 1, 0, 0, 0, 1, 1, 1, 1, 1, 0, 0, 0, 0, 1, 0, 1, "maxpool3x3", "conv1x1-bn-relu", "maxpool3x3", "conv3x3-bn-relu", "conv3x3-bn-relu"], "test_accuracy": [0.9411057829856873], "epochs": 108}
2021-10-14 11:41:18,660 INFO {"solution": [1, 0, 0, 0, 1, 1, 0, 0, 0, 1, 0, 1, 0, 1, 0, 1, 0, 0, 0, 0, 1, "conv3x3-bn-relu", "conv1x1-bn-relu", "conv3x3-bn-relu", "conv3x3-bn-relu", "conv3x3-bn-relu"], "test_accuracy": [0.9381009340286255], "epochs": 108}
2021-10-14 11:41:25,683 INFO {"solution": [1, 1, 0, 0, 0, 1, 1, 0, 1, 0, 0, 0, 0, 1, 1, 0, 1, 1, 0, 0, 0, "conv3x3-bn-relu", "conv1x1-bn-relu", "maxpool3x3", "maxpool3x3", "maxpool3x3"], "test_accuracy": [0.9353966116905212], "epochs": 108}
2021-10-14 11:41:33,308 INFO {"solution": [0, 1, 0, 0, 1, 1, 1, 0, 0, 0, 0, 1, 0, 1, 0, 0, 0, 0, 0, 0, 1, "conv1x1-bn-relu", "conv3x3-bn-relu", "conv3x3-bn-relu", "maxpool3x3", "conv1x1-bn-relu"], "test_accuracy": [0.9378004670143127], "epochs": 108}
2021-10-14 11:41:40,563 INFO {"solution": [1, 1, 1, 1, 0, 0, 0, 0, 0, 0, 1, 1, 0, 0, 0, 1, 0, 0, 0, 1, 0, "conv1x1-bn-relu", "conv3x3-bn-relu", "conv3x3-bn-relu", "conv3x3-bn-relu", "conv1x1-bn-relu"], "test_accuracy": [0.9396033883094788], "epochs": 108}
2021-10-14 11:41:47,688 INFO {"solution": [0, 0, 1, 0, 1, 1, 0, 1, 0, 0, 0, 0, 1, 0, 0, 0, 1, 0, 0, 1, 1, "conv1x1-bn-relu", "conv3x3-bn-relu", "conv3x3-bn-relu", "conv3x3-bn-relu", "conv1x1-bn-relu"], "test_accuracy": [0.9353966116905212], "epochs": 108}
2021-10-14 11:41:54,987 INFO {"solution": [0, 0, 1, 0, 1, 1, 0, 1, 1, 0, 0, 0, 1, 0, 0, 0, 1, 0, 1, 1, 1, "conv3x3-bn-relu", "conv1x1-bn-relu", "conv3x3-bn-relu", "maxpool3x3", "conv1x1-bn-relu"], "test_accuracy": [0.9353966116905212], "epochs": 108}
2021-10-14 11:42:02,105 INFO {"solution": [1, 1, 0, 1, 1, 1, 0, 0, 1, 0, 0, 0, 0, 1, 0, 1, 1, 0, 0, 1, 0, "conv3x3-bn-relu", "conv3x3-bn-relu", "maxpool3x3", "conv3x3-bn-relu", "conv1x1-bn-relu"], "test_accuracy": [0.9395031929016113], "epochs": 108}
2021-10-14 11:42:09,038 INFO {"solution": [1, 1, 1, 0, 0, 0, 0, 0, 1, 1, 0, 0, 0, 0, 1, 1, 1, 0, 0, 1, 0, "maxpool3x3", "conv1x1-bn-relu", "conv3x3-bn-relu", "conv3x3-bn-relu", "conv1x1-bn-relu"], "test_accuracy": [0.936598539352417], "epochs": 108}
2021-10-14 11:42:15,978 INFO {"solution": [0, 1, 1, 0, 1, 1, 1, 0, 0, 0, 1, 0, 1, 0, 1, 1, 0, 0, 0, 1, 1, "conv3x3-bn-relu", "conv3x3-bn-relu", "conv3x3-bn-relu", "conv3x3-bn-relu", "conv3x3-bn-relu"], "test_accuracy": [0.9339944124221802], "epochs": 108}
2021-10-14 11:42:23,108 INFO {"solution": [1, 0, 1, 0, 0, 1, 1, 0, 0, 0, 0, 1, 1, 0, 0, 0, 0, 1, 0, 0, 1, "conv3x3-bn-relu", "conv1x1-bn-relu", "conv3x3-bn-relu", "conv3x3-bn-relu", "conv3x3-bn-relu"], "test_accuracy": [0.9353966116905212], "epochs": 108}
2021-10-14 11:33:37,218 INFO {"solution": [1, 1, 1, 0, 0, 1, 0, 0, 0, 0, 0, 1, 0, 1, 0, 0, 0, 1, 0, 0, 0, "conv1x1-bn-relu", "conv3x3-bn-relu", "conv3x3-bn-relu", "conv3x3-bn-relu", "maxpool3x3"], "test_accuracy": [0.9381009340286255], "epochs": 108}
2021-10-14 11:42:30,097 INFO {"solution": [1, 1, 1, 1, 1, 1, 1, 0, 1, 0, 0, 0, 1, 0, 0, 0, 0, 0, 1, 1, 0, "conv1x1-bn-relu", "conv3x3-bn-relu", "conv3x3-bn-relu", "conv3x3-bn-relu", "conv1x1-bn-relu"], "test_accuracy": [0.9411057829856873], "epochs": 108}
2021-10-14 11:42:37,157 INFO {"solution": [0, 1, 1, 0, 1, 1, 0, 0, 0, 1, 1, 0, 0, 1, 0, 0, 1, 0, 1, 0, 1, "conv1x1-bn-relu", "conv3x3-bn-relu", "conv3x3-bn-relu", "conv1x1-bn-relu", "conv3x3-bn-relu"], "test_accuracy": [0.942307710647583], "epochs": 108}
2021-10-14 11:42:44,099 INFO {"solution": [1, 1, 1, 1, 0, 1, 1, 1, 0, 0, 0, 0, 0, 0, 1, 1, 0, 0, 0, 0, 0, "conv3x3-bn-relu", "conv1x1-bn-relu", "conv3x3-bn-relu", "maxpool3x3", "conv3x3-bn-relu"], "test_accuracy": [0.9250801205635071], "epochs": 108}
2021-10-14 11:42:51,119 INFO {"solution": [1, 0, 1, 1, 0, 1, 1, 0, 1, 0, 0, 1, 0, 0, 0, 1, 0, 0, 0, 1, 0, "conv3x3-bn-relu", "conv3x3-bn-relu", "conv3x3-bn-relu", "conv3x3-bn-relu", "conv1x1-bn-relu"], "test_accuracy": [0.9420071840286255], "epochs": 108}
2021-10-14 11:42:58,149 INFO {"solution": [0, 1, 1, 1, 0, 1, 1, 1, 1, 1, 0, 0, 0, 1, 0, 0, 0, 1, 1, 0, 1, "conv3x3-bn-relu", "conv1x1-bn-relu", "conv3x3-bn-relu", "conv3x3-bn-relu", "conv3x3-bn-relu"], "test_accuracy": [0.9381009340286255], "epochs": 108}
2021-10-14 11:43:05,250 INFO {"solution": [1, 1, 0, 0, 0, 1, 1, 0, 0, 1, 0, 1, 1, 1, 1, 0, 1, 0, 0, 0, 0, "conv3x3-bn-relu", "conv1x1-bn-relu", "conv3x3-bn-relu", "maxpool3x3", "conv3x3-bn-relu"], "test_accuracy": [0.9250801205635071], "epochs": 108}
2021-10-14 11:43:13,022 INFO {"solution": [1, 1, 1, 0, 1, 1, 0, 1, 0, 0, 0, 1, 0, 0, 0, 1, 1, 0, 0, 0, 1, "conv3x3-bn-relu", "conv1x1-bn-relu", "conv3x3-bn-relu", "conv1x1-bn-relu", "conv1x1-bn-relu"], "test_accuracy": [0.9351963400840759], "epochs": 108}
2021-10-14 11:43:20,633 INFO {"solution": [1, 1, 0, 0, 1, 1, 0, 0, 0, 1, 0, 0, 0, 1, 0, 1, 0, 0, 0, 1, 1, "conv3x3-bn-relu", "conv3x3-bn-relu", "conv1x1-bn-relu", "conv1x1-bn-relu", "conv3x3-bn-relu"], "test_accuracy": [0.9417067170143127], "epochs": 108}
2021-10-14 11:43:28,815 INFO {"solution": [1, 0, 1, 1, 1, 1, 0, 0, 0, 1, 0, 0, 0, 0, 1, 0, 0, 0, 1, 0, 1, "conv3x3-bn-relu", "maxpool3x3", "conv3x3-bn-relu", "conv3x3-bn-relu", "conv3x3-bn-relu"], "test_accuracy": [0.9417067170143127], "epochs": 108}
2021-10-14 11:43:36,059 INFO {"solution": [1, 1, 1, 1, 1, 1, 1, 1, 0, 0, 0, 1, 1, 1, 0, 0, 0, 1, 0, 0, 0, "conv3x3-bn-relu", "conv1x1-bn-relu", "conv3x3-bn-relu", "conv1x1-bn-relu", "conv1x1-bn-relu"], "test_accuracy": [0.9412059187889099], "epochs": 108}
2021-10-14 11:33:44,759 INFO {"solution": [0, 1, 0, 1, 1, 1, 0, 0, 0, 1, 1, 0, 0, 1, 0, 1, 0, 0, 0, 0, 1, "conv3x3-bn-relu", "conv3x3-bn-relu", "maxpool3x3", "conv3x3-bn-relu", "conv3x3-bn-relu"], "test_accuracy": [0.9381009340286255], "epochs": 108}
2021-10-14 11:43:43,215 INFO {"solution": [1, 0, 0, 1, 1, 1, 1, 0, 0, 1, 0, 0, 0, 1, 0, 0, 0, 0, 1, 0, 1, "conv3x3-bn-relu", "conv3x3-bn-relu", "conv1x1-bn-relu", "maxpool3x3", "conv3x3-bn-relu"], "test_accuracy": [0.9386017918586731], "epochs": 108}
2021-10-14 11:43:50,355 INFO {"solution": [0, 0, 0, 1, 1, 1, 0, 0, 0, 1, 1, 0, 1, 0, 0, 0, 0, 1, 1, 0, 1, "conv1x1-bn-relu", "maxpool3x3", "conv3x3-bn-relu", "conv3x3-bn-relu", "conv3x3-bn-relu"], "test_accuracy": [0.9297876358032227], "epochs": 108}
2021-10-14 11:43:57,792 INFO {"solution": [1, 1, 1, 0, 0, 1, 1, 0, 1, 1, 0, 0, 0, 1, 1, 0, 0, 0, 0, 0, 0, "conv3x3-bn-relu", "conv3x3-bn-relu", "maxpool3x3", "conv3x3-bn-relu", "conv1x1-bn-relu"], "test_accuracy": [0.9381009340286255], "epochs": 108}
2021-10-14 11:44:04,783 INFO {"solution": [1, 1, 1, 0, 1, 0, 0, 1, 0, 1, 0, 0, 0, 0, 1, 0, 1, 0, 1, 0, 1, "conv3x3-bn-relu", "conv1x1-bn-relu", "conv3x3-bn-relu", "conv1x1-bn-relu", "conv3x3-bn-relu"], "test_accuracy": [0.9390023946762085], "epochs": 108}
2021-10-14 11:44:12,196 INFO {"solution": [1, 1, 1, 0, 1, 1, 0, 1, 0, 0, 0, 0, 1, 1, 0, 0, 1, 0, 0, 0, 1, "conv3x3-bn-relu", "maxpool3x3", "conv3x3-bn-relu", "conv3x3-bn-relu", "conv1x1-bn-relu"], "test_accuracy": [0.9420071840286255], "epochs": 108}
2021-10-14 11:44:19,331 INFO {"solution": [1, 1, 1, 0, 1, 1, 1, 1, 0, 0, 0, 1, 1, 1, 1, 0, 0, 0, 0, 0, 0, "conv3x3-bn-relu", "conv3x3-bn-relu", "maxpool3x3", "conv1x1-bn-relu", "maxpool3x3"], "test_accuracy": [0.9395031929016113], "epochs": 108}
2021-10-14 11:44:26,256 INFO {"solution": [1, 0, 1, 1, 0, 1, 0, 1, 1, 0, 0, 1, 0, 0, 0, 1, 1, 0, 0, 1, 0, "conv1x1-bn-relu", "maxpool3x3", "conv3x3-bn-relu", "conv3x3-bn-relu", "maxpool3x3"], "test_accuracy": [0.9412059187889099], "epochs": 108}
2021-10-14 11:44:33,668 INFO {"solution": [0, 0, 1, 1, 0, 1, 0, 1, 1, 0, 1, 1, 0, 1, 0, 1, 0, 0, 1, 1, 0, "conv3x3-bn-relu", "conv3x3-bn-relu", "conv3x3-bn-relu", "conv1x1-bn-relu", "maxpool3x3"], "test_accuracy": [0.9250801205635071], "epochs": 108}
2021-10-14 11:44:41,173 INFO {"solution": [0, 1, 1, 1, 1, 1, 0, 1, 1, 1, 0, 0, 1, 1, 0, 0, 1, 0, 0, 0, 1, "maxpool3x3", "conv3x3-bn-relu", "conv3x3-bn-relu", "conv3x3-bn-relu", "conv3x3-bn-relu"], "test_accuracy": [0.9403044581413269], "epochs": 108}
2021-10-14 11:44:48,409 INFO {"solution": [1, 1, 0, 1, 1, 1, 0, 0, 1, 1, 0, 0, 1, 0, 0, 1, 0, 1, 0, 1, 0, "conv3x3-bn-relu", "conv3x3-bn-relu", "maxpool3x3", "conv3x3-bn-relu", "maxpool3x3"], "test_accuracy": [0.9417067170143127], "epochs": 108}
