2021-10-14 11:32:51,236 INFO {"solution": [1, 1, 0, 1, 1, 1, 0, 0, 0, 0, 0, 1, 0, 0, 0, 1, 1, 0, 1, 0, 1, "conv1x1-bn-relu", "conv1x1-bn-relu", "conv3x3-bn-relu", "conv3x3-bn-relu", "conv3x3-bn-relu"], "test_accuracy": [0.9413061141967773], "epochs": 108}
2021-10-14 11:33:59,570 INFO {"solution": [0, 1, 1, 1, 1, 1, 0, 0, 0, 1, 1, 1, 1, 1, 0, 0, 0, 0, 1, 0, 1, "conv1x1-bn-relu", "conv1x1-bn-relu", "maxpool3x3", "conv3x3-bn-relu", "conv3x3-bn-relu"], "test_accuracy": [0.9411057829856873], "epochs": 108}
2021-10-14 11:45:01,257 INFO {"solution": [0, 0, 0, 1, 1, 1, 0, 0, 0, 1, 1, 0, 1, 1, 1, 0, 0, 0, 1, 0, 1, "maxpool3x3", "conv1x1-bn-relu", "maxpool3x3", "conv3x3-bn-relu", "conv1x1-bn-relu"], "test_accuracy": [0.9250801205635071], "epochs": 108}
2021-10-14 11:34:07,972 INFO {"solution": [0, 1, 1, 1, 1, 1, 1, 1, 1, 0, 0, 0, 1, 0, 0, 0, 1, 0, 1, 0, 1, "conv1x1-bn-relu", "conv3x3-bn-relu", "conv3x3-bn-relu", "conv3x3-bn-relu", "conv3x3-bn-relu"], "test_accuracy": [0.9436097741127014], "epochs": 108}
2021-10-14 11:34:15,993 INFO {"solution": [0, 1, 1, 1, 1, 1, 1, 0, 1, 0, 0, 0, 1, 0, 0, 0, 1, 0, 1, 0, 1, "maxpool3x3", "conv3x3-bn-relu", "conv1x1-bn-relu", "conv3x3-bn-relu", "conv1x1-bn-relu"], "test_accuracy": [0.9432091116905212], "epochs": 108}
2021-10-14 11:34:23,987 INFO {"solution": [0, 0, 0, 1, 1, 1, 0, 1, 0, 1, 1, 0, 1, 0, 1, 0, 0, 0, 1, 0, 1, "maxpool3x3", "conv1x1-bn-relu", "conv1x1-bn-relu", "conv3x3-bn-relu", "conv1x1-bn-relu"], "test_accuracy": [0.9353966116905212], "epochs": 108}
2021-10-14 11:34:31,934 INFO {"solution": [0, 0, 0, 1, 1, 1, 0, 0, 0, 1, 1, 1, 1, 1, 1, 0, 0, 0, 1, 0, 1, "maxpool3x3", "conv1x1-bn-relu", "conv1x1-bn-relu", "conv3x3-bn-relu", "conv1x1-bn-relu"], "test_accuracy": [0.9250801205635071], "epochs": 108}
2021-10-14 11:34:40,058 INFO {"solution": [0, 1, 1, 1, 1, 1, 0, 0, 0, 0, 0, 0, 1, 0, 0, 1, 0, 0, 1, 0, 1, "conv3x3-bn-relu", "conv1x1-bn-relu", "maxpool3x3", "conv3x3-bn-relu", "conv3x3-bn-relu"], "test_accuracy": [0.9371995329856873], "epochs": 108}
2021-10-14 11:34:48,336 INFO {"solution": [0, 0, 0, 1, 1, 1, 0, 0, 0, 1, 1, 0, 1, 1, 1, 0, 0, 0, 1, 0, 1, "maxpool3x3", "conv1x1-bn-relu", "conv1x1-bn-relu", "conv3x3-bn-relu", "conv1x1-bn-relu"], "test_accuracy": [0.9378004670143127], "epochs": 108}
2021-10-14 11:34:56,485 INFO {"solution": [0, 0, 0, 1, 1, 1, 0, 1, 0, 1, 1, 0, 1, 0, 1, 0, 0, 0, 1, 0, 1, "maxpool3x3", "conv1x1-bn-relu", "conv1x1-bn-relu", "conv3x3-bn-relu", "conv1x1-bn-relu"], "test_accuracy": [0.9378004670143127], "epochs": 108}
2021-10-14 11:35:04,555 INFO {"solution": [0, 0, 0, 1, 1, 1, 0, 0, 0, 1, 1, 0, 1, 1, 1, 0, 0, 0, 1, 0, 1, "maxpool3x3", "conv1x1-bn-relu", "conv1x1-bn-relu", "conv3x3-bn-relu", "conv1x1-bn-relu"], "test_accuracy": [0.9353966116905212], "epochs": 108}
2021-10-14 11:35:13,237 INFO {"solution": [0, 0, 0, 1, 1, 1, 0, 0, 0, 1, 1, 0, 1, 1, 1, 0, 0, 0, 1, 0, 1, "maxpool3x3", "conv1x1-bn-relu", "conv1x1-bn-relu", "conv3x3-bn-relu", "conv1x1-bn-relu"], "test_accuracy": [0.9353966116905212], "epochs": 108}
2021-10-14 11:32:58,705 INFO {"solution": [0, 0, 0, 1, 1, 1, 0, 0, 0, 1, 1, 0, 1, 1, 1, 0, 0, 0, 1, 0, 1, "maxpool3x3", "conv1x1-bn-relu", "conv1x1-bn-relu", "conv3x3-bn-relu", "conv1x1-bn-relu"], "test_accuracy": [0.9250801205635071], "epochs": 108}
2021-10-14 11:35:20,797 INFO {"solution": [0, 0, 0, 1, 1, 1, 0, 0, 0, 1, 1, 0, 1, 1, 0, 0, 0, 1, 1, 0, 1, "maxpool3x3", "conv1x1-bn-relu", "conv1x1-bn-relu", "conv3x3-bn-relu", "conv1x1-bn-relu"], "test_accuracy": [0.9353966116905212], "epochs": 108}
2021-10-14 11:35:28,058 INFO {"solution": [0, 0, 0, 1, 1, 1, 0, 0, 0, 1, 1, 0, 1, 1, 1, 0, 0, 0, 1, 0, 1, "maxpool3x3", "conv1x1-bn-relu", "conv1x1-bn-relu", "conv3x3-bn-relu", "conv1x1-bn-relu"], "test_accuracy": [0.9250801205635071], "epochs": 108}
2021-10-14 11:35:35,804 INFO {"solution": [0, 0, 0, 1, 1, 1, 0, 0, 0, 1, 1, 0, 1, 1, 1, 0, 0, 0, 1, 0, 1, "maxpool3x3", "conv1x1-bn-relu", "conv1x1-bn-relu", "conv3x3-bn-relu", "conv1x1-bn-relu"], "test_accuracy": [0.9250801205635071], "epochs": 108}
2021-10-14 11:35:43,066 INFO {"solution": [0, 1, 1, 1, 1, 1, 1, 0, 1, 0, 1, 0, 1, 0, 0, 1, 0, 0, 1, 0, 1, "conv1x1-bn-relu", "conv3x3-bn-relu", "conv3x3-bn-relu", "conv3x3-bn-relu", "conv1x1-bn-relu"], "test_accuracy": [0.9370993375778198], "epochs": 108}
2021-10-14 11:35:51,484 INFO {"solution": [0, 0, 0, 1, 1, 1, 0, 0, 0, 0, 0, 1, 1, 0, 1, 0, 0, 0, 1, 0, 1, "conv1x1-bn-relu", "conv1x1-bn-relu", "conv1x1-bn-relu", "conv3x3-bn-relu", "conv1x1-bn-relu"], "test_accuracy": [0.9353966116905212], "epochs": 108}
2021-10-14 11:35:59,197 INFO {"solution": [1, 0, 1, 1, 1, 1, 0, 0, 1, 1, 0, 1, 0, 1, 1, 0, 0, 0, 1, 0, 1, "conv3x3-bn-relu", "maxpool3x3", "conv1x1-bn-relu", "conv1x1-bn-relu", "conv3x3-bn-relu"], "test_accuracy": [0.9376001358032227], "epochs": 108}
2021-10-14 11:36:07,965 INFO {"solution": [0, 0, 0, 1, 1, 1, 1, 0, 0, 1, 1, 0, 0, 0, 0, 0, 0, 0, 1, 0, 1, "maxpool3x3", "conv1x1-bn-relu", "conv1x1-bn-relu", "conv3x3-bn-relu", "conv1x1-bn-relu"], "test_accuracy": [0.9378004670143127], "epochs": 108}
2021-10-14 11:36:15,504 INFO {"solution": [0, 0, 0, 1, 1, 1, 0, 0, 0, 1, 1, 0, 1, 1, 1, 0, 0, 0, 1, 0, 1, "maxpool3x3", "conv1x1-bn-relu", "conv1x1-bn-relu", "conv3x3-bn-relu", "conv1x1-bn-relu"], "test_accuracy": [0.9353966116905212], "epochs": 108}
2021-10-14 11:36:22,720 INFO {"solution": [1, 1, 1, 0, 1, 1, 1, 0, 0, 0, 0, 0, 1, 1, 0, 0, 1, 0, 0, 0, 1, "conv3x3-bn-relu", "conv3x3-bn-relu", "conv3x3-bn-relu", "maxpool3x3", "conv3x3-bn-relu"], "test_accuracy": [0.9438101053237915], "epochs": 108}
2021-10-14 11:36:30,142 INFO {"solution": [1, 0, 0, 1, 1, 1, 0, 0, 1, 1, 0, 0, 1, 0, 1, 1, 1, 0, 1, 0, 1, "conv3x3-bn-relu", "maxpool3x3", "conv1x1-bn-relu", "conv1x1-bn-relu", "conv3x3-bn-relu"], "test_accuracy": [0.9376001358032227], "epochs": 108}
2021-10-14 11:33:06,253 INFO {"solution": [0, 0, 0, 1, 1, 1, 1, 0, 0, 0, 0, 0, 1, 0, 1, 0, 1, 0, 1, 0, 1, "conv1x1-bn-relu", "conv3x3-bn-relu", "conv3x3-bn-relu", "conv3x3-bn-relu", "conv1x1-bn-relu"], "test_accuracy": [0.9250801205635071], "epochs": 108}
2021-10-14 11:36:37,195 INFO {"solution": [0, 0, 0, 1, 1, 1, 0, 0, 0, 1, 1, 0, 1, 1, 1, 0, 0, 0, 1, 0, 1, "maxpool3x3", "conv1x1-bn-relu", "conv1x1-bn-relu", "conv3x3-bn-relu", "conv1x1-bn-relu"], "test_accuracy": [0.9250801205635071], "epochs": 108}
2021-10-14 11:36:44,037 INFO {"solution": [0, 0, 1, 1, 1, 1, 0, 0, 1, 1, 0, 0, 1, 0, 1, 1, 1, 0, 1, 0, 1, "conv3x3-bn-relu", "conv1x1-bn-relu", "conv1x1-bn-relu", "conv3x3-bn-relu", "conv3x3-bn-relu"], "test_accuracy": [0.9412059187889099], "epochs": 108}
2021-10-14 11:36:52,047 INFO {"solution": [0, 1, 1, 1, 1, 1, 1, 0, 0, 0, 0, 1, 0, 0, 0, 1, 0, 0, 1, 0, 1, "maxpool3x3", "conv3x3-bn-relu", "conv3x3-bn-relu", "conv3x3-bn-relu", "conv1x1-bn-relu"], "test_accuracy": [0.9416065812110901], "epochs": 108}
2021-10-14 11:37:00,199 INFO {"solution": [0, 0, 0, 1, 1, 1, 0, 0, 0, 1, 1, 0, 1, 1, 1, 0, 0, 0, 1, 0, 1, "maxpool3x3", "conv1x1-bn-relu", "conv1x1-bn-relu", "conv3x3-bn-relu", "conv1x1-bn-relu"], "test_accuracy": [0.9250801205635071], "epochs": 108}
2021-10-14 11:37:07,255 INFO {"solution": [0, 0, 0, 1, 1, 1, 0, 0, 0, 1, 1, 0, 1, 1, 1, 0, 0, 0, 1, 0, 1, "maxpool3x3", "conv1x1-bn-relu", "conv1x1-bn-relu", "conv3x3-bn-relu", "conv1x1-bn-relu"], "test_accuracy": [0.9353966116905212], "epochs": 108}
2021-10-14 11:37:14,529 INFO {"solution": [0, 1, 1, 1, 1, 1, 1, 0, 1, 1, 1, 0, 1, 0, 0, 0, 1, 0, 1, 0, 1, "maxpool3x3", "conv3x3-bn-relu", "conv3x3-bn-relu", "conv3x3-bn-relu", "conv3x3-bn-relu"], "test_accuracy": [0.9438101053237915], "epochs": 108}
2021-10-14 11:37:21,680 INFO {"solution": [0, 0, 0, 1, 1, 1, 1, 0, 0, 0, 0, 1, 1, 0, 0, 0, 0, 0, 1, 0, 1, "conv1x1-bn-relu", "conv3x3-bn-relu", "conv3x3-bn-relu", "conv3x3-bn-relu", "conv1x1-bn-relu"], "test_accuracy": [0.9353966116905212], "epochs": 108}
2021-10-14 11:37:29,045 INFO {"solution": [0, 0, 0, 1, 1, 1, 0, 0, 0, 1, 1, 0, 1, 1, 1, 0, 0, 0, 1, 0, 1, "maxpool3x3", "conv1x1-bn-relu", "conv1x1-bn-relu", "conv3x3-bn-relu", "conv1x1-bn-relu"], "test_accuracy": [0.9250801205635071], "epochs": 108}
2021-10-14 11:37:36,172 INFO {"solution": [0, 1, 1, 1, 1, 1, 1, 0, 0, 0, 1, 0, 1, 0, 0, 0, 1, 0, 1, 0, 1, "conv3x3-bn-relu", "conv3x3-bn-relu", "conv3x3-bn-relu", "conv3x3-bn-relu", "conv3x3-bn-relu"], "test_accuracy": [0.9396033883094788], "epochs": 108}
2021-10-14 11:37:43,330 INFO {"solution": [0, 0, 0, 1, 1, 1, 0, 0, 0, 1, 1, 0, 1, 1, 1, 0, 0, 0, 1, 0, 1, "maxpool3x3", "conv1x1-bn-relu", "conv1x1-bn-relu", "conv3x3-bn-relu", "conv1x1-bn-relu"], "test_accuracy": [0.9353966116905212], "epochs": 108}
2021-10-14 11:33:13,540 INFO {"solution": [1, 1, 0, 1, 1, 1, 1, 0, 0, 0, 0, 0, 0, 1, 0, 0, 0, 0, 1, 0, 1, "conv3x3-bn-relu", "conv3x3-bn-relu", "conv3x3-bn-relu", "conv3x3-bn-relu", "conv3x3-bn-relu"], "test_accuracy": [0.9438101053237915], "epochs": 108}
2021-10-14 11:37:50,474 INFO {"solution": [0, 0, 0, 1, 1, 1, 0, 0, 0, 1, 1, 0, 1, 1, 1, 0, 0, 0, 1, 0, 1, "maxpool3x3", "conv1x1-bn-relu", "conv1x1-bn-relu", "conv3x3-bn-relu", "conv1x1-bn-relu"], "test_accuracy": [0.9378004670143127], "epochs": 108}
2021-10-14 11:37:58,069 INFO {"solution": [0, 0, 1, 1, 1, 1, 0, 0, 0, 1, 1, 0, 1, 1, 1, 0, 0, 0, 1, 0, 1, "maxpool3x3", "conv3x3-bn-relu", "conv1x1-bn-relu", "conv3x3-bn-relu", "conv1x1-bn-relu"], "test_accuracy": [0.9250801205635071], "epochs": 108}
2021-10-14 11:38:05,100 INFO {"solution": [0, 0, 0, 1, 1, 1, 0, 0, 0, 1, 1, 0, 1, 1, 1, 0, 0, 0, 1, 0, 1, "maxpool3x3", "conv1x1-bn-relu", "conv1x1-bn-relu", "conv3x3-bn-relu", "conv1x1-bn-relu"], "test_accuracy": [0.9250801205635071], "epochs": 108}
2021-10-14 11:38:12,073 INFO {"solution": [0, 0, 0, 1, 1, 1, 0, 0, 0, 1, 1, 0, 1, 1, 1, 0, 0, 0, 1, 0, 1, "maxpool3x3", "conv1x1-bn-relu", "conv1x1-bn-relu", "conv3x3-bn-relu", "conv1x1-bn-relu"], "test_accuracy": [0.9378004670143127], "epochs": 108}
2021-10-14 11:38:19,076 INFO {"solution": [0, 1, 0, 1, 1, 1, 0, 0, 1, 1, 1, 0, 1, 1, 0, 0, 0, 0, 1, 0, 1, "maxpool3x3", "conv1x1-bn-relu", "conv1x1-bn-relu", "conv3x3-bn-relu", "conv3x3-bn-relu"], "test_accuracy": [0.9443109035491943], "epochs": 108}
2021-10-14 11:38:26,021 INFO {"solution": [0, 0, 0, 1, 1, 1, 0, 0, 0, 1, 1, 0, 1, 1, 1, 0, 0, 0, 1, 0, 1, "maxpool3x3", "conv1x1-bn-relu", "conv1x1-bn-relu", "conv3x3-bn-relu", "conv1x1-bn-relu"], "test_accuracy": [0.9378004670143127], "epochs": 108}
2021-10-14 11:38:33,060 INFO {"solution": [0, 0, 0, 1, 1, 1, 0, 0, 0, 1, 1, 0, 1, 1, 1, 0, 0, 0, 1, 0, 1, "maxpool3x3", "conv1x1-bn-relu", "conv1x1-bn-relu", "conv3x3-bn-relu", "conv1x1-bn-relu"], "test_accuracy": [0.9378004670143127], "epochs": 108}
2021-10-14 11:38:40,418 INFO {"solution": [0, 0, 0, 1, 1, 1, 0, 0, 0, 1, 1, 0, 1, 1, 1, 0, 0, 0, 1, 0, 1, "maxpool3x3", "conv1x1-bn-relu", "conv1x1-bn-relu", "conv3x3-bn-relu", "conv1x1-bn-relu"], "test_accuracy": [0.9250801205635071], "epochs": 108}
2021-10-14 11:38:47,550 INFO {"solution": [0, 1, 1, 1, 1, 1, 0, 0, 0, 0, 0, 0, 1, 0, 0, 0, 1, 0, 1, 0, 1, "conv1x1-bn-relu", "conv3x3-bn-relu", "maxpool3x3", "conv3x3-bn-relu", "conv1x1-bn-relu"], "test_accuracy": [0.9420071840286255], "epochs": 108}
2021-10-14 11:38:54,831 INFO {"solution": [0, 0, 0, 1, 1, 1, 0, 0, 0, 1, 0, 0, 1, 1, 1, 0, 0, 1, 1, 0, 1, "maxpool3x3", "conv1x1-bn-relu", "conv1x1-bn-relu", "conv3x3-bn-relu", "conv1x1-bn-relu"], "test_accuracy": [0.9378004670143127], "epochs": 108}
2021-10-14 11:33:20,519 INFO {"solution": [1, 0, 0, 1, 1, 1, 0, 0, 1, 1, 0, 0, 1, 0, 0, 0, 0, 1, 1, 0, 1, "conv1x1-bn-relu", "conv1x1-bn-relu", "conv3x3-bn-relu", "conv3x3-bn-relu", "conv3x3-bn-relu"], "test_accuracy": [0.9411057829856873], "epochs": 108}
2021-10-14 11:39:02,113 INFO {"solution": [0, 1, 1, 1, 1, 1, 1, 0, 1, 0, 0, 0, 1, 0, 0, 0, 1, 0, 1, 0, 1, "maxpool3x3", "conv3x3-bn-relu", "conv1x1-bn-relu", "conv3x3-bn-relu", "conv1x1-bn-relu"], "test_accuracy": [0.9397035241127014], "epochs": 108}
2021-10-14 11:39:09,426 INFO {"solution": [0, 1, 1, 1, 1, 1, 0, 0, 1, 1, 1, 0, 1, 0, 0, 0, 1, 0, 1, 0, 1, "conv1x1-bn-relu", "conv3x3-bn-relu", "conv3x3-bn-relu", "conv3x3-bn-relu", "conv3x3-bn-relu"], "test_accuracy": [0.9436097741127014], "epochs": 108}
2021-10-14 11:39:16,534 INFO {"solution": [0, 0, 0, 1, 1, 1, 0, 0, 0, 1, 1, 0, 1, 1, 1, 0, 0, 0, 1, 0, 1, "maxpool3x3", "conv1x1-bn-relu", "conv1x1-bn-relu", "conv3x3-bn-relu", "conv1x1-bn-relu"], "test_accuracy": [0.9378004670143127], "epochs": 108}
2021-10-14 11:39:23,846 INFO {"solution": [0, 0, 0, 1, 1, 1, 1, 0, 0, 1, 1, 1, 1, 1, 1, 1, 0, 0, 1, 0, 1, "maxpool3x3", "conv1x1-bn-relu", "conv3x3-bn-relu", "conv3x3-bn-relu", "conv1x1-bn-relu"], "test_accuracy": [0.9353966116905212], "epochs": 108}
2021-10-14 11:39:31,879 INFO {"solution": [0, 1, 0, 1, 1, 1, 0, 0, 0, 1, 1, 1, 1, 1, 0, 0, 0, 0, 1, 0, 1, "conv3x3-bn-relu", "conv1x1-bn-relu", "conv1x1-bn-relu", "conv3x3-bn-relu", "conv3x3-bn-relu"], "test_accuracy": [0.9412059187889099], "epochs": 108}
2021-10-14 11:39:39,070 INFO {"solution": [0, 1, 1, 1, 1, 1, 1, 1, 1, 0, 1, 0, 1, 0, 0, 0, 1, 0, 1, 0, 1, "conv1x1-bn-relu", "conv3x3-bn-relu", "conv1x1-bn-relu", "conv3x3-bn-relu", "conv1x1-bn-relu"], "test_accuracy": [0.9397035241127014], "epochs": 108}
2021-10-14 11:39:46,105 INFO {"solution": [0, 0, 0, 1, 1, 1, 0, 0, 0, 1, 1, 1, 1, 0, 1, 0, 0, 0, 1, 0, 1, "maxpool3x3", "maxpool3x3", "conv1x1-bn-relu", "conv3x3-bn-relu", "conv1x1-bn-relu"], "test_accuracy": [0.9378004670143127], "epochs": 108}
2021-10-14 11:39:53,286 INFO {"solution": [0, 0, 1, 1, 0, 1, 0, 0, 1, 0, 0, 1, 0, 1, 1, 1, 0, 0, 1, 1, 0, "maxpool3x3", "conv1x1-bn-relu", "conv3x3-bn-relu", "conv1x1-bn-relu", "conv1x1-bn-relu"], "test_accuracy": [0.9353966116905212], "epochs": 108}
2021-10-14 11:40:00,292 INFO {"solution": [0, 0, 1, 1, 1, 1, 0, 0, 0, 1, 1, 0, 1, 1, 1, 0, 0, 0, 1, 0, 1, "maxpool3x3", "conv1x1-bn-relu", "conv1x1-bn-relu", "conv3x3-bn-relu", "conv1x1-bn-relu"], "test_accuracy": [0.9250801205635071], "epochs": 108}
2021-10-14 11:40:07,372 INFO {"solution": [0, 0, 0, 1, 1, 1, 0, 0, 0, 1, 1, 0, 1, 1, 1, 0, 0, 0, 1, 0, 1, "maxpool3x3", "conv1x1-bn-relu", "conv1x1-bn-relu", "conv3x3-bn-relu", "conv1x1-bn-relu"], "test_accuracy": [0.9378004670143127], "epochs": 108}
2021-10-14 11:33:28,044 INFO {"solution": [0, 1, 1, 1, 0, 1, 1, 0, 0, 0, 0, 0, 0, 0, 1, 0, 1, 0, 1, 0, 1, "conv1x1-bn-relu", "conv3x3-bn-relu", "conv1x1-bn-relu", "conv3x3-bn-relu", "conv3x3-bn-relu"], "test_accuracy": [0.9381009340286255], "epochs": 108}
2021-10-14 11:40:14,222 INFO {"solution": [0, 0, 0, 1, 1, 1, 0, 1, 0, 1, 1, 0, 1, 1, 1, 0, 1, 0, 1, 0, 1, "maxpool3x3", "conv1x1-bn-relu", "conv1x1-bn-relu", "conv3x3-bn-relu", "conv1x1-bn-relu"], "test_accuracy": [0.9378004670143127], "epochs": 108}
2021-10-14 11:40:21,206 INFO {"solution": [0, 0, 0, 1, 1, 1, 0, 0, 0, 1, 1, 0, 1, 1, 1, 0, 0, 0, 1, 0, 1, "maxpool3x3", "conv1x1-bn-relu", "conv1x1-bn-relu", "conv3x3-bn-relu", "conv1x1-bn-relu"], "test_accuracy": [0.9250801205635071], "epochs": 108}
2021-10-14 11:40:28,123 INFO {"solution": [0, 1, 1, 1, 1, 1, 0, 0, 0, 0, 1, 0, 1, 0, 0, 0, 1, 0, 1, 0, 1, "maxpool3x3", "conv3x3-bn-relu", "conv3x3-bn-relu", "conv3x3-bn-relu", "conv3x3-bn-relu"], "test_accuracy": [0.9396033883094788], "epochs": 108}
2021-10-14 11:40:35,091 INFO {"solution": [0, 0, 0, 1, 1, 1, 1, 0, 1, 1, 0, 0, 0, 1, 1, 0, 0, 1, 1, 0, 1, "conv1x1-bn-relu", "conv3x3-bn-relu", "conv1x1-bn-relu", "conv3x3-bn-relu", "conv1x1-bn-relu"], "test_accuracy": [0.9353966116905212], "epochs": 108}
2021-10-14 11:40:42,270 INFO {"solution": [1, 1, 1, 1, 1, 1, 1, 0, 0, 0, 0, 0, 1, 0, 0, 0, 0, 0, 1, 0, 1, "conv3x3-bn-relu", "conv3x3-bn-relu", "conv3x3-bn-relu", "conv3x3-bn-relu", "conv1x1-bn-relu"], "test_accuracy": [0.9416065812110901], "epochs": 108}
2021-10-14 11:40:49,361 INFO {"solution": [0, 1, 1, 1, 1, 1, 0, 0, 0, 1, 1, 0, 1, 1, 0, 0, 0, 0, 1, 0, 1, "maxpool3x3", "conv1x1-bn-relu", "conv3x3-bn-relu", "conv3x3-bn-relu", "conv3x3-bn-relu"], "test_accuracy": [0.9443109035491943], "epochs": 108}
2021-10-14 11:40:56,500 INFO {"solution": [0, 1, 1, 1, 1, 1, 1, 0, 0, 0, 0, 0, 1, 0, 0, 0, 1, 0, 1, 0, 1, "conv1x1-bn-relu", "conv3x3-bn-relu", "conv3x3-bn-relu", "conv3x3-bn-relu", "conv3x3-bn-relu"], "test_accuracy": [0.9438101053237915], "epochs": 108}
2021-10-14 11:41:03,332 INFO {"solution": [0, 0, 0, 1, 1, 1, 0, 0, 0, 1, 0, 0, 1, 0, 1, 0, 0, 0, 1, 0, 1, "maxpool3x3", "conv1x1-bn-relu", "conv1x1-bn-relu", "conv3x3-bn-relu", "conv1x1-bn-relu"], "test_accuracy": [0.9250801205635071], "epochs": 108}
2021-10-14 11:41:10,367 INFO {"solution": [0, 1, 1, 1, 1, 1, 0, 0, 0, 1, 0, 1, 0, 0, 0, 0, 1, 0, 1, 0, 1, "conv1x1-bn-relu", "conv3x3-bn-relu", "conv3x3-bn-relu", "conv1x1-bn-relu", "conv1x1-bn-relu"], "test_accuracy": [0.9432091116905212], "epochs": 108}
2021-10-14 11:41:17,220 INFO {"solution": [0, 1, 1, 1, 1, 1, 1, 1, 0, 1, 1, 1, 0, 0, 0, 0, 1, 0, 1, 0, 1, "conv3x3-bn-relu", "conv3x3-bn-relu", "conv3x3-bn-relu", "conv3x3-bn-relu", "conv3x3-bn-relu"], "test_accuracy": [0.9396033883094788], "epochs": 108}
2021-10-14 11:33:35,611 INFO {"solution": [1, 0, 0, 1, 1, 1, 0, 1, 0, 1, 0, 0, 1, 1, 1, 1, 0, 0, 1, 0, 1, "conv3x3-bn-relu", "conv1x1-bn-relu", "conv3x3-bn-relu", "conv3x3-bn-relu", "conv1x1-bn-relu"], "test_accuracy": [0.9388020634651184], "epochs": 108}
2021-10-14 11:41:24,144 INFO {"solution": [0, 1, 1, 1, 1, 1, 0, 0, 0, 0, 1, 0, 1, 0, 0, 0, 1, 0, 1, 0, 1, "conv3x3-bn-relu", "conv3x3-bn-relu", "conv3x3-bn-relu", "conv3x3-bn-relu", "conv3x3-bn-relu"], "test_accuracy": [0.9436097741127014], "epochs": 108}
2021-10-14 11:41:31,652 INFO {"solution": [0, 0, 0, 1, 1, 1, 0, 0, 0, 1, 1, 0, 1, 1, 1, 0, 0, 0, 1, 0, 1, "maxpool3x3", "conv1x1-bn-relu", "conv1x1-bn-relu", "conv3x3-bn-relu", "conv1x1-bn-relu"], "test_accuracy": [0.9353966116905212], "epochs": 108}
2021-10-14 11:41:38,802 INFO {"solution": [0, 0, 0, 1, 1, 1, 0, 0, 0, 1, 1, 0, 1, 1, 1, 0, 0, 0, 1, 0, 1, "maxpool3x3", "conv1x1-bn-relu", "conv1x1-bn-relu", "conv3x3-bn-relu", "conv1x1-bn-relu"], "test_accuracy": [0.9250801205635071], "epochs": 108}
2021-10-14 11:41:46,172 INFO {"solution": [0, 1, 1, 1, 1, 1, 0, 0, 0, 1, 0, 0, 1, 1, 0, 0, 0, 0, 1, 0, 1, "maxpool3x3", "conv3x3-bn-relu", "conv1x1-bn-relu", "conv1x1-bn-relu", "conv3x3-bn-relu"], "test_accuracy": [0.9412059187889099], "epochs": 108}
2021-10-14 11:41:53,537 INFO {"solution": [1, 1, 0, 1, 0, 1, 1, 1, 1, 0, 0, 1, 1, 1, 0, 0, 0, 0, 1, 1, 0, "conv1x1-bn-relu", "conv3x3-bn-relu", "conv3x3-bn-relu", "conv3x3-bn-relu", "maxpool3x3"], "test_accuracy": [0.9443109035491943], "epochs": 108}
2021-10-14 11:42:00,469 INFO {"solution": [0, 0, 0, 1, 1, 1, 0, 0, 0, 1, 1, 0, 1, 0, 1, 0, 0, 0, 1, 0, 1, "maxpool3x3", "conv1x1-bn-relu", "conv1x1-bn-relu", "conv3x3-bn-relu", "conv1x1-bn-relu"], "test_accuracy": [0.9378004670143127], "epochs": 108}
2021-10-14 11:42:07,552 INFO {"solution": [0, 0, 0, 1, 1, 1, 0, 0, 0, 1, 1, 0, 1, 1, 1, 0, 0, 0, 1, 0, 1, "maxpool3x3", "conv1x1-bn-relu", "conv1x1-bn-relu", "conv3x3-bn-relu", "conv1x1-bn-relu"], "test_accuracy": [0.9378004670143127], "epochs": 108}
2021-10-14 11:42:14,456 INFO {"solution": [0, 0, 0, 1, 1, 1, 0, 0, 0, 1, 1, 0, 1, 1, 1, 0, 0, 0, 1, 0, 1, "maxpool3x3", "conv1x1-bn-relu", "conv1x1-bn-relu", "conv3x3-bn-relu", "conv1x1-bn-relu"], "test_accuracy": [0.9250801205635071], "epochs": 108}
2021-10-14 11:42:21,571 INFO {"solution": [0, 1, 1, 1, 1, 1, 1, 1, 0, 0, 0, 0, 1, 0, 0, 0, 1, 0, 1, 0, 1, "maxpool3x3", "conv3x3-bn-relu", "conv1x1-bn-relu", "conv3x3-bn-relu", "conv1x1-bn-relu"], "test_accuracy": [0.9397035241127014], "epochs": 108}
2021-10-14 11:42:28,463 INFO {"solution": [0, 0, 0, 1, 1, 1, 0, 0, 0, 1, 1, 0, 1, 1, 1, 0, 0, 0, 1, 0, 1, "maxpool3x3", "conv1x1-bn-relu", "conv1x1-bn-relu", "conv3x3-bn-relu", "conv1x1-bn-relu"], "test_accuracy": [0.9250801205635071], "epochs": 108}
2021-10-14 11:33:43,118 INFO {"solution": [0, 0, 0, 1, 1, 1, 0, 0, 0, 1, 1, 0, 1, 1, 1, 0, 0, 0, 1, 0, 1, "maxpool3x3", "conv1x1-bn-relu", "conv1x1-bn-relu", "conv3x3-bn-relu", "conv1x1-bn-relu"], "test_accuracy": [0.9353966116905212], "epochs": 108}
2021-10-14 11:42:35,566 INFO {"solution": [0, 0, 0, 1, 1, 1, 0, 0, 0, 1, 1, 0, 0, 1, 0, 0, 0, 0, 1, 0, 1, "maxpool3x3", "conv1x1-bn-relu", "conv1x1-bn-relu", "conv3x3-bn-relu", "conv1x1-bn-relu"], "test_accuracy": [0.9378004670143127], "epochs": 108}
2021-10-14 11:42:42,599 INFO {"solution": [0, 0, 0, 1, 1, 1, 0, 1, 0, 1, 1, 0, 1, 1, 1, 0, 0, 0, 1, 0, 1, "maxpool3x3", "conv1x1-bn-relu", "conv1x1-bn-relu", "conv3x3-bn-relu", "conv1x1-bn-relu"], "test_accuracy": [0.9378004670143127], "epochs": 108}
2021-10-14 11:42:49,473 INFO {"solution": [1, 0, 1, 1, 1, 1, 0, 0, 1, 0, 0, 1, 1, 1, 0, 1, 0, 0, 1, 0, 1, "conv3x3-bn-relu", "maxpool3x3", "conv3x3-bn-relu", "conv3x3-bn-relu", "conv1x1-bn-relu"], "test_accuracy": [0.9428085088729858], "epochs": 108}
2021-10-14 11:42:56,533 INFO {"solution": [0, 0, 0, 1, 1, 1, 0, 0, 0, 1, 1, 0, 1, 1, 1, 0, 0, 0, 1, 0, 1, "maxpool3x3", "conv1x1-bn-relu", "conv1x1-bn-relu", "conv3x3-bn-relu", "conv1x1-bn-relu"], "test_accuracy": [0.9353966116905212], "epochs": 108}
2021-10-14 11:43:03,723 INFO {"solution": [0, 0, 0, 1, 1, 1, 0, 0, 0, 1, 1, 0, 1, 1, 1, 0, 0, 0, 1, 0, 1, "maxpool3x3", "conv1x1-bn-relu", "conv1x1-bn-relu", "conv3x3-bn-relu", "conv1x1-bn-relu"], "test_accuracy": [0.9378004670143127], "epochs": 108}
2021-10-14 11:43:11,326 INFO {"solution": [0, 0, 1, 1, 1, 1, 0, 0, 0, 0, 0, 0, 0, 0, 1, 1, 1, 0, 1, 0, 1, "conv1x1-bn-relu", "conv3x3-bn-relu", "conv3x3-bn-relu", "conv1x1-bn-relu", "conv3x3-bn-relu"], "test_accuracy": [0.9412059187889099], "epochs": 108}
2021-10-14 11:43:19,072 INFO {"solution": [0, 0, 0, 1, 1, 1, 0, 0, 0, 1, 1, 0, 1, 1, 1, 0, 0, 0, 1, 0, 1, "maxpool3x3", "conv1x1-bn-relu", "conv1x1-bn-relu", "conv3x3-bn-relu", "conv1x1-bn-relu"], "test_accuracy": [0.9353966116905212], "epochs": 108}
2021-10-14 11:43:27,100 INFO {"solution": [0, 1, 1, 1, 1, 1, 1, 0, 1, 0, 0, 0, 1, 0, 0, 0, 1, 0, 1, 0, 1, "conv3x3-bn-relu", "conv3x3-bn-relu", "conv3x3-bn-relu", "conv3x3-bn-relu", "conv3x3-bn-relu"], "test_accuracy": [0.9436097741127014], "epochs": 108}
2021-10-14 11:43:34,428 INFO {"solution": [0, 0, 1, 1, 1, 1, 0, 1, 1, 1, 0, 1, 1, 0, 1, 0, 1, 0, 1, 0, 1, "maxpool3x3", "conv3x3-bn-relu", "conv3x3-bn-relu", "conv3x3-bn-relu", "conv3x3-bn-relu"], "test_accuracy": [0.9403044581413269], "epochs": 108}
2021-10-14 11:43:41,567 INFO {"solution": [0, 1, 0, 1, 1, 1, 0, 1, 0, 0, 1, 0, 1, 1, 0, 0, 0, 0, 1, 0, 1, "maxpool3x3", "conv1x1-bn-relu", "conv1x1-bn-relu", "conv3x3-bn-relu", "conv3x3-bn-relu"], "test_accuracy": [0.9411057829856873], "epochs": 108}
2021-10-14 11:33:51,398 INFO {"solution": [0, 0, 0, 1, 1, 1, 0, 0, 0, 1, 1, 0, 1, 1, 1, 0, 0, 0, 1, 0, 1, "maxpool3x3", "conv1x1-bn-relu", "conv1x1-bn-relu", "conv3x3-bn-relu", "conv1x1-bn-relu"], "test_accuracy": [0.9353966116905212], "epochs": 108}
2021-10-14 11:43:48,710 INFO {"solution": [0, 0, 0, 1, 1, 1, 0, 0, 0, 1, 1, 0, 1, 0, 1, 0, 0, 0, 1, 0, 1, "maxpool3x3", "conv1x1-bn-relu", "conv1x1-bn-relu", "conv3x3-bn-relu", "conv1x1-bn-relu"], "test_accuracy": [0.9250801205635071], "epochs": 108}
2021-10-14 11:43:56,195 INFO {"solution": [0, 1, 1, 1, 1, 1, 1, 0, 0, 0, 0, 0, 1, 0, 0, 0, 1, 0, 1, 0, 1, "conv3x3-bn-relu", "conv3x3-bn-relu", "conv3x3-bn-relu", "conv3x3-bn-relu", "conv3x3-bn-relu"], "test_accuracy": [0.9396033883094788], "epochs": 108}
2021-10-14 11:44:03,207 INFO {"solution": [0, 0, 0, 1, 1, 1, 0, 0, 0, 1, 1, 0, 1, 1, 1, 0, 1, 0, 1, 0, 1, "maxpool3x3", "conv1x1-bn-relu", "conv1x1-bn-relu", "conv3x3-bn-relu", "conv1x1-bn-relu"], "test_accuracy": [0.9378004670143127], "epochs": 108}
2021-10-14 11:44:10,614 INFO {"solution": [0, 1, 1, 1, 1, 1, 1, 0, 0, 1, 0, 0, 1, 0, 0, 0, 1, 0, 1, 0, 1, "conv1x1-bn-relu", "conv3x3-bn-relu", "conv3x3-bn-relu", "conv3x3-bn-relu", "conv3x3-bn-relu"], "test_accuracy": [0.9436097741127014], "epochs": 108}
2021-10-14 11:44:17,764 INFO {"solution": [0, 0, 0, 1, 1, 1, 0, 0, 0, 1, 1, 0, 1, 1, 1, 0, 0, 0, 1, 0, 1, "maxpool3x3", "conv1x1-bn-relu", "conv1x1-bn-relu", "conv3x3-bn-relu", "conv1x1-bn-relu"], "test_accuracy": [0.9250801205635071], "epochs": 108}
2021-10-14 11:44:24,863 INFO {"solution": [0, 1, 1, 1, 1, 1, 0, 0, 1, 1, 0, 0, 1, 0, 0, 0, 1, 0, 1, 0, 1, "conv1x1-bn-relu", "conv3x3-bn-relu", "conv3x3-bn-relu", "conv3x3-bn-relu", "conv3x3-bn-relu"], "test_accuracy": [0.9396033883094788], "epochs": 108}
2021-10-14 11:44:31,923 INFO {"solution": [0, 1, 1, 1, 1, 1, 1, 1, 0, 0, 1, 1, 0, 0, 0, 0, 1, 0, 1, 0, 1, "conv1x1-bn-relu", "conv3x3-bn-relu", "conv3x3-bn-relu", "conv3x3-bn-relu", "conv3x3-bn-relu"], "test_accuracy": [0.9396033883094788], "epochs": 108}
2021-10-14 11:44:39,583 INFO {"solution": [0, 0, 0, 1, 1, 1, 0, 0, 0, 1, 1, 0, 1, 1, 1, 0, 1, 0, 1, 0, 1, "maxpool3x3", "conv1x1-bn-relu", "conv1x1-bn-relu", "conv3x3-bn-relu", "conv1x1-bn-relu"], "test_accuracy": [0.9250801205635071], "epochs": 108}
2021-10-14 11:44:46,907 INFO {"solution": [0, 0, 0, 1, 1, 1, 1, 0, 0, 1, 1, 0, 1, 0, 1, 0, 0, 0, 1, 0, 1, "maxpool3x3", "conv1x1-bn-relu", "conv1x1-bn-relu", "conv3x3-bn-relu", "conv1x1-bn-relu"], "test_accuracy": [0.9353966116905212], "epochs": 108}
2021-10-14 11:44:53,879 INFO {"solution": [0, 1, 0, 1, 1, 1, 0, 0, 0, 0, 1, 0, 1, 1, 0, 0, 1, 0, 1, 0, 1, "maxpool3x3", "conv3x3-bn-relu", "conv1x1-bn-relu", "conv1x1-bn-relu", "conv3x3-bn-relu"], "test_accuracy": [0.9412059187889099], "epochs": 108}
