2021-10-14 11:32:47,481 INFO {"solution": [1, 1, 1, 0, 0, 1, 0, 0, 1, 0, 0, 1, 0, 0, 0, 1, 0, 1, 0, 0, 0, "maxpool3x3", "conv3x3-bn-relu", "conv1x1-bn-relu", "conv1x1-bn-relu", "conv3x3-bn-relu"], "test_accuracy": [0.9353966116905212], "epochs": 108}
2021-10-14 11:33:55,453 INFO {"solution": [0, 1, 1, 1, 1, 1, 0, 1, 0, 1, 0, 1, 0, 1, 0, 0, 1, 0, 0, 0, 1, "conv1x1-bn-relu", "conv3x3-bn-relu", "conv1x1-bn-relu", "conv1x1-bn-relu", "conv3x3-bn-relu"], "test_accuracy": [0.9376001358032227], "epochs": 108}
2021-10-14 11:44:57,367 INFO {"solution": [1, 0, 1, 0, 0, 1, 0, 1, 1, 1, 0, 1, 1, 1, 1, 0, 0, 1, 1, 0, 0, "conv3x3-bn-relu", "conv3x3-bn-relu", "conv1x1-bn-relu", "conv1x1-bn-relu", "conv3x3-bn-relu"], "test_accuracy": [0.9250801205635071], "epochs": 108}
2021-10-14 11:34:03,764 INFO {"solution": [1, 1, 1, 1, 0, 1, 1, 1, 0, 0, 0, 1, 1, 1, 0, 1, 0, 1, 0, 0, 0, "conv3x3-bn-relu", "conv1x1-bn-relu", "conv3x3-bn-relu", "conv3x3-bn-relu", "maxpool3x3"], "test_accuracy": [0.9376001358032227], "epochs": 108}
2021-10-14 11:34:12,006 INFO {"solution": [0, 1, 1, 1, 0, 1, 1, 0, 0, 1, 0, 1, 1, 0, 0, 0, 1, 0, 1, 0, 1, "maxpool3x3", "conv3x3-bn-relu", "conv3x3-bn-relu", "conv1x1-bn-relu", "conv3x3-bn-relu"], "test_accuracy": [0.9434094429016113], "epochs": 108}
2021-10-14 11:34:20,105 INFO {"solution": [0, 1, 1, 0, 1, 1, 0, 1, 0, 0, 1, 0, 1, 0, 0, 1, 0, 0, 1, 0, 1, "maxpool3x3", "maxpool3x3", "conv3x3-bn-relu", "conv3x3-bn-relu", "conv1x1-bn-relu"], "test_accuracy": [0.9351963400840759], "epochs": 108}
2021-10-14 11:34:28,083 INFO {"solution": [1, 1, 1, 1, 0, 1, 1, 1, 1, 1, 0, 1, 0, 0, 0, 1, 0, 1, 0, 0, 0, "conv3x3-bn-relu", "conv1x1-bn-relu", "conv3x3-bn-relu", "conv1x1-bn-relu", "conv3x3-bn-relu"], "test_accuracy": [0.9348958134651184], "epochs": 108}
2021-10-14 11:34:35,980 INFO {"solution": [0, 1, 1, 0, 1, 1, 0, 1, 1, 0, 1, 1, 0, 1, 0, 0, 1, 0, 0, 0, 1, "conv3x3-bn-relu", "conv3x3-bn-relu", "conv1x1-bn-relu", "conv1x1-bn-relu", "conv3x3-bn-relu"], "test_accuracy": [0.9348958134651184], "epochs": 108}
2021-10-14 11:34:44,237 INFO {"solution": [0, 1, 0, 1, 0, 1, 0, 1, 0, 0, 1, 0, 1, 0, 0, 0, 0, 0, 0, 1, 1, "maxpool3x3", "conv3x3-bn-relu", "maxpool3x3", "conv1x1-bn-relu", "conv1x1-bn-relu"], "test_accuracy": [0.9378004670143127], "epochs": 108}
2021-10-14 11:34:52,141 INFO {"solution": [0, 1, 1, 0, 1, 1, 0, 0, 0, 1, 0, 1, 1, 0, 0, 0, 1, 1, 0, 0, 0, "maxpool3x3", "conv3x3-bn-relu", "conv1x1-bn-relu", "conv3x3-bn-relu", "conv1x1-bn-relu"], "test_accuracy": [0.9250801205635071], "epochs": 108}
2021-10-14 11:35:00,423 INFO {"solution": [1, 1, 0, 1, 0, 1, 1, 0, 0, 0, 0, 0, 0, 0, 1, 1, 1, 1, 0, 0, 0, "conv3x3-bn-relu", "conv1x1-bn-relu", "conv3x3-bn-relu", "maxpool3x3", "conv3x3-bn-relu"], "test_accuracy": [0.9250801205635071], "epochs": 108}
2021-10-14 11:35:09,087 INFO {"solution": [1, 1, 0, 1, 0, 1, 0, 1, 0, 1, 0, 0, 0, 1, 0, 0, 1, 0, 0, 0, 1, "conv3x3-bn-relu", "conv1x1-bn-relu", "conv1x1-bn-relu", "conv1x1-bn-relu", "conv3x3-bn-relu"], "test_accuracy": [0.9401041865348816], "epochs": 108}
2021-10-14 11:32:55,014 INFO {"solution": [1, 1, 0, 1, 1, 1, 1, 0, 1, 0, 0, 0, 1, 1, 0, 1, 1, 0, 0, 1, 0, "conv1x1-bn-relu", "conv3x3-bn-relu", "conv3x3-bn-relu", "conv3x3-bn-relu", "conv1x1-bn-relu"], "test_accuracy": [0.9443109035491943], "epochs": 108}
2021-10-14 11:35:17,177 INFO {"solution": [1, 1, 0, 1, 1, 1, 1, 0, 1, 0, 0, 0, 1, 0, 0, 1, 1, 1, 0, 1, 0, "conv1x1-bn-relu", "conv3x3-bn-relu", "conv3x3-bn-relu", "conv3x3-bn-relu", "conv1x1-bn-relu"], "test_accuracy": [0.9443109035491943], "epochs": 108}
2021-10-14 11:35:24,405 INFO {"solution": [0, 1, 1, 1, 0, 1, 0, 0, 0, 0, 1, 0, 0, 1, 0, 0, 0, 1, 1, 0, 1, "maxpool3x3", "conv3x3-bn-relu", "conv3x3-bn-relu", "conv1x1-bn-relu", "conv3x3-bn-relu"], "test_accuracy": [0.9381009340286255], "epochs": 108}
2021-10-14 11:35:31,947 INFO {"solution": [0, 1, 1, 0, 0, 1, 0, 0, 1, 0, 1, 1, 0, 0, 0, 0, 0, 1, 1, 0, 0, "conv1x1-bn-relu", "conv3x3-bn-relu", "conv1x1-bn-relu", "conv1x1-bn-relu", "maxpool3x3"], "test_accuracy": [0.9378004670143127], "epochs": 108}
2021-10-14 11:35:39,674 INFO {"solution": [0, 1, 1, 1, 1, 1, 0, 1, 0, 0, 0, 1, 0, 0, 0, 0, 1, 0, 1, 0, 1, "maxpool3x3", "conv3x3-bn-relu", "conv3x3-bn-relu", "conv1x1-bn-relu", "conv1x1-bn-relu"], "test_accuracy": [0.9432091116905212], "epochs": 108}
2021-10-14 11:35:46,851 INFO {"solution": [1, 1, 1, 0, 1, 1, 1, 1, 1, 0, 0, 1, 0, 1, 0, 0, 0, 1, 1, 0, 0, "conv3x3-bn-relu", "conv1x1-bn-relu", "conv3x3-bn-relu", "conv3x3-bn-relu", "conv1x1-bn-relu"], "test_accuracy": [0.9348958134651184], "epochs": 108}
2021-10-14 11:35:55,360 INFO {"solution": [1, 1, 1, 1, 1, 1, 0, 1, 0, 0, 0, 0, 0, 0, 0, 0, 1, 0, 1, 0, 1, "conv3x3-bn-relu", "conv3x3-bn-relu", "conv3x3-bn-relu", "conv1x1-bn-relu", "conv1x1-bn-relu"], "test_accuracy": [0.9397035241127014], "epochs": 108}
2021-10-14 11:36:03,923 INFO {"solution": [1, 1, 1, 1, 1, 1, 1, 1, 0, 0, 0, 1, 1, 0, 0, 0, 1, 1, 0, 0, 0, "conv1x1-bn-relu", "conv3x3-bn-relu", "conv3x3-bn-relu", "maxpool3x3", "conv3x3-bn-relu"], "test_accuracy": [0.9411057829856873], "epochs": 108}
2021-10-14 11:36:11,848 INFO {"solution": [0, 0, 0, 1, 1, 1, 0, 0, 0, 0, 1, 0, 0, 0, 0, 1, 1, 1, 1, 0, 1, "conv1x1-bn-relu", "maxpool3x3", "maxpool3x3", "conv3x3-bn-relu", "conv1x1-bn-relu"], "test_accuracy": [0.9378004670143127], "epochs": 108}
2021-10-14 11:36:19,005 INFO {"solution": [0, 1, 1, 0, 1, 1, 1, 1, 0, 0, 1, 1, 0, 1, 0, 0, 1, 0, 1, 1, 1, "conv1x1-bn-relu", "conv1x1-bn-relu", "conv3x3-bn-relu", "conv1x1-bn-relu", "conv3x3-bn-relu"], "test_accuracy": [0.9443109035491943], "epochs": 108}
2021-10-14 11:36:26,604 INFO {"solution": [0, 1, 1, 1, 1, 1, 0, 1, 1, 1, 0, 1, 1, 1, 0, 1, 1, 0, 1, 1, 0, "conv1x1-bn-relu", "conv1x1-bn-relu", "conv3x3-bn-relu", "conv3x3-bn-relu", "conv3x3-bn-relu"], "test_accuracy": [0.9411057829856873], "epochs": 108}
2021-10-14 11:33:02,305 INFO {"solution": [1, 0, 1, 0, 1, 1, 1, 0, 1, 1, 0, 1, 1, 0, 0, 0, 1, 0, 0, 0, 1, "conv3x3-bn-relu", "conv3x3-bn-relu", "conv3x3-bn-relu", "conv3x3-bn-relu", "conv3x3-bn-relu"], "test_accuracy": [0.9420071840286255], "epochs": 108}
2021-10-14 11:36:33,647 INFO {"solution": [1, 0, 0, 1, 0, 1, 0, 0, 1, 1, 0, 1, 0, 0, 0, 1, 0, 0, 0, 1, 0, "conv3x3-bn-relu", "conv1x1-bn-relu", "conv1x1-bn-relu", "conv1x1-bn-relu", "conv3x3-bn-relu"], "test_accuracy": [0.9353966116905212], "epochs": 108}
2021-10-14 11:36:40,646 INFO {"solution": [0, 1, 1, 0, 1, 1, 0, 1, 0, 0, 0, 1, 0, 1, 0, 0, 1, 0, 1, 1, 1, "conv3x3-bn-relu", "conv3x3-bn-relu", "conv1x1-bn-relu", "conv3x3-bn-relu", "conv3x3-bn-relu"], "test_accuracy": [0.9376001358032227], "epochs": 108}
2021-10-14 11:36:47,722 INFO {"solution": [1, 0, 1, 0, 1, 1, 0, 1, 0, 1, 0, 1, 1, 1, 1, 0, 0, 0, 1, 1, 1, "conv3x3-bn-relu", "maxpool3x3", "maxpool3x3", "conv3x3-bn-relu", "conv1x1-bn-relu"], "test_accuracy": [0.9353966116905212], "epochs": 108}
2021-10-14 11:36:56,536 INFO {"solution": [1, 0, 1, 1, 0, 1, 0, 0, 0, 0, 1, 0, 0, 0, 0, 0, 1, 0, 1, 0, 1, "conv3x3-bn-relu", "conv1x1-bn-relu", "conv3x3-bn-relu", "conv1x1-bn-relu", "conv3x3-bn-relu"], "test_accuracy": [0.9321914911270142], "epochs": 108}
2021-10-14 11:37:03,655 INFO {"solution": [0, 1, 1, 1, 1, 1, 1, 1, 0, 1, 1, 0, 1, 0, 0, 0, 1, 0, 1, 0, 1, "conv3x3-bn-relu", "conv3x3-bn-relu", "conv3x3-bn-relu", "conv3x3-bn-relu", "conv3x3-bn-relu"], "test_accuracy": [0.9396033883094788], "epochs": 108}
2021-10-14 11:37:10,887 INFO {"solution": [1, 0, 0, 1, 1, 1, 1, 0, 0, 0, 0, 0, 1, 0, 0, 1, 1, 0, 1, 0, 1, "conv3x3-bn-relu", "maxpool3x3", "conv3x3-bn-relu", "conv3x3-bn-relu", "conv1x1-bn-relu"], "test_accuracy": [0.9420071840286255], "epochs": 108}
2021-10-14 11:37:17,938 INFO {"solution": [1, 1, 1, 1, 1, 1, 1, 1, 1, 0, 0, 1, 1, 0, 0, 0, 0, 1, 1, 0, 0, "conv3x3-bn-relu", "conv1x1-bn-relu", "conv3x3-bn-relu", "conv1x1-bn-relu", "conv1x1-bn-relu"], "test_accuracy": [0.9348958134651184], "epochs": 108}
2021-10-14 11:37:25,410 INFO {"solution": [0, 1, 0, 1, 0, 1, 1, 0, 0, 1, 1, 0, 1, 1, 0, 0, 0, 0, 0, 1, 0, "conv1x1-bn-relu", "conv3x3-bn-relu", "conv1x1-bn-relu", "conv1x1-bn-relu", "conv1x1-bn-relu"], "test_accuracy": [0.9378004670143127], "epochs": 108}
2021-10-14 11:37:32,587 INFO {"solution": [1, 1, 1, 1, 1, 1, 0, 0, 1, 0, 0, 1, 1, 0, 0, 0, 0, 0, 1, 0, 1, "conv1x1-bn-relu", "conv3x3-bn-relu", "maxpool3x3", "conv3x3-bn-relu", "conv1x1-bn-relu"], "test_accuracy": [0.9424078464508057], "epochs": 108}
2021-10-14 11:37:39,802 INFO {"solution": [1, 1, 0, 0, 1, 1, 1, 0, 0, 1, 0, 0, 0, 1, 0, 1, 1, 0, 0, 1, 1, "conv1x1-bn-relu", "conv3x3-bn-relu", "conv3x3-bn-relu", "conv3x3-bn-relu", "conv3x3-bn-relu"], "test_accuracy": [0.9443109035491943], "epochs": 108}
2021-10-14 11:33:09,801 INFO {"solution": [0, 1, 1, 0, 1, 1, 0, 1, 0, 1, 1, 1, 0, 1, 0, 0, 1, 0, 0, 0, 1, "conv3x3-bn-relu", "conv3x3-bn-relu", "conv1x1-bn-relu", "conv3x3-bn-relu", "conv3x3-bn-relu"], "test_accuracy": [0.9348958134651184], "epochs": 108}
2021-10-14 11:37:46,735 INFO {"solution": [1, 1, 1, 1, 1, 1, 1, 0, 1, 0, 0, 1, 0, 1, 0, 0, 1, 1, 1, 0, 0, "conv3x3-bn-relu", "conv1x1-bn-relu", "conv3x3-bn-relu", "conv1x1-bn-relu", "conv3x3-bn-relu"], "test_accuracy": [0.9439102411270142], "epochs": 108}
2021-10-14 11:37:54,292 INFO {"solution": [0, 1, 1, 1, 0, 1, 0, 0, 0, 0, 0, 1, 1, 1, 0, 1, 1, 0, 1, 1, 0, "maxpool3x3", "conv1x1-bn-relu", "conv3x3-bn-relu", "conv3x3-bn-relu", "conv1x1-bn-relu"], "test_accuracy": [0.9411057829856873], "epochs": 108}
2021-10-14 11:38:01,652 INFO {"solution": [1, 0, 1, 0, 1, 1, 0, 0, 1, 0, 0, 0, 0, 0, 1, 0, 1, 0, 1, 0, 1, "conv3x3-bn-relu", "conv1x1-bn-relu", "conv3x3-bn-relu", "conv1x1-bn-relu", "conv3x3-bn-relu"], "test_accuracy": [0.9402043223381042], "epochs": 108}
2021-10-14 11:38:08,611 INFO {"solution": [1, 0, 1, 1, 1, 1, 0, 0, 1, 0, 0, 0, 1, 1, 0, 0, 1, 0, 1, 0, 1, "conv3x3-bn-relu", "conv1x1-bn-relu", "conv3x3-bn-relu", "conv3x3-bn-relu", "conv3x3-bn-relu"], "test_accuracy": [0.9396033883094788], "epochs": 108}
2021-10-14 11:38:15,582 INFO {"solution": [0, 0, 0, 1, 1, 1, 0, 1, 0, 0, 1, 1, 0, 1, 1, 1, 0, 1, 1, 0, 1, "conv3x3-bn-relu", "maxpool3x3", "conv3x3-bn-relu", "conv3x3-bn-relu", "conv1x1-bn-relu"], "test_accuracy": [0.9378004670143127], "epochs": 108}
2021-10-14 11:38:22,497 INFO {"solution": [0, 0, 1, 1, 0, 1, 0, 0, 0, 1, 0, 0, 0, 0, 1, 1, 0, 0, 0, 1, 0, "conv3x3-bn-relu", "conv1x1-bn-relu", "conv3x3-bn-relu", "conv1x1-bn-relu", "conv3x3-bn-relu"], "test_accuracy": [0.9250801205635071], "epochs": 108}
2021-10-14 11:38:29,604 INFO {"solution": [0, 1, 1, 1, 1, 1, 1, 1, 0, 0, 1, 1, 0, 0, 0, 0, 1, 0, 1, 0, 1, "conv3x3-bn-relu", "conv3x3-bn-relu", "conv3x3-bn-relu", "conv3x3-bn-relu", "conv3x3-bn-relu"], "test_accuracy": [0.9438101053237915], "epochs": 108}
2021-10-14 11:38:36,728 INFO {"solution": [1, 1, 1, 1, 1, 1, 1, 0, 0, 0, 0, 0, 0, 1, 0, 1, 1, 0, 0, 0, 1, "conv3x3-bn-relu", "conv3x3-bn-relu", "conv3x3-bn-relu", "maxpool3x3", "conv3x3-bn-relu"], "test_accuracy": [0.9438101053237915], "epochs": 108}
2021-10-14 11:38:43,886 INFO {"solution": [0, 0, 0, 1, 1, 1, 1, 1, 0, 0, 0, 0, 1, 1, 0, 0, 0, 0, 1, 0, 1, "maxpool3x3", "conv1x1-bn-relu", "conv1x1-bn-relu", "conv3x3-bn-relu", "conv1x1-bn-relu"], "test_accuracy": [0.9378004670143127], "epochs": 108}
2021-10-14 11:38:51,234 INFO {"solution": [1, 1, 0, 1, 1, 1, 1, 0, 1, 0, 0, 0, 1, 0, 0, 0, 1, 0, 1, 1, 0, "conv3x3-bn-relu", "conv1x1-bn-relu", "maxpool3x3", "conv3x3-bn-relu", "conv1x1-bn-relu"], "test_accuracy": [0.9412059187889099], "epochs": 108}
2021-10-14 11:33:17,031 INFO {"solution": [1, 1, 1, 0, 1, 1, 0, 1, 0, 0, 0, 0, 0, 1, 0, 0, 1, 0, 0, 0, 1, "conv3x3-bn-relu", "conv3x3-bn-relu", "conv3x3-bn-relu", "conv1x1-bn-relu", "conv3x3-bn-relu"], "test_accuracy": [0.9396033883094788], "epochs": 108}
2021-10-14 11:38:58,508 INFO {"solution": [0, 1, 1, 1, 1, 1, 1, 1, 0, 0, 1, 0, 0, 1, 0, 1, 0, 0, 1, 0, 1, "conv1x1-bn-relu", "conv3x3-bn-relu", "conv3x3-bn-relu", "conv3x3-bn-relu", "conv3x3-bn-relu"], "test_accuracy": [0.9396033883094788], "epochs": 108}
2021-10-14 11:39:05,705 INFO {"solution": [1, 1, 0, 0, 1, 1, 0, 1, 0, 0, 0, 0, 1, 1, 0, 1, 0, 0, 0, 0, 1, "conv1x1-bn-relu", "conv3x3-bn-relu", "conv1x1-bn-relu", "maxpool3x3", "conv1x1-bn-relu"], "test_accuracy": [0.9353966116905212], "epochs": 108}
2021-10-14 11:39:13,077 INFO {"solution": [1, 0, 1, 0, 1, 1, 0, 1, 0, 1, 0, 0, 0, 0, 1, 0, 1, 0, 1, 0, 1, "conv1x1-bn-relu", "conv3x3-bn-relu", "conv3x3-bn-relu", "conv3x3-bn-relu", "conv3x3-bn-relu"], "test_accuracy": [0.9443109035491943], "epochs": 108}
2021-10-14 11:39:20,140 INFO {"solution": [1, 1, 0, 0, 1, 1, 1, 1, 1, 1, 0, 0, 1, 1, 1, 0, 0, 0, 1, 0, 0, "conv3x3-bn-relu", "conv1x1-bn-relu", "maxpool3x3", "maxpool3x3", "conv1x1-bn-relu"], "test_accuracy": [0.9378004670143127], "epochs": 108}
2021-10-14 11:39:28,195 INFO {"solution": [0, 1, 1, 1, 1, 1, 0, 1, 1, 0, 1, 0, 1, 0, 0, 0, 1, 0, 1, 0, 1, "conv1x1-bn-relu", "conv3x3-bn-relu", "conv3x3-bn-relu", "conv3x3-bn-relu", "conv3x3-bn-relu"], "test_accuracy": [0.9436097741127014], "epochs": 108}
2021-10-14 11:39:35,452 INFO {"solution": [1, 0, 0, 1, 1, 1, 0, 1, 0, 1, 0, 1, 1, 0, 1, 1, 0, 0, 1, 0, 1, "conv3x3-bn-relu", "conv1x1-bn-relu", "conv1x1-bn-relu", "conv3x3-bn-relu", "conv1x1-bn-relu"], "test_accuracy": [0.9385015964508057], "epochs": 108}
2021-10-14 11:39:42,628 INFO {"solution": [1, 1, 1, 0, 1, 1, 1, 1, 1, 0, 0, 1, 1, 0, 0, 0, 1, 1, 1, 0, 0, "conv3x3-bn-relu", "conv1x1-bn-relu", "conv3x3-bn-relu", "maxpool3x3", "conv1x1-bn-relu"], "test_accuracy": [0.9412059187889099], "epochs": 108}
2021-10-14 11:39:49,699 INFO {"solution": [1, 1, 1, 1, 0, 1, 0, 1, 0, 1, 0, 0, 1, 0, 0, 1, 1, 0, 0, 1, 0, "conv3x3-bn-relu", "conv3x3-bn-relu", "conv3x3-bn-relu", "conv3x3-bn-relu", "conv1x1-bn-relu"], "test_accuracy": [0.9438101053237915], "epochs": 108}
2021-10-14 11:39:56,777 INFO {"solution": [1, 1, 0, 1, 0, 1, 1, 0, 1, 0, 0, 0, 1, 0, 0, 0, 0, 0, 0, 1, 0, "conv1x1-bn-relu", "conv3x3-bn-relu", "conv1x1-bn-relu", "conv3x3-bn-relu", "conv3x3-bn-relu"], "test_accuracy": [0.9412059187889099], "epochs": 108}
2021-10-14 11:40:03,808 INFO {"solution": [1, 1, 0, 1, 1, 1, 1, 1, 1, 0, 0, 1, 1, 0, 0, 0, 0, 0, 0, 1, 0, "conv1x1-bn-relu", "conv3x3-bn-relu", "maxpool3x3", "conv3x3-bn-relu", "conv3x3-bn-relu"], "test_accuracy": [0.9443109035491943], "epochs": 108}
2021-10-14 11:33:24,218 INFO {"solution": [1, 1, 1, 0, 1, 1, 1, 1, 0, 1, 0, 0, 1, 0, 0, 1, 1, 0, 0, 0, 1, "conv3x3-bn-relu", "conv1x1-bn-relu", "conv1x1-bn-relu", "maxpool3x3", "conv3x3-bn-relu"], "test_accuracy": [0.9348958134651184], "epochs": 108}
2021-10-14 11:40:10,808 INFO {"solution": [0, 0, 1, 0, 1, 1, 1, 0, 1, 1, 1, 0, 0, 0, 1, 0, 1, 0, 0, 1, 1, "conv1x1-bn-relu", "maxpool3x3", "conv3x3-bn-relu", "conv3x3-bn-relu", "conv1x1-bn-relu"], "test_accuracy": [0.9250801205635071], "epochs": 108}
2021-10-14 11:40:17,767 INFO {"solution": [0, 1, 1, 1, 0, 1, 1, 0, 0, 1, 0, 1, 1, 0, 0, 0, 1, 0, 1, 0, 1, "conv1x1-bn-relu", "conv3x3-bn-relu", "conv3x3-bn-relu", "conv1x1-bn-relu", "conv3x3-bn-relu"], "test_accuracy": [0.9434094429016113], "epochs": 108}
2021-10-14 11:40:24,621 INFO {"solution": [0, 1, 1, 1, 1, 1, 1, 1, 0, 0, 1, 1, 1, 1, 0, 1, 0, 0, 1, 1, 0, "maxpool3x3", "conv3x3-bn-relu", "conv1x1-bn-relu", "conv3x3-bn-relu", "maxpool3x3"], "test_accuracy": [0.9376001358032227], "epochs": 108}
2021-10-14 11:40:31,574 INFO {"solution": [0, 1, 1, 1, 0, 1, 1, 0, 0, 0, 1, 1, 1, 0, 0, 1, 1, 0, 1, 1, 0, "maxpool3x3", "conv3x3-bn-relu", "conv1x1-bn-relu", "conv3x3-bn-relu", "conv3x3-bn-relu"], "test_accuracy": [0.9412059187889099], "epochs": 108}
2021-10-14 11:40:38,665 INFO {"solution": [0, 1, 1, 1, 1, 1, 0, 1, 1, 0, 0, 0, 0, 1, 0, 0, 0, 1, 1, 0, 1, "maxpool3x3", "conv3x3-bn-relu", "conv3x3-bn-relu", "conv3x3-bn-relu", "conv3x3-bn-relu"], "test_accuracy": [0.9399038553237915], "epochs": 108}
2021-10-14 11:40:45,841 INFO {"solution": [0, 1, 1, 1, 1, 1, 1, 1, 0, 1, 0, 1, 0, 0, 0, 0, 1, 0, 1, 0, 1, "conv3x3-bn-relu", "conv3x3-bn-relu", "conv3x3-bn-relu", "conv3x3-bn-relu", "conv3x3-bn-relu"], "test_accuracy": [0.9436097741127014], "epochs": 108}
2021-10-14 11:40:52,895 INFO {"solution": [1, 0, 0, 1, 1, 1, 0, 1, 1, 0, 0, 1, 0, 1, 1, 0, 1, 0, 0, 1, 0, "conv3x3-bn-relu", "maxpool3x3", "conv3x3-bn-relu", "conv1x1-bn-relu", "conv1x1-bn-relu"], "test_accuracy": [0.9378004670143127], "epochs": 108}
2021-10-14 11:40:59,956 INFO {"solution": [0, 1, 0, 1, 1, 1, 1, 1, 0, 0, 1, 0, 1, 1, 0, 1, 1, 0, 1, 0, 1, "maxpool3x3", "conv3x3-bn-relu", "conv3x3-bn-relu", "conv1x1-bn-relu", "conv3x3-bn-relu"], "test_accuracy": [0.9348958134651184], "epochs": 108}
2021-10-14 11:41:06,953 INFO {"solution": [1, 1, 0, 0, 1, 1, 1, 0, 0, 1, 0, 0, 0, 1, 0, 1, 1, 0, 0, 0, 1, "conv1x1-bn-relu", "conv3x3-bn-relu", "conv1x1-bn-relu", "conv3x3-bn-relu", "conv3x3-bn-relu"], "test_accuracy": [0.9443109035491943], "epochs": 108}
2021-10-14 11:41:13,717 INFO {"solution": [1, 0, 1, 1, 1, 1, 0, 1, 1, 1, 0, 1, 1, 1, 0, 0, 1, 1, 1, 0, 0, "conv3x3-bn-relu", "maxpool3x3", "conv1x1-bn-relu", "maxpool3x3", "conv3x3-bn-relu"], "test_accuracy": [0.9353966116905212], "epochs": 108}
2021-10-14 11:33:32,106 INFO {"solution": [1, 1, 1, 0, 0, 1, 1, 1, 1, 0, 0, 1, 1, 1, 0, 0, 1, 1, 1, 0, 0, "conv1x1-bn-relu", "conv3x3-bn-relu", "conv3x3-bn-relu", "conv1x1-bn-relu", "conv1x1-bn-relu"], "test_accuracy": [0.9443109035491943], "epochs": 108}
2021-10-14 11:41:20,617 INFO {"solution": [1, 0, 1, 1, 1, 1, 0, 0, 0, 1, 0, 0, 0, 1, 0, 1, 0, 0, 1, 0, 1, "conv3x3-bn-relu", "maxpool3x3", "conv3x3-bn-relu", "conv3x3-bn-relu", "conv3x3-bn-relu"], "test_accuracy": [0.9438101053237915], "epochs": 108}
2021-10-14 11:41:28,151 INFO {"solution": [1, 1, 1, 0, 1, 1, 1, 0, 1, 0, 0, 0, 0, 1, 1, 0, 1, 0, 0, 0, 0, "conv3x3-bn-relu", "conv1x1-bn-relu", "conv1x1-bn-relu", "conv3x3-bn-relu", "maxpool3x3"], "test_accuracy": [0.9378004670143127], "epochs": 108}
2021-10-14 11:41:35,308 INFO {"solution": [1, 1, 0, 1, 1, 1, 1, 0, 1, 1, 0, 1, 1, 1, 0, 0, 0, 0, 1, 1, 0, "conv3x3-bn-relu", "conv1x1-bn-relu", "maxpool3x3", "conv3x3-bn-relu", "maxpool3x3"], "test_accuracy": [0.9376001358032227], "epochs": 108}
2021-10-14 11:41:42,528 INFO {"solution": [1, 1, 1, 0, 0, 1, 1, 1, 1, 0, 0, 1, 0, 0, 0, 0, 0, 1, 0, 0, 0, "conv3x3-bn-relu", "conv1x1-bn-relu", "conv3x3-bn-relu", "maxpool3x3", "conv1x1-bn-relu"], "test_accuracy": [0.9412059187889099], "epochs": 108}
2021-10-14 11:41:49,773 INFO {"solution": [0, 1, 0, 1, 1, 1, 1, 0, 0, 0, 0, 0, 1, 0, 0, 0, 1, 1, 0, 1, 0, "conv3x3-bn-relu", "conv3x3-bn-relu", "conv1x1-bn-relu", "conv1x1-bn-relu", "conv3x3-bn-relu"], "test_accuracy": [0.9250801205635071], "epochs": 108}
2021-10-14 11:41:57,014 INFO {"solution": [1, 0, 0, 1, 1, 1, 0, 0, 1, 1, 0, 1, 1, 1, 0, 0, 0, 0, 1, 0, 1, "conv3x3-bn-relu", "conv3x3-bn-relu", "conv1x1-bn-relu", "conv1x1-bn-relu", "conv3x3-bn-relu"], "test_accuracy": [0.9348958134651184], "epochs": 108}
2021-10-14 11:42:04,110 INFO {"solution": [1, 1, 0, 1, 1, 1, 0, 0, 0, 0, 0, 1, 0, 1, 0, 0, 1, 0, 1, 0, 1, "conv1x1-bn-relu", "conv3x3-bn-relu", "conv3x3-bn-relu", "conv3x3-bn-relu", "conv1x1-bn-relu"], "test_accuracy": [0.9362980723381042], "epochs": 108}
2021-10-14 11:42:10,979 INFO {"solution": [0, 0, 1, 1, 1, 1, 0, 1, 1, 1, 1, 0, 0, 0, 1, 1, 1, 0, 1, 0, 1, "maxpool3x3", "conv1x1-bn-relu", "conv3x3-bn-relu", "conv1x1-bn-relu", "conv3x3-bn-relu"], "test_accuracy": [0.9412059187889099], "epochs": 108}
2021-10-14 11:42:17,934 INFO {"solution": [1, 0, 1, 0, 1, 1, 0, 1, 0, 1, 0, 1, 0, 0, 1, 1, 1, 0, 0, 0, 1, "conv3x3-bn-relu", "maxpool3x3", "conv1x1-bn-relu", "conv1x1-bn-relu", "conv3x3-bn-relu"], "test_accuracy": [0.9412059187889099], "epochs": 108}
2021-10-14 11:42:25,094 INFO {"solution": [1, 0, 1, 0, 1, 1, 0, 1, 0, 0, 0, 1, 1, 1, 0, 0, 0, 1, 0, 1, 0, "conv3x3-bn-relu", "conv1x1-bn-relu", "conv1x1-bn-relu", "conv3x3-bn-relu", "conv3x3-bn-relu"], "test_accuracy": [0.9353966116905212], "epochs": 108}
2021-10-14 11:33:39,547 INFO {"solution": [1, 1, 1, 1, 0, 1, 1, 1, 1, 0, 0, 0, 0, 1, 0, 1, 0, 1, 0, 0, 0, "conv3x3-bn-relu", "conv3x3-bn-relu", "conv1x1-bn-relu", "conv3x3-bn-relu", "maxpool3x3"], "test_accuracy": [0.9250801205635071], "epochs": 108}
2021-10-14 11:42:32,068 INFO {"solution": [0, 1, 1, 1, 1, 1, 0, 1, 0, 1, 0, 1, 0, 1, 0, 0, 1, 0, 0, 0, 1, "conv3x3-bn-relu", "conv3x3-bn-relu", "conv1x1-bn-relu", "conv3x3-bn-relu", "conv3x3-bn-relu"], "test_accuracy": [0.9348958134651184], "epochs": 108}
2021-10-14 11:42:39,075 INFO {"solution": [1, 0, 1, 1, 0, 1, 0, 1, 1, 0, 0, 0, 1, 1, 1, 1, 0, 0, 0, 1, 1, "conv1x1-bn-relu", "maxpool3x3", "conv3x3-bn-relu", "conv3x3-bn-relu", "conv1x1-bn-relu"], "test_accuracy": [0.9411057829856873], "epochs": 108}
2021-10-14 11:42:46,026 INFO {"solution": [1, 1, 1, 1, 0, 1, 1, 0, 0, 0, 0, 0, 0, 0, 1, 1, 0, 0, 0, 0, 0, "conv3x3-bn-relu", "conv1x1-bn-relu", "conv1x1-bn-relu", "conv1x1-bn-relu", "conv1x1-bn-relu"], "test_accuracy": [0.9378004670143127], "epochs": 108}
2021-10-14 11:42:53,115 INFO {"solution": [0, 0, 1, 1, 1, 1, 1, 0, 1, 0, 0, 0, 0, 0, 0, 1, 1, 0, 1, 0, 1, "conv1x1-bn-relu", "maxpool3x3", "conv3x3-bn-relu", "conv1x1-bn-relu", "conv3x3-bn-relu"], "test_accuracy": [0.9348958134651184], "epochs": 108}
2021-10-14 11:43:00,052 INFO {"solution": [0, 1, 1, 1, 0, 1, 0, 0, 1, 0, 1, 0, 1, 1, 0, 1, 0, 0, 1, 1, 0, "conv1x1-bn-relu", "conv3x3-bn-relu", "conv3x3-bn-relu", "conv3x3-bn-relu", "maxpool3x3"], "test_accuracy": [0.9417067170143127], "epochs": 108}
2021-10-14 11:43:07,345 INFO {"solution": [0, 1, 1, 1, 1, 1, 1, 0, 1, 0, 1, 0, 1, 0, 0, 0, 1, 0, 1, 0, 1, "maxpool3x3", "conv3x3-bn-relu", "conv3x3-bn-relu", "conv3x3-bn-relu", "conv3x3-bn-relu"], "test_accuracy": [0.9436097741127014], "epochs": 108}
2021-10-14 11:43:15,275 INFO {"solution": [1, 1, 0, 1, 1, 1, 1, 0, 1, 1, 0, 0, 1, 0, 0, 0, 0, 1, 1, 1, 0, "conv1x1-bn-relu", "conv3x3-bn-relu", "conv1x1-bn-relu", "conv3x3-bn-relu", "conv1x1-bn-relu"], "test_accuracy": [0.9411057829856873], "epochs": 108}
2021-10-14 11:43:22,657 INFO {"solution": [0, 1, 1, 1, 1, 1, 1, 0, 1, 1, 1, 1, 1, 1, 0, 1, 1, 0, 1, 1, 0, "maxpool3x3", "conv3x3-bn-relu", "conv1x1-bn-relu", "conv3x3-bn-relu", "conv1x1-bn-relu"], "test_accuracy": [0.9376001358032227], "epochs": 108}
2021-10-14 11:43:30,892 INFO {"solution": [0, 0, 1, 1, 1, 1, 0, 0, 0, 1, 0, 0, 0, 0, 1, 0, 1, 0, 0, 0, 1, "conv1x1-bn-relu", "conv1x1-bn-relu", "conv3x3-bn-relu", "conv1x1-bn-relu", "conv1x1-bn-relu"], "test_accuracy": [0.9353966116905212], "epochs": 108}
2021-10-14 11:43:38,026 INFO {"solution": [0, 0, 1, 1, 1, 1, 0, 0, 0, 0, 0, 1, 1, 0, 0, 1, 1, 0, 1, 0, 1, "maxpool3x3", "maxpool3x3", "conv3x3-bn-relu", "conv1x1-bn-relu", "conv3x3-bn-relu"], "test_accuracy": [0.9412059187889099], "epochs": 108}
2021-10-14 11:33:46,930 INFO {"solution": [0, 1, 1, 0, 1, 1, 0, 0, 1, 1, 0, 1, 0, 1, 0, 0, 1, 0, 0, 0, 1, "conv3x3-bn-relu", "conv3x3-bn-relu", "conv1x1-bn-relu", "conv3x3-bn-relu", "conv3x3-bn-relu"], "test_accuracy": [0.9348958134651184], "epochs": 108}
2021-10-14 11:43:45,214 INFO {"solution": [1, 1, 0, 1, 0, 1, 1, 1, 0, 0, 0, 1, 0, 1, 0, 1, 1, 0, 1, 1, 0, "conv3x3-bn-relu", "maxpool3x3", "conv1x1-bn-relu", "conv3x3-bn-relu", "conv1x1-bn-relu"], "test_accuracy": [0.9391025900840759], "epochs": 108}
2021-10-14 11:43:52,476 INFO {"solution": [0, 0, 0, 1, 1, 1, 1, 0, 1, 1, 0, 1, 1, 0, 0, 0, 1, 0, 1, 0, 1, "conv1x1-bn-relu", "conv1x1-bn-relu", "maxpool3x3", "conv3x3-bn-relu", "conv1x1-bn-relu"], "test_accuracy": [0.9378004670143127], "epochs": 108}
2021-10-14 11:43:59,744 INFO {"solution": [1, 0, 1, 0, 1, 1, 1, 0, 0, 1, 0, 1, 0, 0, 0, 1, 1, 0, 0, 0, 1, "conv3x3-bn-relu", "conv3x3-bn-relu", "conv3x3-bn-relu", "conv1x1-bn-relu", "conv3x3-bn-relu"], "test_accuracy": [0.9420071840286255], "epochs": 108}
2021-10-14 11:44:07,030 INFO {"solution": [0, 1, 1, 1, 0, 1, 1, 1, 1, 1, 1, 0, 0, 1, 0, 1, 0, 0, 1, 0, 1, "conv3x3-bn-relu", "conv3x3-bn-relu", "conv3x3-bn-relu", "conv3x3-bn-relu", "conv3x3-bn-relu"], "test_accuracy": [0.9407051205635071], "epochs": 108}
2021-10-14 11:44:14,202 INFO {"solution": [1, 1, 1, 1, 0, 1, 1, 0, 0, 0, 0, 0, 1, 0, 0, 1, 1, 0, 0, 1, 0, "conv3x3-bn-relu", "conv3x3-bn-relu", "conv3x3-bn-relu", "conv3x3-bn-relu", "conv3x3-bn-relu"], "test_accuracy": [0.9438101053237915], "epochs": 108}
2021-10-14 11:44:21,199 INFO {"solution": [1, 0, 1, 1, 1, 1, 0, 0, 0, 1, 0, 1, 1, 1, 1, 1, 0, 0, 1, 0, 1, "conv3x3-bn-relu", "maxpool3x3", "conv3x3-bn-relu", "conv3x3-bn-relu", "conv3x3-bn-relu"], "test_accuracy": [0.9438101053237915], "epochs": 108}
2021-10-14 11:44:28,199 INFO {"solution": [1, 1, 1, 1, 1, 1, 1, 0, 0, 0, 0, 1, 0, 0, 0, 0, 1, 0, 0, 0, 1, "conv3x3-bn-relu", "conv3x3-bn-relu", "conv3x3-bn-relu", "maxpool3x3", "conv1x1-bn-relu"], "test_accuracy": [0.9416065812110901], "epochs": 108}
2021-10-14 11:44:35,837 INFO {"solution": [1, 1, 1, 1, 1, 1, 1, 0, 0, 0, 0, 1, 0, 0, 0, 1, 0, 0, 0, 1, 0, "conv3x3-bn-relu", "conv3x3-bn-relu", "conv3x3-bn-relu", "conv1x1-bn-relu", "maxpool3x3"], "test_accuracy": [0.9416065812110901], "epochs": 108}
2021-10-14 11:44:43,165 INFO {"solution": [1, 1, 0, 1, 1, 1, 1, 0, 1, 1, 0, 0, 1, 1, 0, 0, 0, 0, 0, 1, 0, "conv3x3-bn-relu", "conv1x1-bn-relu", "maxpool3x3", "conv3x3-bn-relu", "conv1x1-bn-relu"], "test_accuracy": [0.9376001358032227], "epochs": 108}
2021-10-14 11:44:50,455 INFO {"solution": [0, 1, 1, 1, 1, 1, 0, 1, 0, 0, 1, 1, 1, 0, 0, 1, 1, 0, 0, 1, 0, "conv1x1-bn-relu", "conv3x3-bn-relu", "conv1x1-bn-relu", "conv3x3-bn-relu", "maxpool3x3"], "test_accuracy": [0.9412059187889099], "epochs": 108}
